#
# A fatal error has been detected by the Java Runtime Environment:
#
#  Internal Error (sharedRuntime.cpp:2370), pid=11924, tid=7876
#  Error: ShouldNotReachHere()
#
# JRE version: Java(TM) SE Runtime Environment (17.0.1+12) (build 17.0.1+12-LTS-39)
# Java VM: Java HotSpot(TM) 64-Bit Server VM (17.0.1+12-LTS-39, mixed mode, emulated-client, sharing, tiered, compressed oops, compressed class ptrs, g1 gc, windows-amd64)
# No core dump will be written. Minidumps are not enabled by default on client versions of Windows
#
# If you would like to submit a bug report, please visit:
#   https://bugreport.java.com/bugreport/crash.jsp
#

---------------  S U M M A R Y ------------

Command Line: -XX:TieredStopAtLevel=1 -Dspring.output.ansi.enabled=always -Dcom.sun.management.jmxremote -Dspring.jmx.enabled=true -Dspring.liveBeansView.mbeanDomain -Dspring.application.admin.enabled=true -Dmanagement.endpoints.jmx.exposure.include=* -javaagent:C:\Program Files\JetBrains\IntelliJ IDEA 2023.1\lib\idea_rt.jar=9752:C:\Program Files\JetBrains\IntelliJ IDEA 2023.1\bin -Dfile.encoding=UTF-8 com.example.demo.DemoApplication

Host: 11th Gen Intel(R) Core(TM) i5-11400 @ 2.60GHz, 12 cores, 15G,  Windows 10 , 64 bit Build 22621 (10.0.22621.4391)
Time: Sun Dec  8 16:28:10 2024 Iran Standard Time elapsed time: 3.138750 seconds (0d 0h 0m 3s)

---------------  T H R E A D  ---------------

Current thread (0x000002141cc55990):  JavaThread "main" [_thread_in_vm, id=7876, stack(0x0000004fa0d00000,0x0000004fa0e00000)]

Stack: [0x0000004fa0d00000,0x0000004fa0e00000]
Native frames: (J=compiled Java code, j=interpreted, Vv=VM code, C=native code)
V  [jvm.dll+0x66fa1a]
V  [jvm.dll+0x7ce5a4]
V  [jvm.dll+0x7cfd4e]
V  [jvm.dll+0x7d0367]
V  [jvm.dll+0x242a6c]
V  [jvm.dll+0x2429b3]
V  [jvm.dll+0x6d3630]
V  [jvm.dll+0x6d5fc3]
V  [jvm.dll+0x622d97]
V  [jvm.dll+0x36c253]
V  [jvm.dll+0x36c06b]
V  [jvm.dll+0x36b382]
V  [jvm.dll+0x36b328]
V  [jvm.dll+0x37b00a]
C  0x0000021424459aed

Java frames: (J=compiled Java code, j=interpreted, Vv=VM code)
j  org.hibernate.metamodel.mapping.internal.MappingModelCreationHelper.buildSingularAssociationAttributeMapping(Ljava/lang/String;Lorg/hibernate/metamodel/model/domain/NavigableRole;IILorg/hibernate/mapping/Property;Lorg/hibernate/metamodel/mapping/ManagedMappingType;Lorg/hibernate/persister/entity/EntityPersister;Lorg/hibernate/type/EntityType;Lorg/hibernate/property/access/spi/PropertyAccess;Lorg/hibernate/engine/spi/CascadeStyle;Lorg/hibernate/metamodel/mapping/internal/MappingModelCreationProcess;Ljava/util/function/Function;)Lorg/hibernate/metamodel/mapping/internal/ToOneAttributeMapping;+329
j  org.hibernate.metamodel.mapping.internal.MappingModelCreationHelper.buildSingularAssociationAttributeMapping(Ljava/lang/String;Lorg/hibernate/metamodel/model/domain/NavigableRole;IILorg/hibernate/mapping/Property;Lorg/hibernate/metamodel/mapping/ManagedMappingType;Lorg/hibernate/persister/entity/EntityPersister;Lorg/hibernate/type/EntityType;Lorg/hibernate/property/access/spi/PropertyAccess;Lorg/hibernate/engine/spi/CascadeStyle;Lorg/hibernate/metamodel/mapping/internal/MappingModelCreationProcess;)Lorg/hibernate/metamodel/mapping/internal/ToOneAttributeMapping;+21
j  org.hibernate.persister.entity.AbstractEntityPersister.buildSingularAssociationAttributeMapping(Ljava/lang/String;Lorg/hibernate/metamodel/model/domain/NavigableRole;IILorg/hibernate/mapping/Property;Lorg/hibernate/metamodel/mapping/ManagedMappingType;Lorg/hibernate/persister/entity/EntityPersister;Lorg/hibernate/type/EntityType;Lorg/hibernate/property/access/spi/PropertyAccess;Lorg/hibernate/engine/spi/CascadeStyle;Lorg/hibernate/metamodel/mapping/internal/MappingModelCreationProcess;)Lorg/hibernate/metamodel/mapping/AttributeMapping;+19
j  org.hibernate.persister.entity.AbstractEntityPersister.generateNonIdAttributeMapping(Lorg/hibernate/tuple/NonIdentifierAttribute;Lorg/hibernate/mapping/Property;IILorg/hibernate/metamodel/mapping/internal/MappingModelCreationProcess;)Lorg/hibernate/metamodel/mapping/AttributeMapping;+950
j  org.hibernate.persister.entity.AbstractEntityPersister.prepareMappingModel(Lorg/hibernate/metamodel/mapping/internal/MappingModelCreationProcess;)V+305
j  org.hibernate.metamodel.mapping.internal.MappingModelCreationProcess.execute()V+96
j  org.hibernate.metamodel.mapping.internal.MappingModelCreationProcess.process(Lorg/hibernate/metamodel/model/domain/internal/EntityPersisterConcurrentMap;Lorg/hibernate/metamodel/spi/RuntimeModelCreationContext;)V+11
j  org.hibernate.metamodel.model.domain.internal.MappingMetamodelImpl.finishInitialization(Lorg/hibernate/metamodel/spi/RuntimeModelCreationContext;)V+112
j  org.hibernate.internal.SessionFactoryImpl.initializeMappingModel(Lorg/hibernate/metamodel/model/domain/internal/MappingMetamodelImpl;Lorg/hibernate/boot/spi/BootstrapContext;Lorg/hibernate/boot/spi/MetadataImplementor;Lorg/hibernate/boot/spi/SessionFactoryOptions;)V+18
j  org.hibernate.internal.SessionFactoryImpl.<init>(Lorg/hibernate/boot/spi/MetadataImplementor;Lorg/hibernate/boot/spi/SessionFactoryOptions;Lorg/hibernate/boot/spi/BootstrapContext;)V+599
j  org.hibernate.boot.internal.SessionFactoryBuilderImpl.build()Lorg/hibernate/SessionFactory;+16
j  org.hibernate.jpa.boot.internal.EntityManagerFactoryBuilderImpl.build()Ljakarta/persistence/EntityManagerFactory;+22
j  org.springframework.orm.jpa.vendor.SpringHibernateJpaPersistenceProvider.createContainerEntityManagerFactory(Ljakarta/persistence/spi/PersistenceUnitInfo;Ljava/util/Map;)Ljakarta/persistence/EntityManagerFactory;+59
j  org.springframework.orm.jpa.LocalContainerEntityManagerFactoryBean.createNativeEntityManagerFactory()Ljakarta/persistence/EntityManagerFactory;+111
j  org.springframework.orm.jpa.AbstractEntityManagerFactoryBean.buildNativeEntityManagerFactory()Ljakarta/persistence/EntityManagerFactory;+1
j  org.springframework.orm.jpa.AbstractEntityManagerFactoryBean.afterPropertiesSet()V+192
j  org.springframework.orm.jpa.LocalContainerEntityManagerFactoryBean.afterPropertiesSet()V+84
j  org.springframework.beans.factory.support.AbstractAutowireCapableBeanFactory.invokeInitMethods(Ljava/lang/String;Ljava/lang/Object;Lorg/springframework/beans/factory/support/RootBeanDefinition;)V+56
j  org.springframework.beans.factory.support.AbstractAutowireCapableBeanFactory.initializeBean(Ljava/lang/String;Ljava/lang/Object;Lorg/springframework/beans/factory/support/RootBeanDefinition;)Ljava/lang/Object;+34
j  org.springframework.beans.factory.support.AbstractAutowireCapableBeanFactory.doCreateBean(Ljava/lang/String;Lorg/springframework/beans/factory/support/RootBeanDefinition;[Ljava/lang/Object;)Ljava/lang/Object;+228
j  org.springframework.beans.factory.support.AbstractAutowireCapableBeanFactory.createBean(Ljava/lang/String;Lorg/springframework/beans/factory/support/RootBeanDefinition;[Ljava/lang/Object;)Ljava/lang/Object;+153
j  org.springframework.beans.factory.support.AbstractBeanFactory.lambda$doGetBean$0(Ljava/lang/String;Lorg/springframework/beans/factory/support/RootBeanDefinition;[Ljava/lang/Object;)Ljava/lang/Object;+4
j  org.springframework.beans.factory.support.AbstractBeanFactory$$Lambda$322+0x0000000800e0f628.getObject()Ljava/lang/Object;+16
j  org.springframework.beans.factory.support.DefaultSingletonBeanRegistry.getSingleton(Ljava/lang/String;Lorg/springframework/beans/factory/ObjectFactory;)Ljava/lang/Object;+114
J 2628 c1 org.springframework.beans.factory.support.AbstractBeanFactory.doGetBean(Ljava/lang/String;Ljava/lang/Class;[Ljava/lang/Object;Z)Ljava/lang/Object; (787 bytes) @ 0x0000021424afae04 [0x0000021424afa800+0x0000000000000604]
J 2632 c1 org.springframework.beans.factory.support.AbstractBeanFactory.getBean(Ljava/lang/String;Ljava/lang/Class;)Ljava/lang/Object; (9 bytes) @ 0x0000021424af5b64 [0x0000021424af5b20+0x0000000000000044]
j  org.springframework.context.support.AbstractApplicationContext.finishBeanFactoryInitialization(Lorg/springframework/beans/factory/config/ConfigurableListableBeanFactory;)V+109
j  org.springframework.context.support.AbstractApplicationContext.refresh()V+94
j  org.springframework.boot.web.servlet.context.ServletWebServerApplicationContext.refresh()V+1
j  org.springframework.boot.SpringApplication.refresh(Lorg/springframework/context/ConfigurableApplicationContext;)V+1
j  org.springframework.boot.SpringApplication.refreshContext(Lorg/springframework/context/ConfigurableApplicationContext;)V+16
j  org.springframework.boot.SpringApplication.run([Ljava/lang/String;)Lorg/springframework/context/ConfigurableApplicationContext;+110
j  org.springframework.boot.SpringApplication.run([Ljava/lang/Class;[Ljava/lang/String;)Lorg/springframework/context/ConfigurableApplicationContext;+9
j  org.springframework.boot.SpringApplication.run(Ljava/lang/Class;[Ljava/lang/String;)Lorg/springframework/context/ConfigurableApplicationContext;+9
j  com.example.demo.DemoApplication.main([Ljava/lang/String;)V+3
v  ~StubRoutines::call_stub

---------------  P R O C E S S  ---------------

Threads class SMR info:
_java_thread_list=0x0000021436de64a0, length=24, elements={
0x000002141cc55990, 0x0000021433b3cdb0, 0x0000021433b3d760, 0x000002143440c990,
0x000002143440d250, 0x000002143440dd20, 0x00000214344105f0, 0x0000021434410eb0,
0x00000214344121d0, 0x0000021433b24e90, 0x0000021434500a90, 0x0000021434500fa0,
0x00000214345034c0, 0x00000214347fa0c0, 0x00000214347fa990, 0x0000021434c61300,
0x00000214367d25d0, 0x00000214367d2aa0, 0x0000021436988030, 0x0000021436cd8870,
0x0000021436e4a040, 0x0000021436ecd990, 0x0000021436ed06c0, 0x0000021436e586b0
}

Java Threads: ( => current thread )
=>0x000002141cc55990 JavaThread "main" [_thread_in_vm, id=7876, stack(0x0000004fa0d00000,0x0000004fa0e00000)]
  0x0000021433b3cdb0 JavaThread "Reference Handler" daemon [_thread_blocked, id=15512, stack(0x0000004fa1400000,0x0000004fa1500000)]
  0x0000021433b3d760 JavaThread "Finalizer" daemon [_thread_blocked, id=8548, stack(0x0000004fa1500000,0x0000004fa1600000)]
  0x000002143440c990 JavaThread "Signal Dispatcher" daemon [_thread_blocked, id=5692, stack(0x0000004fa1600000,0x0000004fa1700000)]
  0x000002143440d250 JavaThread "Attach Listener" daemon [_thread_blocked, id=14072, stack(0x0000004fa1700000,0x0000004fa1800000)]
  0x000002143440dd20 JavaThread "Service Thread" daemon [_thread_blocked, id=15096, stack(0x0000004fa1800000,0x0000004fa1900000)]
  0x00000214344105f0 JavaThread "Monitor Deflation Thread" daemon [_thread_blocked, id=12880, stack(0x0000004fa1900000,0x0000004fa1a00000)]
  0x0000021434410eb0 JavaThread "C1 CompilerThread0" daemon [_thread_blocked, id=2912, stack(0x0000004fa1a00000,0x0000004fa1b00000)]
  0x00000214344121d0 JavaThread "Sweeper thread" daemon [_thread_blocked, id=8280, stack(0x0000004fa1b00000,0x0000004fa1c00000)]
  0x0000021433b24e90 JavaThread "Common-Cleaner" daemon [_thread_blocked, id=5936, stack(0x0000004fa1c00000,0x0000004fa1d00000)]
  0x0000021434500a90 JavaThread "C1 CompilerThread1" daemon [_thread_blocked, id=2612, stack(0x0000004fa1d00000,0x0000004fa1e00000)]
  0x0000021434500fa0 JavaThread "C1 CompilerThread2" daemon [_thread_blocked, id=9544, stack(0x0000004fa1e00000,0x0000004fa1f00000)]
  0x00000214345034c0 JavaThread "C1 CompilerThread3" daemon [_thread_blocked, id=10320, stack(0x0000004fa1f00000,0x0000004fa2000000)]
  0x00000214347fa0c0 JavaThread "Monitor Ctrl-Break" daemon [_thread_in_native, id=10340, stack(0x0000004fa2000000,0x0000004fa2100000)]
  0x00000214347fa990 JavaThread "Notification Thread" daemon [_thread_blocked, id=15736, stack(0x0000004fa2100000,0x0000004fa2200000)]
  0x0000021434c61300 JavaThread "RMI TCP Accept-0" daemon [_thread_in_native, id=12836, stack(0x0000004fa2200000,0x0000004fa2300000)]
  0x00000214367d25d0 JavaThread "Catalina-utility-1" [_thread_blocked, id=7800, stack(0x0000004fa2a00000,0x0000004fa2b00000)]
  0x00000214367d2aa0 JavaThread "Catalina-utility-2" [_thread_blocked, id=15264, stack(0x0000004fa3000000,0x0000004fa3100000)]
  0x0000021436988030 JavaThread "container-0" [_thread_blocked, id=2092, stack(0x0000004fa3100000,0x0000004fa3200000)]
  0x0000021436cd8870 JavaThread "oracle.jdbc.driver.BlockSource.ThreadedCachingBlockSource.BlockReleaser" daemon [_thread_blocked, id=6436, stack(0x0000004fa3200000,0x0000004fa3300000)]
  0x0000021436e4a040 JavaThread "InterruptTimer" daemon [_thread_blocked, id=7064, stack(0x0000004fa3300000,0x0000004fa3400000)]
  0x0000021436ecd990 JavaThread "OJDBC-WORKER-THREAD-1" daemon [_thread_blocked, id=13108, stack(0x0000004fa3400000,0x0000004fa3500000)]
  0x0000021436ed06c0 JavaThread "HikariPool-1 housekeeper" daemon [_thread_blocked, id=13888, stack(0x0000004fa3500000,0x0000004fa3600000)]
  0x0000021436e586b0 JavaThread "HikariPool-1 connection adder" daemon [_thread_in_native, id=144, stack(0x0000004fa3600000,0x0000004fa3700000)]

Other Threads:
  0x0000021433b36400 VMThread "VM Thread" [stack: 0x0000004fa1300000,0x0000004fa1400000] [id=16104]
  0x000002141ccbd6b0 WatcherThread [stack: 0x0000004fa2300000,0x0000004fa2400000] [id=13156]
  0x000002141cca4ef0 GCTaskThread "GC Thread#0" [stack: 0x0000004fa0e00000,0x0000004fa0f00000] [id=4360]
  0x0000021434e2d490 GCTaskThread "GC Thread#1" [stack: 0x0000004fa2400000,0x0000004fa2500000] [id=8196]
  0x0000021434ea5a00 GCTaskThread "GC Thread#2" [stack: 0x0000004fa2500000,0x0000004fa2600000] [id=12772]
  0x0000021434ea62c0 GCTaskThread "GC Thread#3" [stack: 0x0000004fa2600000,0x0000004fa2700000] [id=9044]
  0x0000021434ea8560 GCTaskThread "GC Thread#4" [stack: 0x0000004fa2700000,0x0000004fa2800000] [id=12152]
  0x0000021434ea7d50 GCTaskThread "GC Thread#5" [stack: 0x0000004fa2800000,0x0000004fa2900000] [id=9476]
  0x0000021434ea7290 GCTaskThread "GC Thread#6" [stack: 0x0000004fa2900000,0x0000004fa2a00000] [id=1388]
  0x0000021434ea82b0 GCTaskThread "GC Thread#7" [stack: 0x0000004fa2b00000,0x0000004fa2c00000] [id=8004]
  0x0000021434ea8ac0 GCTaskThread "GC Thread#8" [stack: 0x0000004fa2c00000,0x0000004fa2d00000] [id=6980]
  0x0000021434ea7540 GCTaskThread "GC Thread#9" [stack: 0x0000004fa2d00000,0x0000004fa2e00000] [id=10976]
  0x000002141ccb5ab0 ConcurrentGCThread "G1 Main Marker" [stack: 0x0000004fa0f00000,0x0000004fa1000000] [id=12692]
  0x000002141ccb6b60 ConcurrentGCThread "G1 Conc#0" [stack: 0x0000004fa1000000,0x0000004fa1100000] [id=11576]
  0x0000021434ea8000 ConcurrentGCThread "G1 Conc#1" [stack: 0x0000004fa2e00000,0x0000004fa2f00000] [id=15948]
  0x0000021434ea6fe0 ConcurrentGCThread "G1 Conc#2" [stack: 0x0000004fa2f00000,0x0000004fa3000000] [id=1684]
  0x00000214339ec270 ConcurrentGCThread "G1 Refine#0" [stack: 0x0000004fa1100000,0x0000004fa1200000] [id=15876]
  0x00000214339ecb90 ConcurrentGCThread "G1 Service" [stack: 0x0000004fa1200000,0x0000004fa1300000] [id=11164]

Threads with active compile tasks:

VM state: not at safepoint (normal execution)

VM Mutex/Monitor currently owned by a thread:  ([mutex/lock_event])
[0x000002141cc522f0] AdapterHandlerLibrary_lock - owner thread: 0x000002141cc55990

Heap address: 0x0000000702800000, size: 4056 MB, Compressed Oops mode: Zero based, Oop shift amount: 3

CDS archive(s) mapped at: [0x0000000800000000-0x0000000800bc0000-0x0000000800bc0000), size 12320768, SharedBaseAddress: 0x0000000800000000, ArchiveRelocationMode: 0.
Compressed class space mapped at: 0x0000000800c00000-0x0000000840c00000, reserved size: 1073741824
Narrow klass base: 0x0000000800000000, Narrow klass shift: 0, Narrow klass range: 0x100000000

GC Precious Log:
 CPUs: 12 total, 12 available
 Memory: 16220M
 Large Page Support: Disabled
 NUMA Support: Disabled
 Compressed Oops: Enabled (Zero based)
 Heap Region Size: 2M
 Heap Min Capacity: 8M
 Heap Initial Capacity: 254M
 Heap Max Capacity: 4056M
 Pre-touch: Disabled
 Parallel Workers: 10
 Concurrent Workers: 3
 Concurrent Refinement Workers: 10
 Periodic GC: Disabled

Heap:
 garbage-first heap   total 75776K, used 43329K [0x0000000702800000, 0x0000000800000000)
  region size 2048K, 12 young (24576K), 1 survivors (2048K)
 Metaspace       used 58416K, committed 59008K, reserved 1105920K
  class space    used 8376K, committed 8640K, reserved 1048576K

Heap Regions: E=young(eden), S=young(survivor), O=old, HS=humongous(starts), HC=humongous(continues), CS=collection set, F=free, OA=open archive, CA=closed archive, TAMS=top-at-mark-start (previous, next)
|   0|0x0000000702800000, 0x0000000702a00000, 0x0000000702a00000|100%| O|  |TAMS 0x0000000702a00000, 0x0000000702800000| Untracked 
|   1|0x0000000702a00000, 0x0000000702c00000, 0x0000000702c00000|100%| O|  |TAMS 0x0000000702c00000, 0x0000000702a00000| Untracked 
|   2|0x0000000702c00000, 0x0000000702e00000, 0x0000000702e00000|100%| O|  |TAMS 0x0000000702e00000, 0x0000000702c00000| Untracked 
|   3|0x0000000702e00000, 0x0000000702e00000, 0x0000000703000000|  0%| F|  |TAMS 0x0000000702e00000, 0x0000000702e00000| Untracked 
|   4|0x0000000703000000, 0x0000000703200000, 0x0000000703200000|100%| O|  |TAMS 0x0000000703200000, 0x0000000703000000| Untracked 
|   5|0x0000000703200000, 0x0000000703400000, 0x0000000703400000|100%| O|  |TAMS 0x0000000703400000, 0x0000000703200000| Untracked 
|   6|0x0000000703400000, 0x0000000703600000, 0x0000000703600000|100%| O|  |TAMS 0x0000000703400000, 0x0000000703400000| Untracked 
|   7|0x0000000703600000, 0x0000000703800000, 0x0000000703800000|100%| O|  |TAMS 0x0000000703600000, 0x0000000703600000| Untracked 
|   8|0x0000000703800000, 0x00000007038d1000, 0x0000000703a00000| 40%| O|  |TAMS 0x0000000703800000, 0x0000000703800000| Untracked 
|   9|0x0000000703a00000, 0x0000000703a00000, 0x0000000703c00000|  0%| F|  |TAMS 0x0000000703a00000, 0x0000000703a00000| Untracked 
|  10|0x0000000703c00000, 0x0000000703e00000, 0x0000000703e00000|100%| O|  |TAMS 0x0000000703e00000, 0x0000000703c00000| Untracked 
|  11|0x0000000703e00000, 0x0000000704000000, 0x0000000704000000|100%| O|  |TAMS 0x0000000704000000, 0x0000000703e00000| Untracked 
|  12|0x0000000704000000, 0x0000000704200000, 0x0000000704200000|100%| O|  |TAMS 0x0000000704200000, 0x0000000704000000| Untracked 
|  13|0x0000000704200000, 0x0000000704200000, 0x0000000704400000|  0%| F|  |TAMS 0x0000000704200000, 0x0000000704200000| Untracked 
|  14|0x0000000704400000, 0x0000000704400000, 0x0000000704600000|  0%| F|  |TAMS 0x0000000704400000, 0x0000000704400000| Untracked 
|  15|0x0000000704600000, 0x0000000704600000, 0x0000000704800000|  0%| F|  |TAMS 0x0000000704600000, 0x0000000704600000| Untracked 
|  16|0x0000000704800000, 0x0000000704800000, 0x0000000704a00000|  0%| F|  |TAMS 0x0000000704800000, 0x0000000704800000| Untracked 
|  17|0x0000000704a00000, 0x0000000704a00000, 0x0000000704c00000|  0%| F|  |TAMS 0x0000000704a00000, 0x0000000704a00000| Untracked 
|  18|0x0000000704c00000, 0x0000000704d7f460, 0x0000000704e00000| 74%| S|CS|TAMS 0x0000000704c00000, 0x0000000704c00000| Complete 
|  19|0x0000000704e00000, 0x0000000704e00000, 0x0000000705000000|  0%| F|  |TAMS 0x0000000704e00000, 0x0000000704e00000| Untracked 
|  20|0x0000000705000000, 0x0000000705000000, 0x0000000705200000|  0%| F|  |TAMS 0x0000000705000000, 0x0000000705000000| Untracked 
|  21|0x0000000705200000, 0x0000000705200000, 0x0000000705400000|  0%| F|  |TAMS 0x0000000705200000, 0x0000000705200000| Untracked 
|  22|0x0000000705400000, 0x0000000705400000, 0x0000000705600000|  0%| F|  |TAMS 0x0000000705400000, 0x0000000705400000| Untracked 
|  23|0x0000000705600000, 0x0000000705600000, 0x0000000705800000|  0%| F|  |TAMS 0x0000000705600000, 0x0000000705600000| Untracked 
|  24|0x0000000705800000, 0x0000000705800000, 0x0000000705a00000|  0%| F|  |TAMS 0x0000000705800000, 0x0000000705800000| Untracked 
|  25|0x0000000705a00000, 0x0000000705a00000, 0x0000000705c00000|  0%| F|  |TAMS 0x0000000705a00000, 0x0000000705a00000| Untracked 
|  26|0x0000000705c00000, 0x0000000705ce8320, 0x0000000705e00000| 45%| E|  |TAMS 0x0000000705c00000, 0x0000000705c00000| Complete 
|  27|0x0000000705e00000, 0x0000000706000000, 0x0000000706000000|100%| E|CS|TAMS 0x0000000705e00000, 0x0000000705e00000| Complete 
|  28|0x0000000706000000, 0x0000000706200000, 0x0000000706200000|100%| E|CS|TAMS 0x0000000706000000, 0x0000000706000000| Complete 
|  29|0x0000000706200000, 0x0000000706400000, 0x0000000706400000|100%| E|CS|TAMS 0x0000000706200000, 0x0000000706200000| Complete 
|  30|0x0000000706400000, 0x0000000706600000, 0x0000000706600000|100%| E|CS|TAMS 0x0000000706400000, 0x0000000706400000| Complete 
|  31|0x0000000706600000, 0x0000000706800000, 0x0000000706800000|100%| E|CS|TAMS 0x0000000706600000, 0x0000000706600000| Complete 
|  32|0x0000000706800000, 0x0000000706a00000, 0x0000000706a00000|100%| E|CS|TAMS 0x0000000706800000, 0x0000000706800000| Complete 
|  33|0x0000000706a00000, 0x0000000706c00000, 0x0000000706c00000|100%| E|CS|TAMS 0x0000000706a00000, 0x0000000706a00000| Complete 
|  34|0x0000000706c00000, 0x0000000706e00000, 0x0000000706e00000|100%| E|CS|TAMS 0x0000000706c00000, 0x0000000706c00000| Complete 
|  73|0x000000070ba00000, 0x000000070bc00000, 0x000000070bc00000|100%| E|CS|TAMS 0x000000070ba00000, 0x000000070ba00000| Complete 
| 126|0x0000000712400000, 0x0000000712600000, 0x0000000712600000|100%| E|CS|TAMS 0x0000000712400000, 0x0000000712400000| Complete 

Card table byte_map: [0x0000021427f60000,0x0000021428750000] _byte_map_base: 0x000002142474c000

Marking Bits (Prev, Next): (CMBitMap*) 0x000002141cca5400, (CMBitMap*) 0x000002141cca5440
 Prev Bits: [0x0000021428f40000, 0x000002142cea0000)
 Next Bits: [0x000002142cea0000, 0x0000021430e00000)

Polling page: 0x000002141ac40000

Metaspace:

Usage:
  Non-class:     48.87 MB used.
      Class:      8.18 MB used.
       Both:     57.05 MB used.

Virtual space:
  Non-class space:       56.00 MB reserved,      49.19 MB ( 88%) committed,  7 nodes.
      Class space:        1.00 GB reserved,       8.44 MB ( <1%) committed,  1 nodes.
             Both:        1.05 GB reserved,      57.62 MB (  5%) committed. 

Chunk freelists:
   Non-Class:  2.67 MB
       Class:  3.61 MB
        Both:  6.28 MB

MaxMetaspaceSize: unlimited
CompressedClassSpaceSize: 1.00 GB
Initial GC threshold: 21.00 MB
Current GC threshold: 59.06 MB
CDS: on
MetaspaceReclaimPolicy: balanced
 - commit_granule_bytes: 65536.
 - commit_granule_words: 8192.
 - virtual_space_node_default_size: 1048576.
 - enlarge_chunks_in_place: 1.
 - new_chunks_are_fully_committed: 0.
 - uncommit_free_chunks: 1.
 - use_allocation_guard: 0.
 - handle_deallocations: 1.


Internal statistics:

num_allocs_failed_limit: 6.
num_arena_births: 666.
num_arena_deaths: 0.
num_vsnodes_births: 8.
num_vsnodes_deaths: 0.
num_space_committed: 922.
num_space_uncommitted: 0.
num_chunks_returned_to_freelist: 6.
num_chunks_taken_from_freelist: 2738.
num_chunk_merges: 6.
num_chunk_splits: 2044.
num_chunks_enlarged: 1622.
num_purges: 0.
num_inconsistent_stats: 0.

CodeCache: size=49152Kb used=10432Kb max_used=10432Kb free=38719Kb
 bounds [0x0000021424440000, 0x0000021424e80000, 0x0000021427440000]
 total_blobs=5539 nmethods=4872 adapters=591
 compilation: enabled
              stopped_count=0, restarted_count=0
 full_count=0

Compilation events (20 events):
Event: 3.117 Thread 0x00000214345034c0 4862       1       net.bytebuddy.jar.asm.MethodWriter::visitVarInsn (302 bytes)
Event: 3.117 Thread 0x00000214345034c0 nmethod 4862 0x0000021424e6bb90 code [0x0000021424e6bda0, 0x0000021424e6c258]
Event: 3.117 Thread 0x0000021434410eb0 4863       1       org.hibernate.internal.util.collections.JoinedList$$Lambda$948/0x00000008012ef610::apply (13 bytes)
Event: 3.117 Thread 0x00000214345034c0 4864       1       java.util.stream.ReduceOps$1ReducingSink::accept (19 bytes)
Event: 3.117 Thread 0x0000021434500a90 4865       1       org.hibernate.internal.util.collections.JoinedList$$Lambda$949/0x00000008012ef848::apply (21 bytes)
Event: 3.117 Thread 0x0000021434500fa0 4866       1       java.lang.Integer::sum (4 bytes)
Event: 3.118 Thread 0x00000214345034c0 nmethod 4864 0x0000021424e6c510 code [0x0000021424e6c6a0, 0x0000021424e6c808]
Event: 3.118 Thread 0x0000021434500fa0 nmethod 4866 0x0000021424e6c890 code [0x0000021424e6ca20, 0x0000021424e6cad8]
Event: 3.118 Thread 0x0000021434410eb0 nmethod 4863 0x0000021424e6cb90 code [0x0000021424e6cd40, 0x0000021424e6cf48]
Event: 3.118 Thread 0x0000021434500a90 nmethod 4865 0x0000021424e6d090 code [0x0000021424e6d240, 0x0000021424e6d458]
Event: 3.124 Thread 0x0000021434500a90 4867       1       org.hibernate.type.AbstractStandardBasicType::getJdbcType (5 bytes)
Event: 3.124 Thread 0x0000021434500a90 nmethod 4867 0x0000021424e6d590 code [0x0000021424e6d720, 0x0000021424e6d7f8]
Event: 3.127 Thread 0x0000021434500fa0 4869       1       jdk.internal.misc.CDS::isDumpingClassList (4 bytes)
Event: 3.127 Thread 0x0000021434500fa0 nmethod 4869 0x0000021424e6de90 code [0x0000021424e6e020, 0x0000021424e6e0d8]
Event: 3.135 Thread 0x0000021434410eb0 4870       1       java.util.Arrays::fill (21 bytes)
Event: 3.136 Thread 0x0000021434500fa0 4871       1       com.sun.crypto.provider.AESCrypt::expandToSubKey (139 bytes)
Event: 3.136 Thread 0x0000021434410eb0 nmethod 4870 0x0000021424e6f010 code [0x0000021424e6f1a0, 0x0000021424e6f278]
Event: 3.136 Thread 0x0000021434500fa0 nmethod 4871 0x0000021424e6f310 code [0x0000021424e6f4c0, 0x0000021424e6f7b8]
Event: 3.136 Thread 0x0000021434500fa0 4872       1       oracle.jdbc.driver.T4CMAREngineNIO::marshalB1Array (78 bytes)
Event: 3.137 Thread 0x0000021434500fa0 nmethod 4872 0x0000021424e6fa10 code [0x0000021424e6fbe0, 0x0000021424e6fec8]

GC Heap History (20 events):
Event: 0.861 GC heap before
{Heap before GC invocations=2 (full 0):
 garbage-first heap   total 260096K, used 160459K [0x0000000702800000, 0x0000000800000000)
  region size 2048K, 76 young (155648K), 1 survivors (2048K)
 Metaspace       used 19602K, committed 19904K, reserved 1073152K
  class space    used 2684K, committed 2816K, reserved 1048576K
}
Event: 0.864 GC heap after
{Heap after GC invocations=3 (full 0):
 garbage-first heap   total 260096K, used 11701K [0x0000000702800000, 0x0000000800000000)
  region size 2048K, 3 young (6144K), 3 survivors (6144K)
 Metaspace       used 19602K, committed 19904K, reserved 1073152K
  class space    used 2684K, committed 2816K, reserved 1048576K
}
Event: 0.910 GC heap before
{Heap before GC invocations=3 (full 0):
 garbage-first heap   total 260096K, used 23989K [0x0000000702800000, 0x0000000800000000)
  region size 2048K, 11 young (22528K), 3 survivors (6144K)
 Metaspace       used 21279K, committed 21568K, reserved 1073152K
  class space    used 2919K, committed 3008K, reserved 1048576K
}
Event: 0.912 GC heap after
{Heap after GC invocations=4 (full 0):
 garbage-first heap   total 260096K, used 13015K [0x0000000702800000, 0x0000000800000000)
  region size 2048K, 3 young (6144K), 3 survivors (6144K)
 Metaspace       used 21279K, committed 21568K, reserved 1073152K
  class space    used 2919K, committed 3008K, reserved 1048576K
}
Event: 1.258 GC heap before
{Heap before GC invocations=5 (full 0):
 garbage-first heap   total 61440K, used 45783K [0x0000000702800000, 0x0000000800000000)
  region size 2048K, 20 young (40960K), 3 survivors (6144K)
 Metaspace       used 24944K, committed 25280K, reserved 1073152K
  class space    used 3485K, committed 3648K, reserved 1048576K
}
Event: 1.263 GC heap after
{Heap after GC invocations=6 (full 0):
 garbage-first heap   total 61440K, used 15212K [0x0000000702800000, 0x0000000800000000)
  region size 2048K, 4 young (8192K), 4 survivors (8192K)
 Metaspace       used 24944K, committed 25280K, reserved 1073152K
  class space    used 3485K, committed 3648K, reserved 1048576K
}
Event: 1.285 GC heap before
{Heap before GC invocations=6 (full 0):
 garbage-first heap   total 61440K, used 15212K [0x0000000702800000, 0x0000000800000000)
  region size 2048K, 5 young (10240K), 4 survivors (8192K)
 Metaspace       used 25253K, committed 25536K, reserved 1073152K
  class space    used 3531K, committed 3648K, reserved 1048576K
}
Event: 1.291 GC heap after
{Heap after GC invocations=7 (full 0):
 garbage-first heap   total 61440K, used 15954K [0x0000000702800000, 0x0000000800000000)
  region size 2048K, 1 young (2048K), 1 survivors (2048K)
 Metaspace       used 25253K, committed 25536K, reserved 1073152K
  class space    used 3531K, committed 3648K, reserved 1048576K
}
Event: 1.588 GC heap before
{Heap before GC invocations=7 (full 0):
 garbage-first heap   total 61440K, used 42578K [0x0000000702800000, 0x0000000800000000)
  region size 2048K, 14 young (28672K), 1 survivors (2048K)
 Metaspace       used 29774K, committed 30208K, reserved 1081344K
  class space    used 4186K, committed 4416K, reserved 1048576K
}
Event: 1.592 GC heap after
{Heap after GC invocations=8 (full 0):
 garbage-first heap   total 61440K, used 17751K [0x0000000702800000, 0x0000000800000000)
  region size 2048K, 2 young (4096K), 2 survivors (4096K)
 Metaspace       used 29774K, committed 30208K, reserved 1081344K
  class space    used 4186K, committed 4416K, reserved 1048576K
}
Event: 1.798 GC heap before
{Heap before GC invocations=8 (full 0):
 garbage-first heap   total 61440K, used 40279K [0x0000000702800000, 0x0000000800000000)
  region size 2048K, 14 young (28672K), 2 survivors (4096K)
 Metaspace       used 33583K, committed 34048K, reserved 1081344K
  class space    used 4695K, committed 4928K, reserved 1048576K
}
Event: 1.801 GC heap after
{Heap after GC invocations=9 (full 0):
 garbage-first heap   total 161792K, used 19108K [0x0000000702800000, 0x0000000800000000)
  region size 2048K, 1 young (2048K), 1 survivors (2048K)
 Metaspace       used 33583K, committed 34048K, reserved 1081344K
  class space    used 4695K, committed 4928K, reserved 1048576K
}
Event: 1.893 GC heap before
{Heap before GC invocations=9 (full 0):
 garbage-first heap   total 161792K, used 27300K [0x0000000702800000, 0x0000000800000000)
  region size 2048K, 6 young (12288K), 1 survivors (2048K)
 Metaspace       used 35681K, committed 36096K, reserved 1081344K
  class space    used 5028K, committed 5248K, reserved 1048576K
}
Event: 1.895 GC heap after
{Heap after GC invocations=10 (full 0):
 garbage-first heap   total 161792K, used 19376K [0x0000000702800000, 0x0000000800000000)
  region size 2048K, 1 young (2048K), 1 survivors (2048K)
 Metaspace       used 35681K, committed 36096K, reserved 1081344K
  class space    used 5028K, committed 5248K, reserved 1048576K
}
Event: 2.557 GC heap before
{Heap before GC invocations=11 (full 0):
 garbage-first heap   total 75776K, used 62384K [0x0000000702800000, 0x0000000800000000)
  region size 2048K, 22 young (45056K), 1 survivors (2048K)
 Metaspace       used 47123K, committed 47616K, reserved 1097728K
  class space    used 6638K, committed 6848K, reserved 1048576K
}
Event: 2.560 GC heap after
{Heap after GC invocations=12 (full 0):
 garbage-first heap   total 75776K, used 21601K [0x0000000702800000, 0x0000000800000000)
  region size 2048K, 2 young (4096K), 2 survivors (4096K)
 Metaspace       used 47123K, committed 47616K, reserved 1097728K
  class space    used 6638K, committed 6848K, reserved 1048576K
}
Event: 2.578 GC heap before
{Heap before GC invocations=12 (full 0):
 garbage-first heap   total 75776K, used 23649K [0x0000000702800000, 0x0000000800000000)
  region size 2048K, 3 young (6144K), 2 survivors (4096K)
 Metaspace       used 47558K, committed 48064K, reserved 1097728K
  class space    used 6694K, committed 6912K, reserved 1048576K
}
Event: 2.581 GC heap after
{Heap after GC invocations=13 (full 0):
 garbage-first heap   total 75776K, used 21932K [0x0000000702800000, 0x0000000800000000)
  region size 2048K, 1 young (2048K), 1 survivors (2048K)
 Metaspace       used 47558K, committed 48064K, reserved 1097728K
  class space    used 6694K, committed 6912K, reserved 1048576K
}
Event: 2.930 GC heap before
{Heap before GC invocations=13 (full 0):
 garbage-first heap   total 75776K, used 54700K [0x0000000702800000, 0x0000000800000000)
  region size 2048K, 18 young (36864K), 1 survivors (2048K)
 Metaspace       used 55200K, committed 55680K, reserved 1097728K
  class space    used 7804K, committed 8000K, reserved 1048576K
}
Event: 2.932 GC heap after
{Heap after GC invocations=14 (full 0):
 garbage-first heap   total 75776K, used 22849K [0x0000000702800000, 0x0000000800000000)
  region size 2048K, 1 young (2048K), 1 survivors (2048K)
 Metaspace       used 55200K, committed 55680K, reserved 1097728K
  class space    used 7804K, committed 8000K, reserved 1048576K
}

Deoptimization events (14 events):
Event: 0.377 Thread 0x000002141cc55990 DEOPT PACKING pc=0x00000214247a9301 sp=0x0000004fa0dfd900
Event: 0.377 Thread 0x000002141cc55990 DEOPT UNPACKING pc=0x0000021424496763 sp=0x0000004fa0dfcd58 mode 3
Event: 0.652 Thread 0x0000021435000110 DEOPT PACKING pc=0x00000214249a4dd5 sp=0x0000004fa2afe890
Event: 0.652 Thread 0x0000021435000110 DEOPT UNPACKING pc=0x0000021424496763 sp=0x0000004fa2afddf0 mode 3
Event: 0.681 Thread 0x000002141cc55990 DEOPT PACKING pc=0x00000214249cfdf9 sp=0x0000004fa0dfd490
Event: 0.681 Thread 0x000002141cc55990 DEOPT UNPACKING pc=0x0000021424496763 sp=0x0000004fa0dfc970 mode 3
Event: 0.762 Thread 0x000002141cc55990 DEOPT PACKING pc=0x0000021424a17cd5 sp=0x0000004fa0dfdae0
Event: 0.762 Thread 0x000002141cc55990 DEOPT UNPACKING pc=0x0000021424496763 sp=0x0000004fa0dfcf88 mode 3
Event: 1.335 Thread 0x000002141cc55990 DEOPT PACKING pc=0x0000021424c24ec8 sp=0x0000004fa0dfcfb0
Event: 1.335 Thread 0x000002141cc55990 DEOPT UNPACKING pc=0x0000021424496763 sp=0x0000004fa0dfc420 mode 3
Event: 2.405 Thread 0x000002141cc55990 DEOPT PACKING pc=0x00000214249f2d09 sp=0x0000004fa0dfdab0
Event: 2.405 Thread 0x000002141cc55990 DEOPT UNPACKING pc=0x0000021424496763 sp=0x0000004fa0dfcf40 mode 3
Event: 2.405 Thread 0x0000021436ed06c0 DEOPT PACKING pc=0x00000214249b4f1f sp=0x0000004fa35ff070
Event: 2.405 Thread 0x0000021436ed06c0 DEOPT UNPACKING pc=0x0000021424496763 sp=0x0000004fa35fe4c8 mode 3

Classes unloaded (0 events):
No events

Classes redefined (0 events):
No events

Internal exceptions (20 events):
Event: 1.598 Thread 0x000002141cc55990 Exception <a 'java/lang/NoSuchMethodError'{0x000000071247e1f8}: 'java.lang.Object java.lang.invoke.DirectMethodHandle$Holder.invokeSpecial(java.lang.Object, java.lang.Object, long, java.lang.Object, java.lang.Object, java.lang.Object, java.lang.Object, java.lang.Object, java.lang.Object)'> (0x000000071247e1f8) 
thrown [t:\workspace\open\src\hotspot\share\interpreter\linkResolver.cpp, line 766]
Event: 1.599 Thread 0x000002141cc55990 Exception <a 'java/lang/NoSuchMethodError'{0x0000000712482d20}: 'java.lang.Object java.lang.invoke.DelegatingMethodHandle$Holder.reinvoke_L(java.lang.Object, long, java.lang.Object, java.lang.Object, java.lang.Object, java.lang.Object, java.lang.Object, java.lang.Object)'> (0x0000000712482d20) 
thrown [t:\workspace\open\src\hotspot\share\interpreter\linkResolver.cpp, line 766]
Event: 1.617 Thread 0x000002141cc55990 Exception <a 'java/io/FileNotFoundException'{0x0000000712203228}> (0x0000000712203228) 
thrown [t:\workspace\open\src\hotspot\share\prims\jni.cpp, line 516]
Event: 1.630 Thread 0x000002141cc55990 Exception <a 'java/lang/NoSuchMethodError'{0x00000007114aba98}: 'int java.lang.invoke.DirectMethodHandle$Holder.invokeInterface(java.lang.Object, java.lang.Object, java.lang.Object, java.lang.Object)'> (0x00000007114aba98) 
thrown [t:\workspace\open\src\hotspot\share\interpreter\linkResolver.cpp, line 766]
Event: 1.653 Thread 0x000002141cc55990 Exception <a 'java/lang/NoSuchMethodError'{0x00000007112d3ca8}: 'long java.lang.invoke.DirectMethodHandle$Holder.invokeVirtual(java.lang.Object, java.lang.Object)'> (0x00000007112d3ca8) 
thrown [t:\workspace\open\src\hotspot\share\interpreter\linkResolver.cpp, line 766]
Event: 1.675 Thread 0x000002141cc55990 Exception <a 'java/lang/NoSuchMethodError'{0x00000007110d8b58}: 'void java.lang.invoke.DirectMethodHandle$Holder.invokeStaticInit(java.lang.Object)'> (0x00000007110d8b58) 
thrown [t:\workspace\open\src\hotspot\share\interpreter\linkResolver.cpp, line 766]
Event: 1.685 Thread 0x000002141cc55990 Exception <a 'java/lang/NoClassDefFoundError'{0x0000000705815670}: oracle/security/pki/OraclePKIProvider> (0x0000000705815670) 
thrown [t:\workspace\open\src\hotspot\share\classfile\systemDictionary.cpp, line 245]
Event: 1.726 Thread 0x000002141cc55990 Exception <a 'sun/nio/fs/WindowsException'{0x0000000705226ab8}> (0x0000000705226ab8) 
thrown [t:\workspace\open\src\hotspot\share\prims\jni.cpp, line 516]
Event: 2.038 Thread 0x000002141cc55990 Exception <a 'java/lang/NoSuchMethodError'{0x00000007063de980}: 'int java.lang.invoke.DirectMethodHandle$Holder.invokeStatic(java.lang.Object)'> (0x00000007063de980) 
thrown [t:\workspace\open\src\hotspot\share\interpreter\linkResolver.cpp, line 766]
Event: 2.089 Thread 0x000002141cc55990 Exception <a 'java/lang/NoSuchMethodError'{0x0000000705f79820}: 'int java.lang.invoke.DirectMethodHandle$Holder.invokeStaticInit(java.lang.Object, java.lang.Object, java.lang.Object, java.lang.Object)'> (0x0000000705f79820) 
thrown [t:\workspace\open\src\hotspot\share\interpreter\linkResolver.cpp, line 766]
Event: 2.092 Thread 0x000002141cc55990 Exception <a 'sun/nio/fs/WindowsException'{0x0000000705fac858}> (0x0000000705fac858) 
thrown [t:\workspace\open\src\hotspot\share\prims\jni.cpp, line 516]
Event: 2.102 Thread 0x000002141cc55990 Exception <a 'java/lang/NoClassDefFoundError'{0x0000000705c1e080}: oracle/dms/console/DMSConsole> (0x0000000705c1e080) 
thrown [t:\workspace\open\src\hotspot\share\classfile\systemDictionary.cpp, line 245]
Event: 2.102 Thread 0x000002141cc55990 Exception <a 'java/lang/reflect/InvocationTargetException'{0x0000000705c1e5f8}> (0x0000000705c1e5f8) 
thrown [t:\workspace\open\src\hotspot\share\runtime\reflection.cpp, line 1121]
Event: 2.185 Thread 0x000002141cc55990 Exception <a 'java/lang/NoSuchMethodError'{0x0000000705b44fa8}: 'java.lang.Object java.lang.invoke.DirectMethodHandle$Holder.invokeVirtual(java.lang.Object, java.lang.Object, int)'> (0x0000000705b44fa8) 
thrown [t:\workspace\open\src\hotspot\share\interpreter\linkResolver.cpp, line 766]
Event: 2.471 Thread 0x000002141cc55990 Exception <a 'java/lang/NoSuchMethodError'{0x0000000704f852b0}: 'java.lang.Object java.lang.invoke.DirectMethodHandle$Holder.invokeStaticInit(java.lang.Object, java.lang.Object, java.lang.Object, java.lang.Object)'> (0x0000000704f852b0) 
thrown [t:\workspace\open\src\hotspot\share\interpreter\linkResolver.cpp, line 766]
Event: 2.693 Thread 0x000002141cc55990 Exception <a 'java/lang/NoSuchMethodError'{0x0000000706418fc8}: 'java.lang.Object java.lang.invoke.DirectMethodHandle$Holder.invokeSpecial(java.lang.Object, java.lang.Object, int, java.lang.Object, int)'> (0x0000000706418fc8) 
thrown [t:\workspace\open\src\hotspot\share\interpreter\linkResolver.cpp, line 766]
Event: 2.804 Thread 0x000002141cc55990 Exception <a 'java/lang/IncompatibleClassChangeError'{0x000000070584c138}: Found class java.lang.Object, but interface was expected> (0x000000070584c138) 
thrown [t:\workspace\open\src\hotspot\share\interpreter\linkResolver.cpp, line 833]
Event: 2.815 Thread 0x000002141cc55990 Exception <a 'java/lang/NoSuchMethodError'{0x0000000705965820}: 'java.lang.Object java.lang.invoke.DirectMethodHandle$Holder.invokeStatic(java.lang.Object, java.lang.Object, int, java.lang.Object)'> (0x0000000705965820) 
thrown [t:\workspace\open\src\hotspot\share\interpreter\linkResolver.cpp, line 766]
Event: 2.815 Thread 0x000002141cc55990 Exception <a 'java/lang/NoSuchMethodError'{0x00000007059692b8}: 'java.lang.Object java.lang.invoke.DirectMethodHandle$Holder.invokeStaticInit(java.lang.Object, java.lang.Object, int, java.lang.Object)'> (0x00000007059692b8) 
thrown [t:\workspace\open\src\hotspot\share\interpreter\linkResolver.cpp, line 766]
Event: 3.127 Thread 0x000002141cc55990 Exception <a 'java/lang/NoSuchMethodError'{0x0000000705f90ed8}: 'void java.lang.invoke.DirectMethodHandle$Holder.invokeStaticInit(java.lang.Object, int, java.lang.Object, java.lang.Object, java.lang.Object, java.lang.Object)'> (0x0000000705f90ed8) 
thrown [t:\workspace\open\src\hotspot\share\interpreter\linkResolver.cpp, line 766]

VM Operations (20 events):
Event: 2.096 Executing VM operation: HandshakeAllThreads
Event: 2.096 Executing VM operation: HandshakeAllThreads done
Event: 2.511 Executing VM operation: ICBufferFull
Event: 2.511 Executing VM operation: ICBufferFull done
Event: 2.557 Executing VM operation: G1CollectForAllocation
Event: 2.560 Executing VM operation: G1CollectForAllocation done
Event: 2.578 Executing VM operation: G1CollectForAllocation
Event: 2.581 Executing VM operation: G1CollectForAllocation done
Event: 2.790 Executing VM operation: ICBufferFull
Event: 2.790 Executing VM operation: ICBufferFull done
Event: 2.930 Executing VM operation: G1CollectForAllocation
Event: 2.932 Executing VM operation: G1CollectForAllocation done
Event: 2.966 Executing VM operation: HandshakeAllThreads
Event: 2.966 Executing VM operation: HandshakeAllThreads done
Event: 2.982 Executing VM operation: HandshakeAllThreads
Event: 2.983 Executing VM operation: HandshakeAllThreads done
Event: 3.051 Executing VM operation: HandshakeAllThreads
Event: 3.051 Executing VM operation: HandshakeAllThreads done
Event: 3.088 Executing VM operation: ICBufferFull
Event: 3.088 Executing VM operation: ICBufferFull done

Events (20 events):
Event: 2.673 loading class sun/security/provider/ByteArrayAccess$LE
Event: 2.673 loading class sun/security/provider/ByteArrayAccess$LE done
Event: 2.673 loading class java/math/MutableBigInteger
Event: 2.673 loading class java/math/MutableBigInteger done
Event: 2.718 loading class javax/naming/RefAddr
Event: 2.718 loading class javax/naming/RefAddr done
Event: 2.718 loading class javax/naming/StringRefAddr
Event: 2.718 loading class javax/naming/StringRefAddr done
Event: 2.732 loading class java/util/concurrent/CompletableFuture
Event: 2.733 loading class java/util/concurrent/CompletableFuture done
Event: 2.733 loading class java/util/concurrent/CompletableFuture$AltResult
Event: 2.733 loading class java/util/concurrent/CompletableFuture$AltResult done
Event: 2.733 loading class java/util/concurrent/CompletableFuture$Completion
Event: 2.733 loading class java/util/concurrent/CompletableFuture$AsynchronousCompletionTask
Event: 2.733 loading class java/util/concurrent/CompletableFuture$AsynchronousCompletionTask done
Event: 2.733 loading class java/util/concurrent/CompletableFuture$Completion done
Event: 2.783 loading class sun/reflect/annotation/TypeAnnotation$TypeAnnotationTargetInfo
Event: 2.783 loading class sun/reflect/annotation/TypeAnnotation$TypeAnnotationTargetInfo done
Event: 2.800 loading class java/util/concurrent/CancellationException
Event: 2.800 loading class java/util/concurrent/CancellationException done


Dynamic libraries:
0x00007ff7adc80000 - 0x00007ff7adc90000 	C:\Program Files\Java\jdk-17.0.1\bin\java.exe
0x00007fffb53b0000 - 0x00007fffb55c7000 	C:\Windows\SYSTEM32\ntdll.dll
0x00007fffb4e40000 - 0x00007fffb4f04000 	C:\Windows\System32\KERNEL32.DLL
0x00007fffb2ce0000 - 0x00007fffb3099000 	C:\Windows\System32\KERNELBASE.dll
0x00007fffb2bc0000 - 0x00007fffb2cd1000 	C:\Windows\System32\ucrtbase.dll
0x00007fff9d140000 - 0x00007fff9d15a000 	C:\Program Files\Java\jdk-17.0.1\bin\VCRUNTIME140.dll
0x00007fff9c1d0000 - 0x00007fff9c1e8000 	C:\Program Files\Java\jdk-17.0.1\bin\jli.dll
0x00007fffb4d80000 - 0x00007fffb4e32000 	C:\Windows\System32\ADVAPI32.dll
0x00007fffb3fe0000 - 0x00007fffb4087000 	C:\Windows\System32\msvcrt.dll
0x00007fffb32d0000 - 0x00007fffb3377000 	C:\Windows\System32\sechost.dll
0x00007fffb2890000 - 0x00007fffb28b8000 	C:\Windows\System32\bcrypt.dll
0x00007fffb4f50000 - 0x00007fffb5064000 	C:\Windows\System32\RPCRT4.dll
0x00007fffb30d0000 - 0x00007fffb327e000 	C:\Windows\System32\USER32.dll
0x00007fffb30a0000 - 0x00007fffb30c6000 	C:\Windows\System32\win32u.dll
0x00007fffb3570000 - 0x00007fffb3599000 	C:\Windows\System32\GDI32.dll
0x00007fffa7bb0000 - 0x00007fffa7e42000 	C:\Windows\WinSxS\amd64_microsoft.windows.common-controls_6595b64144ccf1df_6.0.22621.4391_none_2715d37f73803e96\COMCTL32.dll
0x00007fffb2770000 - 0x00007fffb288b000 	C:\Windows\System32\gdi32full.dll
0x00007fffb28c0000 - 0x00007fffb295a000 	C:\Windows\System32\msvcp_win.dll
0x00007fffaba20000 - 0x00007fffaba2a000 	C:\Windows\SYSTEM32\VERSION.dll
0x00007fffb4f10000 - 0x00007fffb4f41000 	C:\Windows\System32\IMM32.DLL
0x00007fff9d7c0000 - 0x00007fff9d7cc000 	C:\Program Files\Java\jdk-17.0.1\bin\vcruntime140_1.dll
0x00007fff8d820000 - 0x00007fff8d8ad000 	C:\Program Files\Java\jdk-17.0.1\bin\msvcp140.dll
0x00007fff65b70000 - 0x00007fff6672e000 	C:\Program Files\Java\jdk-17.0.1\bin\server\jvm.dll
0x00007fffb3600000 - 0x00007fffb3608000 	C:\Windows\System32\PSAPI.DLL
0x00007fffa8010000 - 0x00007fffa8044000 	C:\Windows\SYSTEM32\WINMM.dll
0x00007fff45520000 - 0x00007fff45529000 	C:\Windows\SYSTEM32\WSOCK32.dll
0x00007fffb50d0000 - 0x00007fffb5141000 	C:\Windows\System32\WS2_32.dll
0x00007fffb16b0000 - 0x00007fffb16c8000 	C:\Windows\SYSTEM32\kernel.appcore.dll
0x00007fff9c970000 - 0x00007fff9c97a000 	C:\Program Files\Java\jdk-17.0.1\bin\jimage.dll
0x00007fff9d3c0000 - 0x00007fff9d5f2000 	C:\Windows\SYSTEM32\DBGHELP.DLL
0x00007fffb4090000 - 0x00007fffb441f000 	C:\Windows\System32\combase.dll
0x00007fffb3e90000 - 0x00007fffb3f67000 	C:\Windows\System32\OLEAUT32.dll
0x00007fff9d230000 - 0x00007fff9d262000 	C:\Windows\SYSTEM32\dbgcore.DLL
0x00007fffb2960000 - 0x00007fffb29db000 	C:\Windows\System32\bcryptPrimitives.dll
0x00007fff96730000 - 0x00007fff9673e000 	C:\Program Files\Java\jdk-17.0.1\bin\instrument.dll
0x00007fff95c70000 - 0x00007fff95c95000 	C:\Program Files\Java\jdk-17.0.1\bin\java.dll
0x00007fff8cdd0000 - 0x00007fff8cea6000 	C:\Program Files\Java\jdk-17.0.1\bin\svml.dll
0x00007fffb3610000 - 0x00007fffb3e86000 	C:\Windows\System32\SHELL32.dll
0x00007fffb04f0000 - 0x00007fffb0df3000 	C:\Windows\SYSTEM32\windows.storage.dll
0x00007fffb03b0000 - 0x00007fffb04ef000 	C:\Windows\SYSTEM32\wintypes.dll
0x00007fffb5150000 - 0x00007fffb5249000 	C:\Windows\System32\SHCORE.dll
0x00007fffb5070000 - 0x00007fffb50ce000 	C:\Windows\System32\shlwapi.dll
0x00007fffb25e0000 - 0x00007fffb260b000 	C:\Windows\SYSTEM32\profapi.dll
0x00007fff95a50000 - 0x00007fff95a68000 	C:\Program Files\Java\jdk-17.0.1\bin\zip.dll
0x00007fff96430000 - 0x00007fff96449000 	C:\Program Files\Java\jdk-17.0.1\bin\net.dll
0x00007fffae610000 - 0x00007fffae746000 	C:\Windows\SYSTEM32\WINHTTP.dll
0x00007fffb1b20000 - 0x00007fffb1b89000 	C:\Windows\system32\mswsock.dll
0x00007fff95c50000 - 0x00007fff95c65000 	C:\Program Files\Java\jdk-17.0.1\bin\nio.dll
0x00007fff95130000 - 0x00007fff9514a000 	C:\Program Files\JetBrains\IntelliJ IDEA 2023.1\bin\breakgen64.dll
0x00007fffb0f50000 - 0x00007fffb1052000 	C:\Windows\SYSTEM32\DNSAPI.dll
0x00007fffb0ef0000 - 0x00007fffb0f1d000 	C:\Windows\SYSTEM32\IPHLPAPI.DLL
0x00007fffb44a0000 - 0x00007fffb44a9000 	C:\Windows\System32\NSI.dll
0x00007fffaf3b0000 - 0x00007fffaf3ba000 	C:\Windows\System32\rasadhlp.dll
0x00007fffaeb30000 - 0x00007fffaebb3000 	C:\Windows\System32\fwpuclnt.dll
0x00007fff95bc0000 - 0x00007fff95bc9000 	C:\Program Files\Java\jdk-17.0.1\bin\management.dll
0x00007fff95120000 - 0x00007fff9512b000 	C:\Program Files\Java\jdk-17.0.1\bin\management_ext.dll
0x00007fffb1e70000 - 0x00007fffb1e8b000 	C:\Windows\SYSTEM32\CRYPTSP.dll
0x00007fffb1610000 - 0x00007fffb1645000 	C:\Windows\system32\rsaenh.dll
0x00007fffb1bc0000 - 0x00007fffb1be8000 	C:\Windows\SYSTEM32\USERENV.dll
0x00007fffb1e50000 - 0x00007fffb1e5c000 	C:\Windows\SYSTEM32\CRYPTBASE.dll
0x00007fffae8e0000 - 0x00007fffae8f9000 	C:\Windows\SYSTEM32\dhcpcsvc6.DLL
0x00007fffae8a0000 - 0x00007fffae8bf000 	C:\Windows\SYSTEM32\dhcpcsvc.DLL
0x00007fffa9780000 - 0x00007fffa9797000 	C:\Windows\system32\napinsp.dll
0x00007fffa9b10000 - 0x00007fffa9b2b000 	C:\Windows\system32\pnrpnsp.dll
0x00007fffa9b30000 - 0x00007fffa9b41000 	C:\Windows\System32\winrnr.dll
0x00007fffa9b50000 - 0x00007fffa9b65000 	C:\Windows\system32\wshbth.dll
0x00007fffaa3e0000 - 0x00007fffaa407000 	C:\Windows\system32\nlansp_c.dll
0x00007fff95110000 - 0x00007fff9511e000 	C:\Program Files\Java\jdk-17.0.1\bin\sunmscapi.dll
0x00007fffb2a50000 - 0x00007fffb2bb6000 	C:\Windows\System32\CRYPT32.dll
0x00007fffb1f80000 - 0x00007fffb1fad000 	C:\Windows\SYSTEM32\ncrypt.dll
0x00007fffb1f40000 - 0x00007fffb1f77000 	C:\Windows\SYSTEM32\NTASN1.dll
0x00007fff96b30000 - 0x00007fff96b40000 	C:\Program Files\Java\jdk-17.0.1\bin\verify.dll

dbghelp: loaded successfully - version: 4.0.5 - missing functions: none
symbol engine: initialized successfully - sym options: 0x614 - pdb path: .;C:\Program Files\Java\jdk-17.0.1\bin;C:\Windows\SYSTEM32;C:\Windows\WinSxS\amd64_microsoft.windows.common-controls_6595b64144ccf1df_6.0.22621.4391_none_2715d37f73803e96;C:\Program Files\Java\jdk-17.0.1\bin\server;C:\Program Files\JetBrains\IntelliJ IDEA 2023.1\bin

VM Arguments:
jvm_args: -XX:TieredStopAtLevel=1 -Dspring.output.ansi.enabled=always -Dcom.sun.management.jmxremote -Dspring.jmx.enabled=true -Dspring.liveBeansView.mbeanDomain -Dspring.application.admin.enabled=true -Dmanagement.endpoints.jmx.exposure.include=* -javaagent:C:\Program Files\JetBrains\IntelliJ IDEA 2023.1\lib\idea_rt.jar=9752:C:\Program Files\JetBrains\IntelliJ IDEA 2023.1\bin -Dfile.encoding=UTF-8 
java_command: com.example.demo.DemoApplication
java_class_path (initial): D:\Java Project\demo\target\classes;C:\Users\E.Falaki\.m2\repository\org\springframework\boot\spring-boot-starter-data-jdbc\3.3.5\spring-boot-starter-data-jdbc-3.3.5.jar;C:\Users\E.Falaki\.m2\repository\org\springframework\boot\spring-boot-starter-jdbc\3.3.5\spring-boot-starter-jdbc-3.3.5.jar;C:\Users\E.Falaki\.m2\repository\com\zaxxer\HikariCP\5.1.0\HikariCP-5.1.0.jar;C:\Users\E.Falaki\.m2\repository\org\springframework\spring-jdbc\6.1.14\spring-jdbc-6.1.14.jar;C:\Users\E.Falaki\.m2\repository\org\springframework\data\spring-data-jdbc\3.3.5\spring-data-jdbc-3.3.5.jar;C:\Users\E.Falaki\.m2\repository\org\springframework\data\spring-data-relational\3.3.5\spring-data-relational-3.3.5.jar;C:\Users\E.Falaki\.m2\repository\org\springframework\data\spring-data-commons\3.3.5\spring-data-commons-3.3.5.jar;C:\Users\E.Falaki\.m2\repository\org\springframework\spring-tx\6.1.14\spring-tx-6.1.14.jar;C:\Users\E.Falaki\.m2\repository\org\springframework\spring-context\6.1.14\spring-context-6.1.14.jar;C:\Users\E.Falaki\.m2\repository\org\springframework\spring-beans\6.1.14\spring-beans-6.1.14.jar;C:\Users\E.Falaki\.m2\repository\org\slf4j\slf4j-api\2.0.16\slf4j-api-2.0.16.jar;C:\Users\E.Falaki\.m2\repository\org\springframework\boot\spring-boot-starter-web\3.3.5\spring-boot-starter-web-3.3.5.jar;C:\Users\E.Falaki\.m2\repository\org\springframework\boot\spring-boot-starter\3.3.5\spring-boot-starter-3.3.5.jar;C:\Users\E.Falaki\.m2\repository\org\springframework\boot\spring-boot\3.3.5\spring-boot-3.3.5.jar;C:\Users\E.Falaki\.m2\repository\org\springframework\boot\spring-boot-autoconfigure\3.3.5\spring-boot-autoconfigure-3.3.5.jar;C:\Users\E.Falaki\.m2\repository\org\springframework\boot\spring-boot-starter-logging\3.3.5\spring-boot-starter-logging-3.3.5.jar;C:\Users\E.Falaki\.m2\repository\ch\qos\logback\logback-classic\1.5.11\logback-classic-1.5.11.jar;C:\Users\E.Falaki\.m2\repository\ch\qos\logback\logback-core\1.5.11\logback-core-1.5.11.jar;C:\Users\E.F
Launcher Type: SUN_STANDARD

[Global flags]
     intx CICompilerCount                          = 4                                         {product} {ergonomic}
     uint ConcGCThreads                            = 3                                         {product} {ergonomic}
     uint G1ConcRefinementThreads                  = 10                                        {product} {ergonomic}
   size_t G1HeapRegionSize                         = 2097152                                   {product} {ergonomic}
    uintx GCDrainStackTargetSize                   = 64                                        {product} {ergonomic}
   size_t InitialHeapSize                          = 266338304                                 {product} {ergonomic}
     bool ManagementServer                         = true                                      {product} {command line}
   size_t MarkStackSize                            = 4194304                                   {product} {ergonomic}
   size_t MaxHeapSize                              = 4253024256                                {product} {ergonomic}
   size_t MaxNewSize                               = 2550136832                                {product} {ergonomic}
   size_t MinHeapDeltaBytes                        = 2097152                                   {product} {ergonomic}
   size_t MinHeapSize                              = 8388608                                   {product} {ergonomic}
    uintx NonProfiledCodeHeapSize                  = 0                                      {pd product} {ergonomic}
     bool ProfileInterpreter                       = false                                  {pd product} {command line}
    uintx ProfiledCodeHeapSize                     = 0                                      {pd product} {ergonomic}
   size_t SoftMaxHeapSize                          = 4253024256                             {manageable} {ergonomic}
     intx TieredStopAtLevel                        = 1                                         {product} {command line}
     bool UseCompressedClassPointers               = true                           {product lp64_product} {ergonomic}
     bool UseCompressedOops                        = true                           {product lp64_product} {ergonomic}
     bool UseG1GC                                  = true                                      {product} {ergonomic}
     bool UseLargePagesIndividualAllocation        = false                                  {pd product} {ergonomic}

Logging:
Log output configuration:
 #0: stdout all=warning uptime,level,tags
 #1: stderr all=off uptime,level,tags

Environment Variables:
JAVA_HOME=C:\Program Files\Java\jdk-17.0.1
PATH=C:\Program Files\Java\jdk-17.0.1\bin;C:\Program Files\Common Files\Oracle\Java\javapath;C:\Windows\system32;C:\Windows;C:\Windows\System32\Wbem;C:\Windows\System32\WindowsPowerShell\v1.0\;C:\Windows\System32\OpenSSH\;C:\Program Files (x86)\Sennheiser\SenncomSDK\;C:\Program Files\Git\cmd;C:\apache-maven-3.9.9\bin;C:\Program Files\MySQL\MySQL Shell 8.0\bin\;C:\Users\E.Falaki\AppData\Local\Microsoft\WindowsApps;
USERNAME=e.falaki
OS=Windows_NT
PROCESSOR_IDENTIFIER=Intel64 Family 6 Model 167 Stepping 1, GenuineIntel



---------------  S Y S T E M  ---------------

OS:
 Windows 10 , 64 bit Build 22621 (10.0.22621.4391)
OS uptime: 0 days 2:39 hours
Hyper-V role detected

CPU: total 12 (initial active 12) (6 cores per cpu, 2 threads per core) family 6 model 167 stepping 1 microcode 0x59, cx8, cmov, fxsr, ht, mmx, 3dnowpref, sse, sse2, sse3, ssse3, sse4.1, sse4.2, popcnt, lzcnt, tsc, tscinvbit, avx, avx2, aes, erms, clmul, bmi1, bmi2, adx, avx512f, avx512dq, avx512cd, avx512bw, avx512vl, sha, fma, vzeroupper, avx512_vpopcntdq, avx512_vpclmulqdq, avx512_vaes, avx512_vnni, clflush, clflushopt, avx512_vbmi2, avx512_vbmi, hv

Memory: 4k page, system-wide physical 16220M (7867M free)
TotalPageFile size 18652M (AvailPageFile size 7109M)
current process WorkingSet (physical memory assigned to process): 207M, peak: 236M
current process commit charge ("private bytes"): 251M, peak: 381M

vm_info: Java HotSpot(TM) 64-Bit Server VM (17.0.1+12-LTS-39) for windows-amd64 JRE (17.0.1+12-LTS-39), built on Sep 27 2021 18:41:35 by "mach5one" with MS VC++ 16.8 (VS2019)

END.
