#
# A fatal error has been detected by the Java Runtime Environment:
#
#  EXCEPTION_ACCESS_VIOLATION (0xc0000005) at pc=0x0000025b68360fb7, pid=14812, tid=8744
#
# JRE version: Java(TM) SE Runtime Environment (17.0.1+12) (build 17.0.1+12-LTS-39)
# Java VM: Java HotSpot(TM) 64-Bit Server VM (17.0.1+12-LTS-39, mixed mode, emulated-client, sharing, tiered, compressed oops, compressed class ptrs, g1 gc, windows-amd64)
# Problematic frame:
# J 2540 c1 org.springframework.asm.ClassReader.<init>([BIZ)V (359 bytes) @ 0x0000025b68360fb7 [0x0000025b68360ba0+0x0000000000000417]
#
# No core dump will be written. Minidumps are not enabled by default on client versions of Windows
#
# If you would like to submit a bug report, please visit:
#   https://bugreport.java.com/bugreport/crash.jsp
#

---------------  S U M M A R Y ------------

Command Line: -XX:TieredStopAtLevel=1 -Dspring.output.ansi.enabled=always -Dcom.sun.management.jmxremote -Dspring.jmx.enabled=true -Dspring.liveBeansView.mbeanDomain -Dspring.application.admin.enabled=true -Dmanagement.endpoints.jmx.exposure.include=* -javaagent:C:\Program Files\JetBrains\IntelliJ IDEA 2023.1\lib\idea_rt.jar=3754:C:\Program Files\JetBrains\IntelliJ IDEA 2023.1\bin -Dfile.encoding=UTF-8 com.example.demo.DemoApplication

Host: 11th Gen Intel(R) Core(TM) i5-11400 @ 2.60GHz, 12 cores, 15G,  Windows 10 , 64 bit Build 22621 (10.0.22621.4391)
Time: Tue Nov 26 13:52:14 2024 Iran Standard Time elapsed time: 1.005730 seconds (0d 0h 0m 1s)

---------------  T H R E A D  ---------------

Current thread (0x0000025b5ed15630):  JavaThread "main" [_thread_in_Java, id=8744, stack(0x000000a3aa600000,0x000000a3aa700000)]

Stack: [0x000000a3aa600000,0x000000a3aa700000],  sp=0x000000a3aa6fe630,  free space=1017k
Native frames: (J=compiled Java code, j=interpreted, Vv=VM code, C=native code)
C  0x0000025b68360fb7


siginfo: EXCEPTION_ACCESS_VIOLATION (0xc0000005), writing address 0x0000000000000005


Register to memory mapping:

RIP=0x0000025b68360fb7 is at entry_point+1047 in (nmethod*)0x0000025b68360990
RAX=0x0000000000000005 is an unknown value
RBX=0x0 is NULL
RCX=0x0000000000000019 is an unknown value
RDX=0x0000000000000010 is an unknown value
RSP=0x000000a3aa6fe630 is pointing into the stack for thread: 0x0000025b5ed15630
RBP=0x000000a3aa6fe738 is pointing into the stack for thread: 0x0000025b5ed15630
RSI=0x0 is NULL
RDI=0x00000000aa6fe630 is an unknown value
R8 =0x0000000705418ca8 is an oop: [B 
{0x0000000705418ca8} - klass: {type array byte}
 - length: 10104
R9 =0x0000000000000017 is an unknown value
R10=0x0000025b5edd1000 points into unknown readable memory: 0x0000000000000000 | 00 00 00 00 00 00 00 00
R11=0x0000000000000129 is an unknown value
R12=0x0 is NULL
R13=0x0000000705413cf0 is an oop: org.springframework.asm.ClassReader 
{0x0000000705413cf0} - klass: 'org/springframework/asm/ClassReader'
 - ---- fields (total size 6 words):
 - public final 'header' 'I' @12  0
 - private final 'maxStringLength' 'I' @16  0
 - public final 'b' '[B' @20  [B{0x0000000705418ca8} (e0a83195)
 - final 'classFileBuffer' '[B' @24  [B{0x0000000705418ca8} (e0a83195)
 - private final 'cpInfoOffsets' '[I' @28  [I{0x000000070541b430} (e0a83686)
 - private final 'constantUtf8Values' '[Ljava/lang/String;' @32  a 'java/lang/String'[297] {0x000000070541b8e8} (e0a8371d)
 - private final 'constantDynamicValues' '[Lorg/springframework/asm/ConstantDynamic;' @36  NULL (0)
 - private final 'bootstrapMethodOffsets' '[I' @40  NULL (0)
R14=0x0 is NULL
R15=0x0000025b5ed15630 is a thread


Registers:
RAX=0x0000000000000005, RBX=0x0000000000000000, RCX=0x0000000000000019, RDX=0x0000000000000010
RSP=0x000000a3aa6fe630, RBP=0x000000a3aa6fe738, RSI=0x0000000000000000, RDI=0x00000000aa6fe630
R8 =0x0000000705418ca8, R9 =0x0000000000000017, R10=0x0000025b5edd1000, R11=0x0000000000000129
R12=0x0000000000000000, R13=0x0000000705413cf0, R14=0x0000000000000000, R15=0x0000025b5ed15630
RIP=0x0000025b68360fb7, EFLAGS=0x0000000000010286

Top of Stack: (sp=0x000000a3aa6fe630)
0x000000a3aa6fe630:   00000008009e8f69 000000a3aa6fe698
0x000000a3aa6fe640:   0000000800351638 0000000702ad4ec0
0x000000a3aa6fe650:   0000000702a90610 0000000705411290
0x000000a3aa6fe660:   0000000000002778 0000000705413d68
0x000000a3aa6fe670:   0000025b67cd93d6 0000000000002778
0x000000a3aa6fe680:   0000000705418ca8 0000000705416520
0x000000a3aa6fe690:   000000a3aa6fe710 0000025b67cd952f
0x000000a3aa6fe6a0:   0000025b67cd952f 0000000000002778
0x000000a3aa6fe6b0:   000000a3aa6fe738 0000025b67cd93d6
0x000000a3aa6fe6c0:   0000000000000000 0000025b67cd93d6
0x000000a3aa6fe6d0:   0000000000000001 0000000000000000
0x000000a3aa6fe6e0:   0000000705418ca8 0000000705413cf0
0x000000a3aa6fe6f0:   000000a3aa6fe6f0 0000025b79ceeb54
0x000000a3aa6fe700:   000000a3aa6fe760 0000025b79cf8b28
0x000000a3aa6fe710:   0000000000000000 000000070b018d20
0x000000a3aa6fe720:   0000025b79ceeba0 000000a3aa6fe6d0 

Instructions: (pc=0x0000025b68360fb7)
0x0000025b68360eb7:   83 fa 03 0f 84 86 00 00 00 83 fa 04 0f 84 7d 00
0x0000025b68360ec7:   00 00 83 fa 05 0f 84 68 00 00 00 83 fa 06 0f 84
0x0000025b68360ed7:   5f 00 00 00 83 fa 07 0f 84 6c 00 00 00 83 fa 08
0x0000025b68360ee7:   0f 84 63 00 00 00 83 fa 09 0f 8c 09 00 00 00 83
0x0000025b68360ef7:   fa 0c 0f 8e 47 00 00 00 83 fa 0f 0f 84 77 00 00
0x0000025b68360f07:   00 83 fa 10 0f 84 3f 00 00 00 83 fa 11 0f 84 50
0x0000025b68360f17:   00 00 00 83 fa 12 0f 84 37 00 00 00 83 fa 13 0f
0x0000025b68360f27:   84 24 00 00 00 83 fa 14 0f 84 1b 00 00 00 e9 16
0x0000025b68360f37:   02 00 00 ff c0 ba 09 00 00 00 e9 92 00 00 00 ba
0x0000025b68360f47:   05 00 00 00 e9 88 00 00 00 ba 03 00 00 00 e9 7e
0x0000025b68360f57:   00 00 00 ba 05 00 00 00 41 be 01 00 00 00 e9 6e
0x0000025b68360f67:   00 00 00 ba 05 00 00 00 bb 01 00 00 00 41 be 01
0x0000025b68360f77:   00 00 00 e9 59 00 00 00 ba 04 00 00 00 e9 4f 00
0x0000025b68360f87:   00 00 41 8b 55 18 48 c1 e2 03 3b 4a 0c 0f 83 3c
0x0000025b68360f97:   04 00 00 48 63 f9 0f be 7c 3a 10 ff c1 3b 4a 0c
0x0000025b68360fa7:   0f 83 37 04 00 00 48 63 c9 0f be 54 0a 10 01 e7
0x0000025b68360fb7:   ff 00 00 00 c1 e7 08 81 e2 ff 00 00 00 48 0b fa
0x0000025b68360fc7:   83 c7 03 3b fe 48 8b d7 0f 8e 03 00 00 00 48 8b
0x0000025b68360fd7:   f7 41 03 d1 4d 8b 97 48 03 00 00 41 85 02 4c 8b
0x0000025b68360fe7:   ca 48 8b d0 e9 80 fe ff ff 41 89 75 10 45 89 4d
0x0000025b68360ff7:   0c 83 fb 00 4c 8b c6 0f 84 9b 00 00 00 49 8b db
0x0000025b68361007:   90 e9 f4 03 00 00 00 00 00 00 00 48 63 db 48 8b
0x0000025b68361017:   fb 48 81 fb ff ff ff 00 0f 87 e6 03 00 00 48 be
0x0000025b68361027:   17 00 00 00 00 00 00 00 48 8d 34 9e 48 83 e6 f8
0x0000025b68361037:   49 8b 87 08 01 00 00 48 8d 34 30 49 3b b7 18 01
0x0000025b68361047:   00 00 0f 87 bc 03 00 00 49 89 b7 08 01 00 00 48
0x0000025b68361057:   2b f0 48 c7 00 01 00 00 00 48 8b ca 49 ba 00 00
0x0000025b68361067:   00 00 08 00 00 00 49 2b ca 89 48 08 89 58 0c 48
0x0000025b68361077:   83 ee 10 0f 84 1a 00 00 00 48 85 f6 0f 84 11 00
0x0000025b68361087:   00 00 48 33 db 48 c1 ee 03 48 89 5c f0 08 48 ff
0x0000025b68361097:   ce 75 f6 e9 0a 00 00 00 48 b8 00 00 00 00 00 00
0x0000025b683610a7:   00 00 41 0f be 57 38 83 fa 00 0f 85 5e 03 00 00 


Stack slot to memory mapping:
stack at sp + 0 slots: 0x00000008009e8f69 is pointing into metadata
stack at sp + 1 slots: 0x000000a3aa6fe698 is pointing into the stack for thread: 0x0000025b5ed15630
stack at sp + 2 slots: 0x0000000800351638 is pointing into metadata
stack at sp + 3 slots: 0x0000000702ad4ec0 is an oop: java.lang.Class 
{0x0000000702ad4ec0} - klass: 'java/lang/Class'
 - ---- fields (total size 20 words):
 - private volatile transient 'classRedefinedCount' 'I' @12  0
 - private volatile transient 'cachedConstructor' 'Ljava/lang/reflect/Constructor;' @40  NULL (0)
 - private transient 'name' 'Ljava/lang/String;' @44  NULL (0)
 - private transient 'module' 'Ljava/lang/Module;' @48  a 'java/lang/Module'{0x0000000702afd5c0} (e055fab8)
 - private final 'classLoader' 'Ljava/lang/ClassLoader;' @52  NULL (0)
 - private transient 'classData' 'Ljava/lang/Object;' @56  NULL (0)
 - private transient 'packageName' 'Ljava/lang/String;' @60  NULL (0)
 - private final 'componentType' 'Ljava/lang/Class;' @64  NULL (0)
 - private volatile transient 'reflectionData' 'Ljava/lang/ref/SoftReference;' @68  NULL (0)
 - private volatile transient 'genericInfo' 'Lsun/reflect/generics/repository/ClassRepository;' @72  NULL (0)
 - private volatile transient 'enumConstants' '[Ljava/lang/Object;' @76  NULL (0)
 - private volatile transient 'enumConstantDirectory' 'Ljava/util/Map;' @80  NULL (0)
 - private volatile transient 'annotationData' 'Ljava/lang/Class$AnnotationData;' @84  NULL (0)
 - private volatile transient 'annotationType' 'Lsun/reflect/annotation/AnnotationType;' @88  NULL (0)
 - transient 'classValueMap' 'Ljava/lang/ClassValue$ClassValueMap;' @92  NULL (0)
 - signature: Ljava/lang/System;
 - fake entry for mirror: 'java/lang/System'
 - fake entry for array: NULL
 - fake entry for oop_size: 20
 - fake entry for static_oop_field_count: 9
 - public static final 'in' 'Ljava/io/InputStream;' @112  a 'java/io/BufferedInputStream'{0x0000000702f0bb00} (e05e1760)
 - public static final 'out' 'Ljava/io/PrintStream;' @116  a 'java/io/PrintStream'{0x0000000702c7cf10} (e058f9e2)
 - public static final 'err' 'Ljava/io/PrintStream;' @120  a 'java/io/PrintStream'{0x0000000702b6cb38} (e056d967)
 - private static final 'NEVER' 'I' @148  1
 - private static final 'MAYBE' 'I' @152  2
 - private static synchronized 'allowSecurityManager' 'I' @156  2
 - private static volatile 'security' 'Ljava/lang/SecurityManager;' @124  NULL (0)
 - private static volatile 'cons' 'Ljava/io/Console;' @128  NULL (0)
 - private static synchronized volatile 'initialErrStream' 'Ljava/io/PrintStream;' @132  a 'java/io/PrintStream'{0x0000000702b6cb38} (e056d967)
 - private static 'props' 'Ljava/util/Properties;' @136  a 'java/util/Properties'{0x0000000702ad0320} (e055a064)
 - private static 'lineSeparator' 'Ljava/lang/String;' @140  "
"{0x0000000702ad2d98} (e055a5b3)
 - static 'bootLayer' 'Ljava/lang/ModuleLayer;' @144  a 'java/lang/ModuleLayer'{0x0000000702b03bd8} (e056077b)
stack at sp + 4 slots: 0x0000000702a90610 is an oop: java.lang.Class 
{0x0000000702a90610} - klass: 'java/lang/Class'
 - ---- fields (total size 14 words):
 - private volatile transient 'classRedefinedCount' 'I' @12  0
 - private volatile transient 'cachedConstructor' 'Ljava/lang/reflect/Constructor;' @40  NULL (0)
 - private transient 'name' 'Ljava/lang/String;' @44  NULL (0)
 - private transient 'module' 'Ljava/lang/Module;' @48  a 'java/lang/Module'{0x0000000702afd5c0} (e055fab8)
 - private final 'classLoader' 'Ljava/lang/ClassLoader;' @52  NULL (0)
 - private transient 'classData' 'Ljava/lang/Object;' @56  NULL (0)
 - private transient 'packageName' 'Ljava/lang/String;' @60  NULL (0)
 - private final 'componentType' 'Ljava/lang/Class;' @64  NULL (0)
 - private volatile transient 'reflectionData' 'Ljava/lang/ref/SoftReference;' @68  NULL (0)
 - private volatile transient 'genericInfo' 'Lsun/reflect/generics/repository/ClassRepository;' @72  NULL (0)
 - private volatile transient 'enumConstants' '[Ljava/lang/Object;' @76  NULL (0)
 - private volatile transient 'enumConstantDirectory' 'Ljava/util/Map;' @80  NULL (0)
 - private volatile transient 'annotationData' 'Ljava/lang/Class$AnnotationData;' @84  NULL (0)
 - private volatile transient 'annotationType' 'Lsun/reflect/annotation/AnnotationType;' @88  NULL (0)
 - transient 'classValueMap' 'Ljava/lang/ClassValue$ClassValueMap;' @92  NULL (0)
 - signature: Ljava/io/ByteArrayOutputStream;
 - fake entry for mirror: 'java/io/ByteArrayOutputStream'
 - fake entry for array: NULL
 - fake entry for oop_size: 14
 - fake entry for static_oop_field_count: 0
stack at sp + 5 slots: 0x0000000705411290 is an oop: java.util.zip.ZipFile$ZipFileInflaterInputStream 
{0x0000000705411290} - klass: 'java/util/zip/ZipFile$ZipFileInflaterInputStream'
 - ---- fields (total size 7 words):
 - protected volatile 'in' 'Ljava/io/InputStream;' @12  a 'java/util/zip/ZipFile$ZipFileInputStream'{0x0000000705411258} (e0a8224b)
 - protected 'len' 'I' @16  3088 (c10)
 - private 'closed' 'Z' @20  false
 - private 'reachEOF' 'Z' @21  true
 - 'usesDefaultInflater' 'Z' @22  false
 - protected 'inf' 'Ljava/util/zip/Inflater;' @24  a 'java/util/zip/Inflater'{0x0000000702afc620} (e055f8c4)
 - protected 'buf' '[B' @28  [B{0x00000007054114f0} (e0a8229e)
 - private 'singleByteBuf' '[B' @32  [B{0x00000007054112c8} (e0a82259)
 - private 'b' '[B' @36  [B{0x00000007054112e0} (e0a8225c)
 - private volatile 'closeRequested' 'Z' @23  false
 - private 'eof' 'Z' @40  false
 - private final 'cleanable' 'Ljava/lang/ref/Cleaner$Cleanable;' @44  a 'jdk/internal/ref/CleanerImpl$PhantomCleanableRef'{0x0000000705413c98} (e0a82793)
 - final synthetic 'this$0' 'Ljava/util/zip/ZipFile;' @48  a 'sun/net/www/protocol/jar/URLJarFile'{0x00000007029ab4d0} (e053569a)
stack at sp + 6 slots: 0x0000000000002778 is an unknown value
stack at sp + 7 slots: 0x0000000705413d68 is an oop: [B 
{0x0000000705413d68} - klass: {type array byte}
 - length: 10104

--------------------------------------------------------------------------------
[Constant Pool (empty)]

--------------------------------------------------------------------------------

[MachCode]
  0x0000025b68360ba0: 448b 5208 | 49bb 0000 | 0000 0800 | 0000 4d03 | d34c 3bd0 | 0f85 c6c3 | 9bff 660f | 1f44 0000 
  0x0000025b68360bc0: 8984 2400 | 90ff ff55 | 4881 ec80 | 0000 0041 | 0fbe 5f38 | 83fb 000f | 8581 0600 | 004d 8bd0 
  0x0000025b68360be0: 49c1 ea03 | 4489 5218 | 488b da49 | 33d8 48c1 | eb15 4883 | fb00 0f85 | 8106 0000 | 410f be5f 
  0x0000025b68360c00: 3883 fb00 | 0f85 8b06 | 0000 4d8b | d049 c1ea | 0344 8952 | 1448 8bda | 4933 d848 | c1eb 1548 
  0x0000025b68360c20: 83fb 000f | 858b 0600 | 0083 ff00 | 0f84 5800 | 0000 498b | d983 c306 | 8b72 1848 | c1e6 033b 
  0x0000025b68360c40: 5e0c 0f83 | 8e06 0000 | 4863 fb0f | be7c 3e10 | 81e7 ff00 | 0000 c1e7 | 08ff c33b | 5e0c 0f83 
  0x0000025b68360c60: 8006 0000 | 4863 db0f | be5c 1e10 | 81e3 ff00 | 0000 480b | fb0f bfff | c1e7 1048 | 8bdf c1fb 
  0x0000025b68360c80: 1083 fb43 | 0f8f 3c05 | 0000 8b5a | 1848 c1e3 | 0349 8bf1 | 83c6 083b | 730c 0f83 | 5c06 0000 
  0x0000025b68360ca0: 4863 fe0f | be7c 3b10 | ffc6 3b73 | 0c0f 8357 | 0600 0048 | 63f6 0fbe | 5c33 1081 | e7ff 0000 
  0x0000025b68360cc0: 00c1 e708 | 81e3 ff00 | 0000 4c8b | df4c 0bdb | 498b db4c | 8bea 48ba | f865 0000 | 0800 0000 
  0x0000025b68360ce0: 4863 db48 | 8bfb 4881 | fbff ffff | 000f 8725 | 0600 0048 | be17 0000 | 0000 0000 | 0048 8d34 
  0x0000025b68360d00: 9e48 83e6 | f849 8b87 | 0801 0000 | 488d 3430 | 493b b718 | 0100 000f | 87fb 0500 | 0049 89b7 
  0x0000025b68360d20: 0801 0000 | 482b f048 | c700 0100 | 0000 488b | ca49 ba00 | 0000 0008 | 0000 0049 | 2bca 8948 
  0x0000025b68360d40: 0889 580c | 4883 ee10 | 0f84 1a00 | 0000 4885 | f60f 8411 | 0000 0048 | 33db 48c1 | ee03 4889 
  0x0000025b68360d60: 5cf0 0848 | ffce 75f6 | 410f be5f | 3883 fb00 | 0f85 ac05 | 0000 4c8b | d049 c1ea | 0345 8955 
  0x0000025b68360d80: 1c49 8bd5 | 4833 d048 | c1ea 1548 | 83fa 000f | 85ad 0500 | 0049 8bdb | 48ba 0881 | 0100 0800 
  0x0000025b68360da0: 0000 4863 | db48 8bfb | 4881 fbff | ffff 000f | 87a5 0500 | 0048 be17 | 0000 0000 | 0000 0048 
  0x0000025b68360dc0: 8d34 9e48 | 83e6 f849 | 8b87 0801 | 0000 488d | 3430 493b | b718 0100 | 000f 877b | 0500 0049 
  0x0000025b68360de0: 89b7 0801 | 0000 482b | f048 c700 | 0100 0000 | 488b ca49 | ba00 0000 | 0008 0000 | 0049 2bca 
  0x0000025b68360e00: 8948 0889 | 580c 4883 | ee10 0f84 | 1a00 0000 | 4885 f60f | 8411 0000 | 0048 33db | 48c1 ee03 
  0x0000025b68360e20: 4889 5cf0 | 0848 ffce | 75f6 410f | be5f 3883 | fb00 0f85 | 2c05 0000 | 4c8b d049 | c1ea 0345 
  0x0000025b68360e40: 8955 2049 | 8bd5 4833 | d048 c1ea | 1548 83fa | 000f 852d | 0500 0041 | 83c1 0abb | 0000 0000 
  0x0000025b68360e60: 41be 0000 | 0000 be00 | 0000 00ba | 0100 0000 | 413b d30f | 8d77 0100 | 0041 8b7d | 1c48 c1e7 
  0x0000025b68360e80: 0348 8bc2 | ffc0 498b | c9ff c13b | 570c 0f83 | 1205 0000 | 4863 d289 | 4c97 1045 | 3b48 0c0f 
  0x0000025b68360ea0: 8319 0500 | 0049 63d1 | 410f be54 | 1010 83fa | 010f 84d2 | 0000 0083 | fa03 0f84 | 8600 0000 
  0x0000025b68360ec0: 83fa 040f | 847d 0000 | 0083 fa05 | 0f84 6800 | 0000 83fa | 060f 845f | 0000 0083 | fa07 0f84 
  0x0000025b68360ee0: 6c00 0000 | 83fa 080f | 8463 0000 | 0083 fa09 | 0f8c 0900 | 0000 83fa | 0c0f 8e47 | 0000 0083 
  0x0000025b68360f00: fa0f 0f84 | 7700 0000 | 83fa 100f | 843f 0000 | 0083 fa11 | 0f84 5000 | 0000 83fa | 120f 8437 
  0x0000025b68360f20: 0000 0083 | fa13 0f84 | 2400 0000 | 83fa 140f | 841b 0000 | 00e9 1602 | 0000 ffc0 | ba09 0000 
  0x0000025b68360f40: 00e9 9200 | 0000 ba05 | 0000 00e9 | 8800 0000 | ba03 0000 | 00e9 7e00 | 0000 ba05 | 0000 0041 
  0x0000025b68360f60: be01 0000 | 00e9 6e00 | 0000 ba05 | 0000 00bb | 0100 0000 | 41be 0100 | 0000 e959 | 0000 00ba 
  0x0000025b68360f80: 0400 0000 | e94f 0000 | 0041 8b55 | 1848 c1e2 | 033b 4a0c | 0f83 3c04 | 0000 4863 | f90f be7c 
  0x0000025b68360fa0: 3a10 ffc1 | 3b4a 0c0f | 8337 0400 | 0048 63c9 | 0fbe 540a | 1001 e7ff | 0000 00c1 | e708 81e2 
  0x0000025b68360fc0: ff00 0000 | 480b fa83 | c703 3bfe | 488b d70f | 8e03 0000 | 0048 8bf7 | 4103 d14d | 8b97 4803 
  0x0000025b68360fe0: 0000 4185 | 024c 8bca | 488b d0e9 | 80fe ffff | 4189 7510 | 4589 4d0c | 83fb 004c | 8bc6 0f84 
  0x0000025b68361000: 9b00 0000 | 498b db90 | e9f4 0300 | 0000 0000 | 0000 4863 | db48 8bfb | 4881 fbff | ffff 000f 
  0x0000025b68361020: 87e6 0300 | 0048 be17 | 0000 0000 | 0000 0048 | 8d34 9e48 | 83e6 f849 | 8b87 0801 | 0000 488d 
  0x0000025b68361040: 3430 493b | b718 0100 | 000f 87bc | 0300 0049 | 89b7 0801 | 0000 482b | f048 c700 | 0100 0000 
  0x0000025b68361060: 488b ca49 | ba00 0000 | 0008 0000 | 0049 2bca | 8948 0889 | 580c 4883 | ee10 0f84 | 1a00 0000 
  0x0000025b68361080: 4885 f60f | 8411 0000 | 0048 33db | 48c1 ee03 | 4889 5cf0 | 0848 ffce | 75f6 e90a | 0000 0048 
  0x0000025b683610a0: b800 0000 | 0000 0000 | 0041 0fbe | 5738 83fa | 000f 855e | 0300 004c | 8bd0 49c1 | ea03 4589 
  0x0000025b683610c0: 5524 498b | d548 33d0 | 48c1 ea15 | 4883 fa00 | 0f85 5f03 | 0000 4183 | fe00 0f84 | 1900 0000 
  0x0000025b683610e0: 498b d54c | 896c 2458 | 0f1f 8000 | 0000 00e8 | 0cc4 9bff | e90f 0000 | 004c 896c | 2458 48b8 
  0x0000025b68361100: 0000 0000 | 0000 0000 | 4c8b 4424 | 5841 0fbe | 5738 83fa | 000f 8532 | 0300 004c | 8bd0 49c1 
  0x0000025b68361120: ea03 4589 | 5028 498b | d048 33d0 | 48c1 ea15 | 4883 fa00 | 0f85 3303 | 0000 4881 | c480 0000 
  0x0000025b68361140: 005d 493b | a740 0300 | 000f 8736 | 0300 00c3 | 48ba e0d7 | 0200 0800 | 0000 498b | 8708 0100 
  0x0000025b68361160: 0048 8d78 | 2849 3bbf | 1801 0000 | 0f87 2903 | 0000 4989 | bf08 0100 | 0048 c700 | 0100 0000 
  0x0000025b68361180: 488b ca49 | ba00 0000 | 0008 0000 | 0049 2bca | 8948 0848 | 33c9 8948 | 0c48 33c9 | 4889 4810 
  0x0000025b683611a0: 4889 4818 | 4889 4820 | 488b d048 | 8944 2460 | 0f1f 8000 | 0000 00e8 | 44c3 9bff | 488b 4424 
  0x0000025b683611c0: 60e9 2703 | 0000 4c8b | c248 bae0 | d702 0008 | 0000 0049 | 8b87 0801 | 0000 488d | 7828 493b 
  0x0000025b683611e0: bf18 0100 | 000f 87bd | 0200 0049 | 89bf 0801 | 0000 48c7 | 0001 0000 | 0048 8bca | 49ba 0000 
  0x0000025b68361200: 0000 0800 | 0000 492b | ca89 4808 | 4833 c989 | 480c 4833 | c948 8948 | 1048 8948 | 1848 8948 
  0x0000025b68361220: 200f 1f80 | 0000 0000 | e997 0200 | 0090 9090 | 9090 488b | d348 8944 | 2468 0f1f | 4400 00e8 
  0x0000025b68361240: bccd 9bff | 4c8b c048 | 8b54 2468 | 6666 90e8 | acc2 9bff | 488b 4424 | 68e9 8f02 | 0000 8b5a 
  0x0000025b68361260: 1848 c1e3 | 0348 83fb | 000f 846e | f9ff ff48 | 891c 24e8 | 8898 a6ff | e960 f9ff | ff49 83f8 
  0x0000025b68361280: 000f 8475 | f9ff ff48 | 8914 24e8 | 709c a6ff | e967 f9ff | ff8b 5a14 | 48c1 e303 | 4883 fb00 
  0x0000025b683612a0: 0f84 64f9 | ffff 4889 | 1c24 e851 | 98a6 ffe9 | 56f9 ffff | 4983 f800 | 0f84 6bf9 | ffff 4889 
  0x0000025b683612c0: 1424 e839 | 9ca6 ffe9 | 5df9 ffff | e8cf 2ba6 | ffe8 ca2b | a6ff 4889 | 1c24 4889 | 7424 08e8 
  0x0000025b683612e0: bc22 a6ff | 4889 1c24 | 4889 7424 | 08e8 ae22 | a6ff e8a9 | 2ba6 ffe8 | a42b a6ff | 4889 3424 
  0x0000025b68361300: 4889 5c24 | 08e8 9622 | a6ff 4889 | 3424 4889 | 5c24 08e8 | 8822 a6ff | e863 3ea6 | ffe9 46fa 
  0x0000025b68361320: ffff 418b | 5d1c 48c1 | e303 4883 | fb00 0f84 | 42fa ffff | 4889 1c24 | e8c3 97a6 | ffe9 34fa 
  0x0000025b68361340: ffff 4883 | f800 0f84 | 49fa ffff | 4c89 2c24 | e8ab 9ba6 | ffe9 3bfa | ffff e821 | 42a6 ffe9 
  0x0000025b68361360: c6fa ffff | 418b 5d20 | 48c1 e303 | 4883 fb00 | 0f84 c2fa | ffff 4889 | 1c24 e881 | 97a6 ffe9 
  0x0000025b68361380: b4fa ffff | 4883 f800 | 0f84 c9fa | ffff 4c89 | 2c24 e869 | 9ba6 ffe9 | bbfa ffff | e8ff 2aa6 
  0x0000025b683613a0: ffe8 fa2a | a6ff 4889 | 1424 4889 | 7c24 08e8 | ec21 a6ff | e8e7 2aa6 | ffe8 e22a | a6ff 4c89 
  0x0000025b683613c0: 0c24 4c89 | 4424 08e8 | d421 a6ff | e8cf 2aa6 | ffe8 ca2a | a6ff 4889 | 0c24 4889 | 5424 08e8 
  0x0000025b683613e0: bc21 a6ff | 4889 0c24 | 4889 5424 | 08e8 ae21 | a6ff 48ba | 0000 0000 | 0000 0000 | b800 0f05 
  0x0000025b68361400: 0ae8 7a79 | a6ff e9fd | fbff ffe8 | 7041 a6ff | e985 fcff | ff41 8b55 | 2448 c1e2 | 0348 83fa 
  0x0000025b68361420: 000f 8490 | fcff ff48 | 8914 24e8 | d096 a6ff | e982 fcff | ff48 83f8 | 000f 8497 | fcff ff4c 
  0x0000025b68361440: 892c 24e8 | b89a a6ff | e989 fcff | ff41 8b50 | 2848 c1e2 | 0348 83fa | 000f 84bc | fcff ff48 
  0x0000025b68361460: 8914 24e8 | 9896 a6ff | e9ae fcff | ff48 83f8 | 000f 84c3 | fcff ff4c | 8904 24e8 | 809a a6ff 
  0x0000025b68361480: e9b5 fcff | ff49 ba42 | 1136 685b | 0200 004d | 8997 5803 | 0000 e9e5 | 349c ff48 | 8bd2 e8dd 
  0x0000025b683614a0: 34a6 ffe9 | 00fd ffff | 488b d2e8 | d034 a6ff | e96c fdff | ff49 b800 | 0000 0000 | 0000 00b8 
  0x0000025b683614c0: 000f 050a | e8b7 85a6 | ffe9 5afd | ffff 9090 | 498b 87d0 | 0300 0049 | c787 d003 | 0000 0000 
  0x0000025b683614e0: 0000 49c7 | 87d8 0300 | 0000 0000 | 0048 81c4 | 8000 0000 | 5de9 861a | a6ff f4f4 | f4f4 f4f4 
  0x0000025b68361500: 0f1f 4400 | 0048 bb00 | 0000 0000 | 0000 00e9 | fbff ffff | 9048 bb00 | 0000 0000 | 0000 00e9 
  0x0000025b68361520: fbff ffff | 9048 bb00 | 0000 0000 | 0000 00e9 | fbff ffff | 9048 bb00 | 0000 0000 | 0000 00e9 
  0x0000025b68361540: fbff ffff | e837 4fa6 | ff48 b998 | 2e73 58fe | 7f00 0048 | 83e4 f049 | bae0 5841 | 58fe 7f00 
  0x0000025b68361560: 0041 ffd2 | f449 ba65 | 1536 685b | 0200 0041 | 52e9 2a49 | 9cff f4f4 
[/MachCode]
--------------------------------------------------------------------------------


---------------  P R O C E S S  ---------------

Threads class SMR info:
_java_thread_list=0x0000025b7a5550b0, length=16, elements={
0x0000025b5ed15630, 0x0000025b77b65760, 0x0000025b77b66720, 0x0000025b77b74cf0,
0x0000025b77b757b0, 0x0000025b77b76260, 0x0000025b77b78c20, 0x0000025b77b795d0,
0x0000025b77b7aee0, 0x0000025b77b4fb60, 0x0000025b77b50200, 0x0000025b785df910,
0x0000025b789a20f0, 0x0000025b789a25c0, 0x0000025b78b9f300, 0x0000025b7a246c10
}

Java Threads: ( => current thread )
=>0x0000025b5ed15630 JavaThread "main" [_thread_in_Java, id=8744, stack(0x000000a3aa600000,0x000000a3aa700000)]
  0x0000025b77b65760 JavaThread "Reference Handler" daemon [_thread_blocked, id=9668, stack(0x000000a3aad00000,0x000000a3aae00000)]
  0x0000025b77b66720 JavaThread "Finalizer" daemon [_thread_blocked, id=14920, stack(0x000000a3aae00000,0x000000a3aaf00000)]
  0x0000025b77b74cf0 JavaThread "Signal Dispatcher" daemon [_thread_blocked, id=18344, stack(0x000000a3aaf00000,0x000000a3ab000000)]
  0x0000025b77b757b0 JavaThread "Attach Listener" daemon [_thread_blocked, id=8464, stack(0x000000a3ab000000,0x000000a3ab100000)]
  0x0000025b77b76260 JavaThread "Service Thread" daemon [_thread_blocked, id=19324, stack(0x000000a3ab100000,0x000000a3ab200000)]
  0x0000025b77b78c20 JavaThread "Monitor Deflation Thread" daemon [_thread_blocked, id=1424, stack(0x000000a3ab200000,0x000000a3ab300000)]
  0x0000025b77b795d0 JavaThread "C1 CompilerThread0" daemon [_thread_blocked, id=2572, stack(0x000000a3ab300000,0x000000a3ab400000)]
  0x0000025b77b7aee0 JavaThread "Sweeper thread" daemon [_thread_blocked, id=15160, stack(0x000000a3ab400000,0x000000a3ab500000)]
  0x0000025b77b4fb60 JavaThread "Common-Cleaner" daemon [_thread_blocked, id=12640, stack(0x000000a3ab500000,0x000000a3ab600000)]
  0x0000025b77b50200 JavaThread "C1 CompilerThread1" daemon [_thread_blocked, id=5308, stack(0x000000a3ab600000,0x000000a3ab700000)]
  0x0000025b785df910 JavaThread "C1 CompilerThread2" daemon [_thread_blocked, id=5980, stack(0x000000a3ab700000,0x000000a3ab800000)]
  0x0000025b789a20f0 JavaThread "Monitor Ctrl-Break" daemon [_thread_in_native, id=15540, stack(0x000000a3ab800000,0x000000a3ab900000)]
  0x0000025b789a25c0 JavaThread "Notification Thread" daemon [_thread_blocked, id=18976, stack(0x000000a3ab900000,0x000000a3aba00000)]
  0x0000025b78b9f300 JavaThread "RMI TCP Accept-0" daemon [_thread_in_native, id=2120, stack(0x000000a3aba00000,0x000000a3abb00000)]
  0x0000025b7a246c10 JavaThread "C1 CompilerThread3" daemon [_thread_blocked, id=6052, stack(0x000000a3ac700000,0x000000a3ac800000)]

Other Threads:
  0x0000025b77b5ecb0 VMThread "VM Thread" [stack: 0x000000a3aac00000,0x000000a3aad00000] [id=5624]
  0x0000025b5ed84a30 WatcherThread [stack: 0x000000a3abb00000,0x000000a3abc00000] [id=12068]
  0x0000025b5ea7e7f0 GCTaskThread "GC Thread#0" [stack: 0x000000a3aa700000,0x000000a3aa800000] [id=13104]
  0x0000025b78e60ed0 GCTaskThread "GC Thread#1" [stack: 0x000000a3abc00000,0x000000a3abd00000] [id=8284]
  0x0000025b78e809a0 GCTaskThread "GC Thread#2" [stack: 0x000000a3abd00000,0x000000a3abe00000] [id=19008]
  0x0000025b78e80c50 GCTaskThread "GC Thread#3" [stack: 0x000000a3abe00000,0x000000a3abf00000] [id=13440]
  0x0000025b78e80f00 GCTaskThread "GC Thread#4" [stack: 0x000000a3abf00000,0x000000a3ac000000] [id=588]
  0x0000025b78e811b0 GCTaskThread "GC Thread#5" [stack: 0x000000a3ac000000,0x000000a3ac100000] [id=14568]
  0x0000025b78eb66f0 GCTaskThread "GC Thread#6" [stack: 0x000000a3ac100000,0x000000a3ac200000] [id=16952]
  0x0000025b7a0103c0 GCTaskThread "GC Thread#7" [stack: 0x000000a3ac400000,0x000000a3ac500000] [id=2520]
  0x0000025b7a039c40 GCTaskThread "GC Thread#8" [stack: 0x000000a3ac500000,0x000000a3ac600000] [id=19204]
  0x0000025b7a31bc70 GCTaskThread "GC Thread#9" [stack: 0x000000a3ac600000,0x000000a3ac700000] [id=9976]
  0x0000025b5ed73c40 ConcurrentGCThread "G1 Main Marker" [stack: 0x000000a3aa800000,0x000000a3aa900000] [id=11988]
  0x0000025b5ed74560 ConcurrentGCThread "G1 Conc#0" [stack: 0x000000a3aa900000,0x000000a3aaa00000] [id=19372]
  0x0000025b7a467670 ConcurrentGCThread "G1 Conc#1" [stack: 0x000000a3ac800000,0x000000a3ac900000] [id=10164]
  0x0000025b7a40fc00 ConcurrentGCThread "G1 Conc#2" [stack: 0x000000a3ac900000,0x000000a3aca00000] [id=11472]
  0x0000025b5edcecb0 ConcurrentGCThread "G1 Refine#0" [stack: 0x000000a3aaa00000,0x000000a3aab00000] [id=10000]
  0x0000025b78e8e170 ConcurrentGCThread "G1 Refine#1" [stack: 0x000000a3ac200000,0x000000a3ac300000] [id=17276]
  0x0000025b77a19c50 ConcurrentGCThread "G1 Service" [stack: 0x000000a3aab00000,0x000000a3aac00000] [id=14236]

Threads with active compile tasks:

VM state: not at safepoint (normal execution)

VM Mutex/Monitor currently owned by a thread: None

Heap address: 0x0000000702800000, size: 4056 MB, Compressed Oops mode: Zero based, Oop shift amount: 3

CDS archive(s) mapped at: [0x0000000800000000-0x0000000800bc0000-0x0000000800bc0000), size 12320768, SharedBaseAddress: 0x0000000800000000, ArchiveRelocationMode: 0.
Compressed class space mapped at: 0x0000000800c00000-0x0000000840c00000, reserved size: 1073741824
Narrow klass base: 0x0000000800000000, Narrow klass shift: 0, Narrow klass range: 0x100000000

GC Precious Log:
 CPUs: 12 total, 12 available
 Memory: 16220M
 Large Page Support: Disabled
 NUMA Support: Disabled
 Compressed Oops: Enabled (Zero based)
 Heap Region Size: 2M
 Heap Min Capacity: 8M
 Heap Initial Capacity: 254M
 Heap Max Capacity: 4056M
 Pre-touch: Disabled
 Parallel Workers: 10
 Concurrent Workers: 3
 Concurrent Refinement Workers: 10
 Periodic GC: Disabled

Heap:
 garbage-first heap   total 55296K, used 13477K [0x0000000702800000, 0x0000000800000000)
  region size 2048K, 5 young (10240K), 3 survivors (6144K)
 Metaspace       used 21684K, committed 21952K, reserved 1073152K
  class space    used 2994K, committed 3136K, reserved 1048576K

Heap Regions: E=young(eden), S=young(survivor), O=old, HS=humongous(starts), HC=humongous(continues), CS=collection set, F=free, OA=open archive, CA=closed archive, TAMS=top-at-mark-start (previous, next)
|   0|0x0000000702800000, 0x0000000702a00000, 0x0000000702a00000|100%| O|  |TAMS 0x0000000702a00000, 0x0000000702800000| Untracked 
|   1|0x0000000702a00000, 0x0000000702c00000, 0x0000000702c00000|100%| O|  |TAMS 0x0000000702c00000, 0x0000000702a00000| Untracked 
|   2|0x0000000702c00000, 0x0000000702e00000, 0x0000000702e00000|100%| O|  |TAMS 0x0000000702e00000, 0x0000000702c00000| Untracked 
|   3|0x0000000702e00000, 0x0000000702f5ce00, 0x0000000703000000| 68%| O|  |TAMS 0x0000000702f5ce00, 0x0000000702e00000| Untracked 
|   4|0x0000000703000000, 0x0000000703000000, 0x0000000703200000|  0%| F|  |TAMS 0x0000000703000000, 0x0000000703000000| Untracked 
|   5|0x0000000703200000, 0x0000000703200000, 0x0000000703400000|  0%| F|  |TAMS 0x0000000703200000, 0x0000000703200000| Untracked 
|   6|0x0000000703400000, 0x0000000703400000, 0x0000000703600000|  0%| F|  |TAMS 0x0000000703400000, 0x0000000703400000| Untracked 
|   7|0x0000000703600000, 0x0000000703600000, 0x0000000703800000|  0%| F|  |TAMS 0x0000000703600000, 0x0000000703600000| Untracked 
|   8|0x0000000703800000, 0x0000000703800000, 0x0000000703a00000|  0%| F|  |TAMS 0x0000000703800000, 0x0000000703800000| Untracked 
|   9|0x0000000703a00000, 0x0000000703a00000, 0x0000000703c00000|  0%| F|  |TAMS 0x0000000703a00000, 0x0000000703a00000| Untracked 
|  10|0x0000000703c00000, 0x0000000703c00000, 0x0000000703e00000|  0%| F|  |TAMS 0x0000000703c00000, 0x0000000703c00000| Untracked 
|  11|0x0000000703e00000, 0x0000000703e00000, 0x0000000704000000|  0%| F|  |TAMS 0x0000000703e00000, 0x0000000703e00000| Untracked 
|  12|0x0000000704000000, 0x0000000704000000, 0x0000000704200000|  0%| F|  |TAMS 0x0000000704000000, 0x0000000704000000| Untracked 
|  13|0x0000000704200000, 0x0000000704200000, 0x0000000704400000|  0%| F|  |TAMS 0x0000000704200000, 0x0000000704200000| Untracked 
|  14|0x0000000704400000, 0x0000000704400000, 0x0000000704600000|  0%| F|  |TAMS 0x0000000704400000, 0x0000000704400000| Untracked 
|  15|0x0000000704600000, 0x0000000704600000, 0x0000000704800000|  0%| F|  |TAMS 0x0000000704600000, 0x0000000704600000| Untracked 
|  16|0x0000000704800000, 0x0000000704800000, 0x0000000704a00000|  0%| F|  |TAMS 0x0000000704800000, 0x0000000704800000| Untracked 
|  17|0x0000000704a00000, 0x0000000704a00000, 0x0000000704c00000|  0%| F|  |TAMS 0x0000000704a00000, 0x0000000704a00000| Untracked 
|  18|0x0000000704c00000, 0x0000000704c00000, 0x0000000704e00000|  0%| F|  |TAMS 0x0000000704c00000, 0x0000000704c00000| Untracked 
|  19|0x0000000704e00000, 0x0000000704e00000, 0x0000000705000000|  0%| F|  |TAMS 0x0000000704e00000, 0x0000000704e00000| Untracked 
|  20|0x0000000705000000, 0x0000000705000000, 0x0000000705200000|  0%| F|  |TAMS 0x0000000705000000, 0x0000000705000000| Untracked 
|  21|0x0000000705200000, 0x0000000705200000, 0x0000000705400000|  0%| F|  |TAMS 0x0000000705200000, 0x0000000705200000| Untracked 
|  22|0x0000000705400000, 0x00000007055ea138, 0x0000000705600000| 95%| E|  |TAMS 0x0000000705400000, 0x0000000705400000| Complete 
|  67|0x000000070ae00000, 0x000000070afcc880, 0x000000070b000000| 89%| S|CS|TAMS 0x000000070ae00000, 0x000000070ae00000| Complete 
|  68|0x000000070b000000, 0x000000070b200000, 0x000000070b200000|100%| S|CS|TAMS 0x000000070b000000, 0x000000070b000000| Complete 
|  69|0x000000070b200000, 0x000000070b400000, 0x000000070b400000|100%| S|CS|TAMS 0x000000070b200000, 0x000000070b200000| Complete 
| 126|0x0000000712400000, 0x0000000712600000, 0x0000000712600000|100%| E|  |TAMS 0x0000000712400000, 0x0000000712400000| Complete 

Card table byte_map: [0x0000025b6bfc0000,0x0000025b6c7b0000] _byte_map_base: 0x0000025b687ac000

Marking Bits (Prev, Next): (CMBitMap*) 0x0000025b5ed635d0, (CMBitMap*) 0x0000025b5ed63590
 Prev Bits: [0x0000025b70f00000, 0x0000025b74e60000)
 Next Bits: [0x0000025b6cfa0000, 0x0000025b70f00000)

Polling page: 0x0000025b5edd0000

Metaspace:

Usage:
  Non-class:     18.25 MB used.
      Class:      2.92 MB used.
       Both:     21.18 MB used.

Virtual space:
  Non-class space:       24.00 MB reserved,      18.38 MB ( 77%) committed,  3 nodes.
      Class space:        1.00 GB reserved,       3.06 MB ( <1%) committed,  1 nodes.
             Both:        1.02 GB reserved,      21.44 MB (  2%) committed. 

Chunk freelists:
   Non-Class:  1.19 MB
       Class:  848.00 KB
        Both:  2.02 MB

MaxMetaspaceSize: unlimited
CompressedClassSpaceSize: 1.00 GB
Initial GC threshold: 21.00 MB
Current GC threshold: 35.25 MB
CDS: on
MetaspaceReclaimPolicy: balanced
 - commit_granule_bytes: 65536.
 - commit_granule_words: 8192.
 - virtual_space_node_default_size: 1048576.
 - enlarge_chunks_in_place: 1.
 - new_chunks_are_fully_committed: 0.
 - uncommit_free_chunks: 1.
 - use_allocation_guard: 0.
 - handle_deallocations: 1.


Internal statistics:

num_allocs_failed_limit: 3.
num_arena_births: 240.
num_arena_deaths: 0.
num_vsnodes_births: 4.
num_vsnodes_deaths: 0.
num_space_committed: 343.
num_space_uncommitted: 0.
num_chunks_returned_to_freelist: 3.
num_chunks_taken_from_freelist: 886.
num_chunk_merges: 3.
num_chunk_splits: 649.
num_chunks_enlarged: 526.
num_purges: 0.
num_inconsistent_stats: 0.

CodeCache: size=49152Kb used=6805Kb max_used=6805Kb free=42346Kb
 bounds [0x0000025b67cd0000, 0x0000025b68380000, 0x0000025b6acd0000]
 total_blobs=3099 nmethods=2583 adapters=440
 compilation: enabled
              stopped_count=0, restarted_count=0
 full_count=0

Compilation events (20 events):
Event: 0.996 Thread 0x0000025b785df910 2544       1       java.lang.Integer::equals (29 bytes)
Event: 0.996 Thread 0x0000025b785df910 nmethod 2544 0x0000025b68360590 code [0x0000025b68360720, 0x0000025b683608b8]
Event: 0.996 Thread 0x0000025b785df910 2545       1       java.util.Optional::<init> (10 bytes)
Event: 0.997 Thread 0x0000025b785df910 nmethod 2545 0x0000025b68361990 code [0x0000025b68361b20, 0x0000025b68361c38]
Event: 0.997 Thread 0x0000025b77b50200 nmethod 2540 0x0000025b68360990 code [0x0000025b68360ba0, 0x0000025b68361578]
Event: 0.997 Thread 0x0000025b77b50200 2546       1       org.springframework.core.annotation.TypeMappedAnnotation::isFiltered (28 bytes)
Event: 0.997 Thread 0x0000025b785df910 2547       1       org.springframework.core.annotation.TypeMappedAnnotation::getValue (41 bytes)
Event: 0.997 Thread 0x0000025b77b795d0 2548       1       org.springframework.core.annotation.TypeMappedAnnotation::adapt (355 bytes)
Event: 0.997 Thread 0x0000025b7a246c10 2549       1       org.springframework.core.annotation.TypeMappedAnnotation::adaptForAttribute (253 bytes)
Event: 0.997 Thread 0x0000025b77b50200 nmethod 2546 0x0000025b68361c90 code [0x0000025b68361e40, 0x0000025b68361f88]
Event: 0.997 Thread 0x0000025b77b50200 2550       1       org.springframework.core.annotation.TypeMappedAnnotation::getAdaptType (48 bytes)
Event: 0.997 Thread 0x0000025b785df910 nmethod 2547 0x0000025b68362010 code [0x0000025b683621c0, 0x0000025b68362368]
Event: 0.997 Thread 0x0000025b785df910 2551       1       org.springframework.core.annotation.AnnotationsScanner::hasPlainJavaAnnotationsOnly (26 bytes)
Event: 0.997 Thread 0x0000025b77b50200 nmethod 2550 0x0000025b68362510 code [0x0000025b683626e0, 0x0000025b68362988]
Event: 0.997 Thread 0x0000025b785df910 nmethod 2551 0x0000025b68362b10 code [0x0000025b68362cc0, 0x0000025b68362e18]
Event: 0.998 Thread 0x0000025b77b795d0 nmethod 2548 0x0000025b68362f10 code [0x0000025b68363220, 0x0000025b68364148]
Event: 0.998 Thread 0x0000025b7a246c10 nmethod 2549 0x0000025b68364990 code [0x0000025b68364ca0, 0x0000025b68365898]
Event: 0.999 Thread 0x0000025b7a246c10 2552       1       java.util.ArrayList::toArray (12 bytes)
Event: 0.999 Thread 0x0000025b7a246c10 nmethod 2552 0x0000025b68365e90 code [0x0000025b68366020, 0x0000025b68366128]
Event: 1.000 Thread 0x0000025b7a246c10 2553   !   1       java.util.concurrent.ConcurrentHashMap::initTable (112 bytes)

GC Heap History (8 events):
Event: 0.379 GC heap before
{Heap before GC invocations=0 (full 0):
 garbage-first heap   total 260096K, used 22528K [0x0000000702800000, 0x0000000800000000)
  region size 2048K, 11 young (22528K), 0 survivors (0K)
 Metaspace       used 6498K, committed 6656K, reserved 1056768K
  class space    used 813K, committed 896K, reserved 1048576K
}
Event: 0.382 GC heap after
{Heap after GC invocations=1 (full 0):
 garbage-first heap   total 260096K, used 6942K [0x0000000702800000, 0x0000000800000000)
  region size 2048K, 2 young (4096K), 2 survivors (4096K)
 Metaspace       used 6498K, committed 6656K, reserved 1056768K
  class space    used 813K, committed 896K, reserved 1048576K
}
Event: 0.694 GC heap before
{Heap before GC invocations=1 (full 0):
 garbage-first heap   total 260096K, used 29470K [0x0000000702800000, 0x0000000800000000)
  region size 2048K, 13 young (26624K), 2 survivors (4096K)
 Metaspace       used 11675K, committed 11904K, reserved 1064960K
  class space    used 1608K, committed 1728K, reserved 1048576K
}
Event: 0.697 GC heap after
{Heap after GC invocations=2 (full 0):
 garbage-first heap   total 260096K, used 9276K [0x0000000702800000, 0x0000000800000000)
  region size 2048K, 1 young (2048K), 1 survivors (2048K)
 Metaspace       used 11675K, committed 11904K, reserved 1064960K
  class space    used 1608K, committed 1728K, reserved 1048576K
}
Event: 0.885 GC heap before
{Heap before GC invocations=2 (full 0):
 garbage-first heap   total 260096K, used 70716K [0x0000000702800000, 0x0000000800000000)
  region size 2048K, 32 young (65536K), 1 survivors (2048K)
 Metaspace       used 17921K, committed 18112K, reserved 1064960K
  class space    used 2479K, committed 2560K, reserved 1048576K
}
Event: 0.888 GC heap after
{Heap after GC invocations=3 (full 0):
 garbage-first heap   total 260096K, used 11850K [0x0000000702800000, 0x0000000800000000)
  region size 2048K, 3 young (6144K), 3 survivors (6144K)
 Metaspace       used 17921K, committed 18112K, reserved 1064960K
  class space    used 2479K, committed 2560K, reserved 1048576K
}
Event: 0.984 GC heap before
{Heap before GC invocations=3 (full 0):
 garbage-first heap   total 260096K, used 118346K [0x0000000702800000, 0x0000000800000000)
  region size 2048K, 57 young (116736K), 3 survivors (6144K)
 Metaspace       used 21283K, committed 21504K, reserved 1073152K
  class space    used 2929K, committed 3008K, reserved 1048576K
}
Event: 0.986 GC heap after
{Heap after GC invocations=4 (full 0):
 garbage-first heap   total 260096K, used 13477K [0x0000000702800000, 0x0000000800000000)
  region size 2048K, 3 young (6144K), 3 survivors (6144K)
 Metaspace       used 21283K, committed 21504K, reserved 1073152K
  class space    used 2929K, committed 3008K, reserved 1048576K
}

Deoptimization events (8 events):
Event: 0.367 Thread 0x0000025b5ed15630 DEOPT PACKING pc=0x0000025b67fac201 sp=0x000000a3aa6fd9a0
Event: 0.367 Thread 0x0000025b5ed15630 DEOPT UNPACKING pc=0x0000025b67d26763 sp=0x000000a3aa6fcdf8 mode 3
Event: 0.720 Thread 0x0000025b79053c80 DEOPT PACKING pc=0x0000025b681a65d5 sp=0x000000a3ac3fe920
Event: 0.720 Thread 0x0000025b79053c80 DEOPT UNPACKING pc=0x0000025b67d26763 sp=0x000000a3ac3fde80 mode 3
Event: 0.748 Thread 0x0000025b5ed15630 DEOPT PACKING pc=0x0000025b681d23f9 sp=0x000000a3aa6fd530
Event: 0.748 Thread 0x0000025b5ed15630 DEOPT UNPACKING pc=0x0000025b67d26763 sp=0x000000a3aa6fca10 mode 3
Event: 0.827 Thread 0x0000025b5ed15630 DEOPT PACKING pc=0x0000025b68215055 sp=0x000000a3aa6fdb80
Event: 0.827 Thread 0x0000025b5ed15630 DEOPT UNPACKING pc=0x0000025b67d26763 sp=0x000000a3aa6fd028 mode 3

Classes unloaded (0 events):
No events

Classes redefined (0 events):
No events

Internal exceptions (20 events):
Event: 0.640 Thread 0x0000025b5ed15630 Exception <a 'java/lang/NoSuchMethodError'{0x00000007114540c8}: 'void java.lang.invoke.DirectMethodHandle$Holder.invokeStaticInit(java.lang.Object, java.lang.Object, java.lang.Object)'> (0x00000007114540c8) 
thrown [t:\workspace\open\src\hotspot\share\interpreter\linkResolver.cpp, line 766]
Event: 0.643 Thread 0x0000025b5ed15630 Exception <a 'java/lang/NoSuchMethodError'{0x000000071149c210}: 'java.lang.Object java.lang.invoke.DirectMethodHandle$Holder.invokeStatic(java.lang.Object, java.lang.Object, long, java.lang.Object)'> (0x000000071149c210) 
thrown [t:\workspace\open\src\hotspot\share\interpreter\linkResolver.cpp, line 766]
Event: 0.643 Thread 0x0000025b5ed15630 Exception <a 'java/lang/NoSuchMethodError'{0x000000071149fca8}: 'java.lang.Object java.lang.invoke.DirectMethodHandle$Holder.invokeStaticInit(java.lang.Object, java.lang.Object, long, java.lang.Object)'> (0x000000071149fca8) 
thrown [t:\workspace\open\src\hotspot\share\interpreter\linkResolver.cpp, line 766]
Event: 0.644 Thread 0x0000025b5ed15630 Exception <a 'java/lang/NoSuchMethodError'{0x00000007114a62b8}: 'java.lang.Object java.lang.invoke.DirectMethodHandle$Holder.newInvokeSpecial(java.lang.Object, java.lang.Object, long)'> (0x00000007114a62b8) 
thrown [t:\workspace\open\src\hotspot\share\interpreter\linkResolver.cpp, line 766]
Event: 0.644 Thread 0x0000025b5ed15630 Exception <a 'java/lang/NoSuchMethodError'{0x00000007114a9e28}: 'java.lang.Object java.lang.invoke.Invokers$Holder.linkToTargetMethod(java.lang.Object, long, java.lang.Object)'> (0x00000007114a9e28) 
thrown [t:\workspace\open\src\hotspot\share\interpreter\linkResolver.cpp, line 766]
Event: 0.651 Thread 0x0000025b5ed15630 Exception <a 'java/lang/NoSuchMethodError'{0x00000007115084e8}: 'void java.lang.invoke.DirectMethodHandle$Holder.invokeVirtual(java.lang.Object, java.lang.Object, java.lang.Object, java.lang.Object)'> (0x00000007115084e8) 
thrown [t:\workspace\open\src\hotspot\share\interpreter\linkResolver.cpp, line 766]
Event: 0.671 Thread 0x0000025b5ed15630 Exception <a 'java/lang/NoSuchMethodError'{0x000000071126a618}: 'void java.lang.invoke.DirectMethodHandle$Holder.invokeSpecial(java.lang.Object, java.lang.Object, java.lang.Object)'> (0x000000071126a618) 
thrown [t:\workspace\open\src\hotspot\share\interpreter\linkResolver.cpp, line 766]
Event: 0.675 Thread 0x0000025b5ed15630 Exception <a 'java/lang/IncompatibleClassChangeError'{0x000000071129cac0}: Found class java.lang.Object, but interface was expected> (0x000000071129cac0) 
thrown [t:\workspace\open\src\hotspot\share\interpreter\linkResolver.cpp, line 833]
Event: 0.720 Thread 0x0000025b79053c80 Implicit null exception at 0x0000025b681a5eb3 to 0x0000025b681a65d0
Event: 0.804 Thread 0x0000025b5ed15630 Exception <a 'sun/nio/fs/WindowsException'{0x00000007113285f0}> (0x00000007113285f0) 
thrown [t:\workspace\open\src\hotspot\share\prims\jni.cpp, line 516]
Event: 0.805 Thread 0x0000025b5ed15630 Exception <a 'java/lang/NoSuchMethodError'{0x0000000711329b28}: 'int java.lang.invoke.DirectMethodHandle$Holder.invokeSpecial(java.lang.Object, java.lang.Object, java.lang.Object, java.lang.Object, java.lang.Object)'> (0x0000000711329b28) 
thrown [t:\workspace\open\src\hotspot\share\interpreter\linkResolver.cpp, line 766]
Event: 0.806 Thread 0x0000025b5ed15630 Exception <a 'java/lang/NoSuchMethodError'{0x0000000711332668}: 'void java.lang.invoke.DirectMethodHandle$Holder.invokeVirtual(java.lang.Object, java.lang.Object)'> (0x0000000711332668) 
thrown [t:\workspace\open\src\hotspot\share\interpreter\linkResolver.cpp, line 766]
Event: 0.927 Thread 0x0000025b5ed15630 Exception <a 'java/lang/IncompatibleClassChangeError'{0x000000070c0b8850}: Found class java.lang.Object, but interface was expected> (0x000000070c0b8850) 
thrown [t:\workspace\open\src\hotspot\share\interpreter\linkResolver.cpp, line 833]
Event: 0.966 Thread 0x0000025b79053c80 Exception <a 'java/lang/NoSuchMethodError'{0x000000070b86b6a0}: 'long java.lang.invoke.DirectMethodHandle$Holder.invokeSpecial(java.lang.Object, java.lang.Object)'> (0x000000070b86b6a0) 
thrown [t:\workspace\open\src\hotspot\share\interpreter\linkResolver.cpp, line 766]
Event: 0.967 Thread 0x0000025b79053c80 Exception <a 'java/lang/NoSuchMethodError'{0x000000070b8762c8}: 'long java.lang.invoke.DirectMethodHandle$Holder.invokeStatic(java.lang.Object, java.lang.Object)'> (0x000000070b8762c8) 
thrown [t:\workspace\open\src\hotspot\share\interpreter\linkResolver.cpp, line 766]
Event: 0.967 Thread 0x0000025b79053c80 Exception <a 'java/lang/NoSuchMethodError'{0x000000070b879620}: 'long java.lang.invoke.DirectMethodHandle$Holder.invokeStaticInit(java.lang.Object, java.lang.Object)'> (0x000000070b879620) 
thrown [t:\workspace\open\src\hotspot\share\interpreter\linkResolver.cpp, line 766]
Event: 0.968 Thread 0x0000025b79053c80 Exception <a 'java/lang/NoSuchMethodError'{0x000000070b886f20}: 'long java.lang.invoke.DirectMethodHandle$Holder.invokeInterface(java.lang.Object, java.lang.Object)'> (0x000000070b886f20) 
thrown [t:\workspace\open\src\hotspot\share\interpreter\linkResolver.cpp, line 766]
Event: 0.968 Thread 0x0000025b79053c80 Exception <a 'java/lang/IncompatibleClassChangeError'{0x000000070b88a208}: Found class java.lang.Object, but interface was expected> (0x000000070b88a208) 
thrown [t:\workspace\open\src\hotspot\share\interpreter\linkResolver.cpp, line 833]
Event: 0.970 Thread 0x0000025b79053c80 Exception <a 'java/lang/NoSuchMethodError'{0x000000070b606898}: 'java.lang.Object java.lang.invoke.DirectMethodHandle$Holder.invokeVirtual(java.lang.Object, java.lang.Object, java.lang.Object, java.lang.Object)'> (0x000000070b606898) 
thrown [t:\workspace\open\src\hotspot\share\interpreter\linkResolver.cpp, line 766]
Event: 1.000 Thread 0x0000025b5ed15630 Implicit null exception at 0x0000025b68360fb7 to 0x0000000000000000

VM Operations (20 events):
Event: 0.646 Executing VM operation: ICBufferFull
Event: 0.646 Executing VM operation: ICBufferFull done
Event: 0.667 Executing VM operation: HandshakeAllThreads
Event: 0.667 Executing VM operation: HandshakeAllThreads done
Event: 0.669 Executing VM operation: HandshakeAllThreads
Event: 0.669 Executing VM operation: HandshakeAllThreads done
Event: 0.694 Executing VM operation: G1CollectForAllocation
Event: 0.697 Executing VM operation: G1CollectForAllocation done
Event: 0.775 Executing VM operation: HandshakeAllThreads
Event: 0.775 Executing VM operation: HandshakeAllThreads done
Event: 0.796 Executing VM operation: HandshakeAllThreads
Event: 0.796 Executing VM operation: HandshakeAllThreads done
Event: 0.885 Executing VM operation: G1CollectForAllocation
Event: 0.888 Executing VM operation: G1CollectForAllocation done
Event: 0.984 Executing VM operation: CollectForMetadataAllocation
Event: 0.986 Executing VM operation: CollectForMetadataAllocation done
Event: 0.990 Executing VM operation: G1Concurrent
Event: 0.991 Executing VM operation: G1Concurrent done
Event: 0.992 Executing VM operation: G1Concurrent
Event: 0.993 Executing VM operation: G1Concurrent done

Events (20 events):
Event: 0.993 loading class sun/security/rsa/SunRsaSign done
Event: 0.993 loading class sun/security/rsa/SunRsaSignEntries
Event: 0.993 loading class sun/security/rsa/SunRsaSignEntries done
Event: 0.993 loading class sun/security/jca/ProviderConfig$3
Event: 0.993 loading class sun/security/jca/ProviderConfig$3 done
Event: 0.993 loading class sun/security/jca/ProviderConfig$ProviderLoader
Event: 0.993 loading class sun/security/jca/ProviderConfig$ProviderLoader done
Event: 0.994 loading class java/security/InvalidParameterException
Event: 0.994 loading class java/security/InvalidParameterException done
Event: 0.994 loading class java/security/ProviderException
Event: 0.994 loading class java/security/ProviderException done
Event: 0.995 loading class java/security/AuthProvider
Event: 0.995 loading class java/security/AuthProvider done
Event: 0.996 loading class javax/security/auth/login/FailedLoginException
Event: 0.996 loading class javax/security/auth/login/FailedLoginException done
Event: 0.996 loading class javax/security/auth/callback/CallbackHandler
Event: 0.996 loading class javax/security/auth/callback/CallbackHandler done
Event: 0.996 loading class javax/security/auth/Subject
Event: 0.996 loading class javax/security/auth/Subject done
Event: 0.998 Loaded shared library C:\Program Files\Java\jdk-17.0.1\bin\sunmscapi.dll


Dynamic libraries:
0x00007ff654610000 - 0x00007ff654620000 	C:\Program Files\Java\jdk-17.0.1\bin\java.exe
0x00007ffef2b30000 - 0x00007ffef2d47000 	C:\Windows\SYSTEM32\ntdll.dll
0x00007ffef1eb0000 - 0x00007ffef1f74000 	C:\Windows\System32\KERNEL32.DLL
0x00007ffeefeb0000 - 0x00007ffef0269000 	C:\Windows\System32\KERNELBASE.dll
0x00007ffef02a0000 - 0x00007ffef03b1000 	C:\Windows\System32\ucrtbase.dll
0x00007ffed29a0000 - 0x00007ffed29ba000 	C:\Program Files\Java\jdk-17.0.1\bin\VCRUNTIME140.dll
0x00007ffed2980000 - 0x00007ffed2998000 	C:\Program Files\Java\jdk-17.0.1\bin\jli.dll
0x00007ffef2750000 - 0x00007ffef2802000 	C:\Windows\System32\ADVAPI32.dll
0x00007ffef26a0000 - 0x00007ffef2747000 	C:\Windows\System32\msvcrt.dll
0x00007ffef2110000 - 0x00007ffef21b7000 	C:\Windows\System32\sechost.dll
0x00007ffef05a0000 - 0x00007ffef05c8000 	C:\Windows\System32\bcrypt.dll
0x00007ffef1b90000 - 0x00007ffef1ca4000 	C:\Windows\System32\RPCRT4.dll
0x00007ffef18f0000 - 0x00007ffef1a9e000 	C:\Windows\System32\USER32.dll
0x00007ffee1cc0000 - 0x00007ffee1f52000 	C:\Windows\WinSxS\amd64_microsoft.windows.common-controls_6595b64144ccf1df_6.0.22621.4391_none_2715d37f73803e96\COMCTL32.dll
0x00007ffef20e0000 - 0x00007ffef2109000 	C:\Windows\System32\GDI32.dll
0x00007ffef0270000 - 0x00007ffef0296000 	C:\Windows\System32\win32u.dll
0x00007ffef03c0000 - 0x00007ffef04db000 	C:\Windows\System32\gdi32full.dll
0x00007ffef0740000 - 0x00007ffef07da000 	C:\Windows\System32\msvcp_win.dll
0x00007ffee8c00000 - 0x00007ffee8c0a000 	C:\Windows\SYSTEM32\VERSION.dll
0x00007ffef1500000 - 0x00007ffef1531000 	C:\Windows\System32\IMM32.DLL
0x00007ffed7fb0000 - 0x00007ffed7fbc000 	C:\Program Files\Java\jdk-17.0.1\bin\vcruntime140_1.dll
0x00007ffece360000 - 0x00007ffece3ed000 	C:\Program Files\Java\jdk-17.0.1\bin\msvcp140.dll
0x00007ffe57e70000 - 0x00007ffe58a2e000 	C:\Program Files\Java\jdk-17.0.1\bin\server\jvm.dll
0x00007ffef2ac0000 - 0x00007ffef2ac8000 	C:\Windows\System32\PSAPI.DLL
0x00007ffe8f390000 - 0x00007ffe8f399000 	C:\Windows\SYSTEM32\WSOCK32.dll
0x00007ffee2270000 - 0x00007ffee22a4000 	C:\Windows\SYSTEM32\WINMM.dll
0x00007ffef2810000 - 0x00007ffef2881000 	C:\Windows\System32\WS2_32.dll
0x00007ffeeee30000 - 0x00007ffeeee48000 	C:\Windows\SYSTEM32\kernel.appcore.dll
0x00007ffed7990000 - 0x00007ffed799a000 	C:\Program Files\Java\jdk-17.0.1\bin\jimage.dll
0x00007ffed88d0000 - 0x00007ffed8b02000 	C:\Windows\SYSTEM32\DBGHELP.DLL
0x00007ffef1540000 - 0x00007ffef18cf000 	C:\Windows\System32\combase.dll
0x00007ffef1aa0000 - 0x00007ffef1b77000 	C:\Windows\System32\OLEAUT32.dll
0x00007ffed8410000 - 0x00007ffed8442000 	C:\Windows\SYSTEM32\dbgcore.DLL
0x00007ffeefe30000 - 0x00007ffeefeab000 	C:\Windows\System32\bcryptPrimitives.dll
0x00007ffeebb70000 - 0x00007ffeebb7e000 	C:\Program Files\Java\jdk-17.0.1\bin\instrument.dll
0x00007ffed2950000 - 0x00007ffed2975000 	C:\Program Files\Java\jdk-17.0.1\bin\java.dll
0x00007ffece280000 - 0x00007ffece356000 	C:\Program Files\Java\jdk-17.0.1\bin\svml.dll
0x00007ffef0850000 - 0x00007ffef10c6000 	C:\Windows\System32\SHELL32.dll
0x00007ffeedc70000 - 0x00007ffeee573000 	C:\Windows\SYSTEM32\windows.storage.dll
0x00007ffeedb30000 - 0x00007ffeedc6f000 	C:\Windows\SYSTEM32\wintypes.dll
0x00007ffef1370000 - 0x00007ffef1469000 	C:\Windows\System32\SHCORE.dll
0x00007ffef2640000 - 0x00007ffef269e000 	C:\Windows\System32\shlwapi.dll
0x00007ffeefd60000 - 0x00007ffeefd8b000 	C:\Windows\SYSTEM32\profapi.dll
0x00007ffed2690000 - 0x00007ffed26a8000 	C:\Program Files\Java\jdk-17.0.1\bin\zip.dll
0x00007ffed26d0000 - 0x00007ffed26e9000 	C:\Program Files\Java\jdk-17.0.1\bin\net.dll
0x00007ffeec110000 - 0x00007ffeec246000 	C:\Windows\SYSTEM32\WINHTTP.dll
0x00007ffeef2a0000 - 0x00007ffeef309000 	C:\Windows\system32\mswsock.dll
0x00007ffed26b0000 - 0x00007ffed26c5000 	C:\Program Files\Java\jdk-17.0.1\bin\nio.dll
0x00007ffed8730000 - 0x00007ffed874a000 	C:\Program Files\JetBrains\IntelliJ IDEA 2023.1\bin\breakgen64.dll
0x00007ffeee6d0000 - 0x00007ffeee7d2000 	C:\Windows\SYSTEM32\DNSAPI.dll
0x00007ffeee6a0000 - 0x00007ffeee6cd000 	C:\Windows\SYSTEM32\IPHLPAPI.DLL
0x00007ffef1150000 - 0x00007ffef1159000 	C:\Windows\System32\NSI.dll
0x00007ffeea7a0000 - 0x00007ffeea7aa000 	C:\Windows\System32\rasadhlp.dll
0x00007ffeec760000 - 0x00007ffeec7e3000 	C:\Windows\System32\fwpuclnt.dll
0x00007ffeebb60000 - 0x00007ffeebb69000 	C:\Program Files\Java\jdk-17.0.1\bin\management.dll
0x00007ffeebb40000 - 0x00007ffeebb4b000 	C:\Program Files\Java\jdk-17.0.1\bin\management_ext.dll
0x00007ffeef5f0000 - 0x00007ffeef60b000 	C:\Windows\SYSTEM32\CRYPTSP.dll
0x00007ffeeed90000 - 0x00007ffeeedc5000 	C:\Windows\system32\rsaenh.dll
0x00007ffeef340000 - 0x00007ffeef368000 	C:\Windows\SYSTEM32\USERENV.dll
0x00007ffeef5d0000 - 0x00007ffeef5dc000 	C:\Windows\SYSTEM32\CRYPTBASE.dll
0x00007ffeec300000 - 0x00007ffeec319000 	C:\Windows\SYSTEM32\dhcpcsvc6.DLL
0x00007ffeec2d0000 - 0x00007ffeec2ef000 	C:\Windows\SYSTEM32\dhcpcsvc.DLL
0x00007ffee75a0000 - 0x00007ffee75b7000 	C:\Windows\system32\napinsp.dll
0x00007ffee7600000 - 0x00007ffee761b000 	C:\Windows\system32\pnrpnsp.dll
0x00007ffee7620000 - 0x00007ffee7631000 	C:\Windows\System32\winrnr.dll
0x00007ffee7660000 - 0x00007ffee7675000 	C:\Windows\system32\wshbth.dll
0x00007ffee7680000 - 0x00007ffee76a7000 	C:\Windows\system32\nlansp_c.dll
0x00007ffed8700000 - 0x00007ffed870e000 	C:\Program Files\Java\jdk-17.0.1\bin\sunmscapi.dll
0x00007ffef05d0000 - 0x00007ffef0736000 	C:\Windows\System32\CRYPT32.dll
0x00007ffeef700000 - 0x00007ffeef72d000 	C:\Windows\SYSTEM32\ncrypt.dll
0x00007ffeef6c0000 - 0x00007ffeef6f7000 	C:\Windows\SYSTEM32\NTASN1.dll

dbghelp: loaded successfully - version: 4.0.5 - missing functions: none
symbol engine: initialized successfully - sym options: 0x614 - pdb path: .;C:\Program Files\Java\jdk-17.0.1\bin;C:\Windows\SYSTEM32;C:\Windows\WinSxS\amd64_microsoft.windows.common-controls_6595b64144ccf1df_6.0.22621.4391_none_2715d37f73803e96;C:\Program Files\Java\jdk-17.0.1\bin\server;C:\Program Files\JetBrains\IntelliJ IDEA 2023.1\bin

VM Arguments:
jvm_args: -XX:TieredStopAtLevel=1 -Dspring.output.ansi.enabled=always -Dcom.sun.management.jmxremote -Dspring.jmx.enabled=true -Dspring.liveBeansView.mbeanDomain -Dspring.application.admin.enabled=true -Dmanagement.endpoints.jmx.exposure.include=* -javaagent:C:\Program Files\JetBrains\IntelliJ IDEA 2023.1\lib\idea_rt.jar=3754:C:\Program Files\JetBrains\IntelliJ IDEA 2023.1\bin -Dfile.encoding=UTF-8 
java_command: com.example.demo.DemoApplication
java_class_path (initial): D:\Java Project\demo\target\classes;C:\Users\E.Falaki\.m2\repository\org\springframework\boot\spring-boot-starter-data-jdbc\3.3.5\spring-boot-starter-data-jdbc-3.3.5.jar;C:\Users\E.Falaki\.m2\repository\org\springframework\boot\spring-boot-starter-jdbc\3.3.5\spring-boot-starter-jdbc-3.3.5.jar;C:\Users\E.Falaki\.m2\repository\com\zaxxer\HikariCP\5.1.0\HikariCP-5.1.0.jar;C:\Users\E.Falaki\.m2\repository\org\springframework\spring-jdbc\6.1.14\spring-jdbc-6.1.14.jar;C:\Users\E.Falaki\.m2\repository\org\springframework\data\spring-data-jdbc\3.3.5\spring-data-jdbc-3.3.5.jar;C:\Users\E.Falaki\.m2\repository\org\springframework\data\spring-data-relational\3.3.5\spring-data-relational-3.3.5.jar;C:\Users\E.Falaki\.m2\repository\org\springframework\data\spring-data-commons\3.3.5\spring-data-commons-3.3.5.jar;C:\Users\E.Falaki\.m2\repository\org\springframework\spring-tx\6.1.14\spring-tx-6.1.14.jar;C:\Users\E.Falaki\.m2\repository\org\springframework\spring-context\6.1.14\spring-context-6.1.14.jar;C:\Users\E.Falaki\.m2\repository\org\springframework\spring-beans\6.1.14\spring-beans-6.1.14.jar;C:\Users\E.Falaki\.m2\repository\org\slf4j\slf4j-api\2.0.16\slf4j-api-2.0.16.jar;C:\Users\E.Falaki\.m2\repository\org\springframework\boot\spring-boot-starter-web\3.3.5\spring-boot-starter-web-3.3.5.jar;C:\Users\E.Falaki\.m2\repository\org\springframework\boot\spring-boot-starter\3.3.5\spring-boot-starter-3.3.5.jar;C:\Users\E.Falaki\.m2\repository\org\springframework\boot\spring-boot\3.3.5\spring-boot-3.3.5.jar;C:\Users\E.Falaki\.m2\repository\org\springframework\boot\spring-boot-autoconfigure\3.3.5\spring-boot-autoconfigure-3.3.5.jar;C:\Users\E.Falaki\.m2\repository\org\springframework\boot\spring-boot-starter-logging\3.3.5\spring-boot-starter-logging-3.3.5.jar;C:\Users\E.Falaki\.m2\repository\ch\qos\logback\logback-classic\1.5.11\logback-classic-1.5.11.jar;C:\Users\E.Falaki\.m2\repository\ch\qos\logback\logback-core\1.5.11\logback-core-1.5.11.jar;C:\Users\E.F
Launcher Type: SUN_STANDARD

[Global flags]
     intx CICompilerCount                          = 4                                         {product} {ergonomic}
     uint ConcGCThreads                            = 3                                         {product} {ergonomic}
     uint G1ConcRefinementThreads                  = 10                                        {product} {ergonomic}
   size_t G1HeapRegionSize                         = 2097152                                   {product} {ergonomic}
    uintx GCDrainStackTargetSize                   = 64                                        {product} {ergonomic}
   size_t InitialHeapSize                          = 266338304                                 {product} {ergonomic}
     bool ManagementServer                         = true                                      {product} {command line}
   size_t MarkStackSize                            = 4194304                                   {product} {ergonomic}
   size_t MaxHeapSize                              = 4253024256                                {product} {ergonomic}
   size_t MaxNewSize                               = 2550136832                                {product} {ergonomic}
   size_t MinHeapDeltaBytes                        = 2097152                                   {product} {ergonomic}
   size_t MinHeapSize                              = 8388608                                   {product} {ergonomic}
    uintx NonProfiledCodeHeapSize                  = 0                                      {pd product} {ergonomic}
     bool ProfileInterpreter                       = false                                  {pd product} {command line}
    uintx ProfiledCodeHeapSize                     = 0                                      {pd product} {ergonomic}
   size_t SoftMaxHeapSize                          = 4253024256                             {manageable} {ergonomic}
     intx TieredStopAtLevel                        = 1                                         {product} {command line}
     bool UseCompressedClassPointers               = true                           {product lp64_product} {ergonomic}
     bool UseCompressedOops                        = true                           {product lp64_product} {ergonomic}
     bool UseG1GC                                  = true                                      {product} {ergonomic}
     bool UseLargePagesIndividualAllocation        = false                                  {pd product} {ergonomic}

Logging:
Log output configuration:
 #0: stdout all=warning uptime,level,tags
 #1: stderr all=off uptime,level,tags

Environment Variables:
JAVA_HOME=C:\Program Files\Java\jdk-17.0.1
PATH=C:\Program Files\Java\jdk-17.0.1\bin;C:\Program Files\Common Files\Oracle\Java\javapath;C:\Windows\system32;C:\Windows;C:\Windows\System32\Wbem;C:\Windows\System32\WindowsPowerShell\v1.0\;C:\Windows\System32\OpenSSH\;C:\Program Files (x86)\Sennheiser\SenncomSDK\;C:\Program Files\Git\cmd;C:\apache-maven-3.9.9\bin;C:\Program Files\MySQL\MySQL Shell 8.0\bin\;C:\Users\E.Falaki\AppData\Local\Microsoft\WindowsApps;
USERNAME=e.falaki
OS=Windows_NT
PROCESSOR_IDENTIFIER=Intel64 Family 6 Model 167 Stepping 1, GenuineIntel



---------------  S Y S T E M  ---------------

OS:
 Windows 10 , 64 bit Build 22621 (10.0.22621.4391)
OS uptime: 0 days 5:11 hours
Hyper-V role detected

CPU: total 12 (initial active 12) (6 cores per cpu, 2 threads per core) family 6 model 167 stepping 1 microcode 0x59, cx8, cmov, fxsr, ht, mmx, 3dnowpref, sse, sse2, sse3, ssse3, sse4.1, sse4.2, popcnt, lzcnt, tsc, tscinvbit, avx, avx2, aes, erms, clmul, bmi1, bmi2, adx, avx512f, avx512dq, avx512cd, avx512bw, avx512vl, sha, fma, vzeroupper, avx512_vpopcntdq, avx512_vpclmulqdq, avx512_vaes, avx512_vnni, clflush, clflushopt, avx512_vbmi2, avx512_vbmi, hv

Memory: 4k page, system-wide physical 16220M (6590M free)
TotalPageFile size 18652M (AvailPageFile size 4680M)
current process WorkingSet (physical memory assigned to process): 92M, peak: 197M
current process commit charge ("private bytes"): 174M, peak: 382M

vm_info: Java HotSpot(TM) 64-Bit Server VM (17.0.1+12-LTS-39) for windows-amd64 JRE (17.0.1+12-LTS-39), built on Sep 27 2021 18:41:35 by "mach5one" with MS VC++ 16.8 (VS2019)

END.
