#
# A fatal error has been detected by the Java Runtime Environment:
#
#  EXCEPTION_ACCESS_VIOLATION (0xc0000005) at pc=0x00007ffb73ff6873, pid=10968, tid=6920
#
# JRE version: Java(TM) SE Runtime Environment (17.0.1+12) (build 17.0.1+12-LTS-39)
# Java VM: Java HotSpot(TM) 64-Bit Server VM (17.0.1+12-LTS-39, mixed mode, emulated-client, sharing, tiered, compressed oops, compressed class ptrs, g1 gc, windows-amd64)
# Problematic frame:
# V  [jvm.dll+0x416873]
#
# No core dump will be written. Minidumps are not enabled by default on client versions of Windows
#
# If you would like to submit a bug report, please visit:
#   https://bugreport.java.com/bugreport/crash.jsp
#

---------------  S U M M A R Y ------------

Command Line: -XX:TieredStopAtLevel=1 -Dspring.output.ansi.enabled=always -Dcom.sun.management.jmxremote -Dspring.jmx.enabled=true -Dspring.liveBeansView.mbeanDomain -Dspring.application.admin.enabled=true -Dmanagement.endpoints.jmx.exposure.include=* -javaagent:C:\Program Files\JetBrains\IntelliJ IDEA 2023.1\lib\idea_rt.jar=9403:C:\Program Files\JetBrains\IntelliJ IDEA 2023.1\bin -Dfile.encoding=UTF-8 com.example.demo.DemoApplication

Host: 11th Gen Intel(R) Core(TM) i5-11400 @ 2.60GHz, 12 cores, 15G,  Windows 10 , 64 bit Build 22621 (10.0.22621.3958)
Time: Sun Nov 10 17:17:49 2024 Iran Standard Time elapsed time: 1.821849 seconds (0d 0h 0m 1s)

---------------  T H R E A D  ---------------

Current thread (0x0000019275e50a20):  JavaThread "main" [_thread_in_vm, id=6920, stack(0x000000809e900000,0x000000809ea00000)]

Stack: [0x000000809e900000,0x000000809ea00000],  sp=0x000000809e9f9b90,  free space=998k
Native frames: (J=compiled Java code, j=interpreted, Vv=VM code, C=native code)
V  [jvm.dll+0x416873]
C  [verify.dll+0x575a]

Java frames: (J=compiled Java code, j=interpreted, Vv=VM code)
j  org.hibernate.bytecode.internal.bytebuddy.BytecodeProviderImpl.<clinit>()V+10
v  ~StubRoutines::call_stub
J 1641  jdk.internal.reflect.NativeConstructorAccessorImpl.newInstance0(Ljava/lang/reflect/Constructor;[Ljava/lang/Object;)Ljava/lang/Object; java.base@17.0.1 (0 bytes) @ 0x0000019200511d0e [0x0000019200511ca0+0x000000000000006e]
J 1640 c1 jdk.internal.reflect.NativeConstructorAccessorImpl.newInstance([Ljava/lang/Object;)Ljava/lang/Object; java.base@17.0.1 (122 bytes) @ 0x00000192005124ec [0x0000019200512200+0x00000000000002ec]
J 1544 c1 jdk.internal.reflect.DelegatingConstructorAccessorImpl.newInstance([Ljava/lang/Object;)Ljava/lang/Object; java.base@17.0.1 (9 bytes) @ 0x00000192004f49e4 [0x00000192004f49a0+0x0000000000000044]
J 1510 c1 java.lang.reflect.Constructor.newInstanceWithCaller([Ljava/lang/Object;ZLjava/lang/Class;)Ljava/lang/Object; java.base@17.0.1 (75 bytes) @ 0x00000192004e9934 [0x00000192004e9860+0x00000000000000d4]
J 1561 c1 java.lang.reflect.Constructor.newInstance([Ljava/lang/Object;)Ljava/lang/Object; java.base@17.0.1 (34 bytes) @ 0x00000192004fb9cc [0x00000192004fb940+0x000000000000008c]
j  java.util.ServiceLoader$ProviderImpl.newInstance()Ljava/lang/Object;+19 java.base@17.0.1
j  java.util.ServiceLoader$ProviderImpl.get()Ljava/lang/Object;+13 java.base@17.0.1
j  java.util.ServiceLoader$3.next()Ljava/lang/Object;+58 java.base@17.0.1
j  org.hibernate.bytecode.internal.BytecodeProviderInitiator.getBytecodeProvider(Ljava/lang/Iterable;)Lorg/hibernate/bytecode/spi/BytecodeProvider;+25
j  org.hibernate.bytecode.internal.BytecodeProviderInitiator.buildDefaultBytecodeProvider()Lorg/hibernate/bytecode/spi/BytecodeProvider;+10
j  org.hibernate.jpa.internal.enhance.EnhancingClassTransformerImpl.<init>(Lorg/hibernate/bytecode/enhance/spi/EnhancementContext;)V+26
j  org.hibernate.jpa.boot.internal.PersistenceUnitInfoDescriptor.pushClassTransformer(Lorg/hibernate/bytecode/enhance/spi/EnhancementContext;)V+46
j  org.springframework.orm.jpa.vendor.SpringHibernateJpaPersistenceProvider$1.pushClassTransformer(Lorg/hibernate/bytecode/enhance/spi/EnhancementContext;)V+8
j  org.hibernate.jpa.boot.internal.EntityManagerFactoryBuilderImpl.<init>(Lorg/hibernate/jpa/boot/spi/PersistenceUnitDescriptor;Ljava/util/Map;Ljava/lang/ClassLoader;Lorg/hibernate/boot/registry/classloading/spi/ClassLoaderService;Ljava/util/function/Consumer;)V+533
j  org.hibernate.jpa.boot.internal.EntityManagerFactoryBuilderImpl.<init>(Lorg/hibernate/jpa/boot/spi/PersistenceUnitDescriptor;Ljava/util/Map;)V+6
j  org.springframework.orm.jpa.vendor.SpringHibernateJpaPersistenceProvider.createContainerEntityManagerFactory(Ljakarta/persistence/spi/PersistenceUnitInfo;Ljava/util/Map;)Ljakarta/persistence/EntityManagerFactory;+56
j  org.springframework.orm.jpa.LocalContainerEntityManagerFactoryBean.createNativeEntityManagerFactory()Ljakarta/persistence/EntityManagerFactory;+111
j  org.springframework.orm.jpa.AbstractEntityManagerFactoryBean.buildNativeEntityManagerFactory()Ljakarta/persistence/EntityManagerFactory;+1
j  org.springframework.orm.jpa.AbstractEntityManagerFactoryBean.afterPropertiesSet()V+192
j  org.springframework.orm.jpa.LocalContainerEntityManagerFactoryBean.afterPropertiesSet()V+84
j  org.springframework.beans.factory.support.AbstractAutowireCapableBeanFactory.invokeInitMethods(Ljava/lang/String;Ljava/lang/Object;Lorg/springframework/beans/factory/support/RootBeanDefinition;)V+56
j  org.springframework.beans.factory.support.AbstractAutowireCapableBeanFactory.initializeBean(Ljava/lang/String;Ljava/lang/Object;Lorg/springframework/beans/factory/support/RootBeanDefinition;)Ljava/lang/Object;+34
j  org.springframework.beans.factory.support.AbstractAutowireCapableBeanFactory.doCreateBean(Ljava/lang/String;Lorg/springframework/beans/factory/support/RootBeanDefinition;[Ljava/lang/Object;)Ljava/lang/Object;+228
j  org.springframework.beans.factory.support.AbstractAutowireCapableBeanFactory.createBean(Ljava/lang/String;Lorg/springframework/beans/factory/support/RootBeanDefinition;[Ljava/lang/Object;)Ljava/lang/Object;+153
j  org.springframework.beans.factory.support.AbstractBeanFactory.lambda$doGetBean$0(Ljava/lang/String;Lorg/springframework/beans/factory/support/RootBeanDefinition;[Ljava/lang/Object;)Ljava/lang/Object;+4
j  org.springframework.beans.factory.support.AbstractBeanFactory$$Lambda$343+0x0000000800e04178.getObject()Ljava/lang/Object;+16
j  org.springframework.beans.factory.support.DefaultSingletonBeanRegistry.getSingleton(Ljava/lang/String;Lorg/springframework/beans/factory/ObjectFactory;)Ljava/lang/Object;+114
J 2572 c1 org.springframework.beans.factory.support.AbstractBeanFactory.doGetBean(Ljava/lang/String;Ljava/lang/Class;[Ljava/lang/Object;Z)Ljava/lang/Object; (787 bytes) @ 0x00000192006a4484 [0x00000192006a3e80+0x0000000000000604]
J 2576 c1 org.springframework.beans.factory.support.AbstractBeanFactory.getBean(Ljava/lang/String;Ljava/lang/Class;)Ljava/lang/Object; (9 bytes) @ 0x000001920069b8e4 [0x000001920069b8a0+0x0000000000000044]
j  org.springframework.context.support.AbstractApplicationContext.finishBeanFactoryInitialization(Lorg/springframework/beans/factory/config/ConfigurableListableBeanFactory;)V+109
j  org.springframework.context.support.AbstractApplicationContext.refresh()V+94
j  org.springframework.boot.web.servlet.context.ServletWebServerApplicationContext.refresh()V+1
j  org.springframework.boot.SpringApplication.refresh(Lorg/springframework/context/ConfigurableApplicationContext;)V+1
j  org.springframework.boot.SpringApplication.refreshContext(Lorg/springframework/context/ConfigurableApplicationContext;)V+16
j  org.springframework.boot.SpringApplication.run([Ljava/lang/String;)Lorg/springframework/context/ConfigurableApplicationContext;+110
j  org.springframework.boot.SpringApplication.run([Ljava/lang/Class;[Ljava/lang/String;)Lorg/springframework/context/ConfigurableApplicationContext;+9
j  org.springframework.boot.SpringApplication.run(Ljava/lang/Class;[Ljava/lang/String;)Lorg/springframework/context/ConfigurableApplicationContext;+9
j  com.example.demo.DemoApplication.main([Ljava/lang/String;)V+3
v  ~StubRoutines::call_stub

siginfo: EXCEPTION_ACCESS_VIOLATION (0xc0000005), reading address 0x0000009211030a58


Register to memory mapping:

RIP=0x00007ffb73ff6873 jvm.dll
RAX=0x0000009211030000 is an unknown value
RBX=0x0000019275e50a20 is a thread
RCX=0x0000000000000142 is an unknown value
RDX=0x0000000000000010 is an unknown value
RSP=0x000000809e9f9b90 is pointing into the stack for thread: 0x0000019275e50a20
RBP=0x000001920fee9498 points into unknown readable memory: 0x00000000000000bb | bb 00 00 00 00 00 00 00
RSI=0x0000000000000049 is an unknown value
RDI=0x0000019273abafd0 points into unknown readable memory: 0x0000000709fd2b08 | 08 2b fd 09 07 00 00 00
R8 =0x0000000000000049 is an unknown value
R9 =0x000001920fee9470 points into unknown readable memory: 0xffffffff00000000 | 00 00 00 00 ff ff ff ff
R10=0x0000000000000003 is an unknown value
R11=0x000000809e9f9b90 is pointing into the stack for thread: 0x0000019275e50a20
R12=0x0000000000000049 is an unknown value
R13=0x0000019273abafd0 points into unknown readable memory: 0x0000000709fd2b08 | 08 2b fd 09 07 00 00 00
R14=0x0000000000000049 is an unknown value
R15=0x0000019273abafd0 points into unknown readable memory: 0x0000000709fd2b08 | 08 2b fd 09 07 00 00 00


Registers:
RAX=0x0000009211030000, RBX=0x0000019275e50a20, RCX=0x0000000000000142, RDX=0x0000000000000010
RSP=0x000000809e9f9b90, RBP=0x000001920fee9498, RSI=0x0000000000000049, RDI=0x0000019273abafd0
R8 =0x0000000000000049, R9 =0x000001920fee9470, R10=0x0000000000000003, R11=0x000000809e9f9b90
R12=0x0000000000000049, R13=0x0000019273abafd0, R14=0x0000000000000049, R15=0x0000019273abafd0
RIP=0x00007ffb73ff6873, EFLAGS=0x0000000000010246

Top of Stack: (sp=0x000000809e9f9b90)
0x000000809e9f9b90:   0000000000000009 000001920fef29c0
0x000000809e9f9ba0:   0000019273abafd0 0000000000000049
0x000000809e9f9bb0:   000001920fee9650 00007ffb73b8575a
0x000000809e9f9bc0:   0000019275e50cc8 000000809e9f9c90
0x000000809e9f9bd0:   000000809e9f9c90 000000809e9f9c90
0x000000809e9f9be0:   000001920fee9498 0000019275e50cc8
0x000000809e9f9bf0:   0000019273abafd0 000001920fcdd718
0x000000809e9f9c00:   00000000000000c5 000001920fcdd4d0
0x000000809e9f9c10:   000000809e9f9c90 000001920fee9d74
0x000000809e9f9c20:   000000809e9f9d30 00007ffb73b81542
0x000000809e9f9c30:   000001920fee9470 0000019273abafd0
0x000000809e9f9c40:   0000019200000049 0000000000000049
0x000000809e9f9c50:   000001920fef29c0 000001920fe2d020
0x000000809e9f9c60:   000000809e9f9c90 0000019273abafd0
0x000000809e9f9c70:   0000019275e50cc8 000001920fcdd4d0
0x000000809e9f9c80:   000001920fee9c50 000001920fe2d020 

Instructions: (pc=0x00007ffb73ff6873)
0x00007ffb73ff6773:   00 00 00 48 8b c6 48 8b 5c 24 30 48 8b 74 24 38
0x00007ffb73ff6783:   48 83 c4 20 5f c3 cc cc cc cc cc cc cc 48 89 5c
0x00007ffb73ff6793:   24 08 48 89 74 24 10 57 48 83 ec 20 8b 81 b8 00
0x00007ffb73ff67a3:   00 00 48 8d 99 58 fd ff ff 05 55 21 ff ff 49 63
0x00007ffb73ff67b3:   f0 48 8b fa 83 f8 01 76 0a 48 8b cb e8 7c 80 36
0x00007ffb73ff67c3:   00 33 db c7 83 38 03 00 00 05 00 00 00 e8 ab a7
0x00007ffb73ff67d3:   24 00 48 8b 83 40 03 00 00 a8 01 74 0a b2 01 48
0x00007ffb73ff67e3:   8b cb e8 66 9c 2b 00 83 bb 2c 03 00 00 00 75 0a
0x00007ffb73ff67f3:   8b 83 28 03 00 00 a8 0c 74 0a 33 d2 48 8b cb e8
0x00007ffb73ff6803:   19 a8 36 00 c7 83 38 03 00 00 06 00 00 00 40 f6
0x00007ffb73ff6813:   c7 01 74 0c 48 8d 4f ff ff 15 3f a6 66 00 eb 09
0x00007ffb73ff6823:   48 8b cf ff 15 f4 27 66 00 8b 15 1e 31 6d 00 48
0x00007ffb73ff6833:   8b c8 e8 36 56 24 00 48 8b 8b 80 04 00 00 48 85
0x00007ffb73ff6843:   c9 74 15 48 8b 51 78 48 85 d2 74 0c 48 3b d0 75
0x00007ffb73ff6853:   07 48 8b 81 80 00 00 00 48 8b 80 90 01 00 00 48
0x00007ffb73ff6863:   8b 4c f0 08 48 8b 41 08 0f b7 48 24 48 8b 40 08
0x00007ffb73ff6873:   48 8b 4c c8 48 e8 73 57 32 00 48 8b bb e8 00 00
0x00007ffb73ff6883:   00 48 8b f0 48 8b 4f 10 48 83 39 00 74 0c 48 8b
0x00007ffb73ff6893:   cf e8 b7 07 f3 ff 48 8b 4f 10 48 8b 47 08 48 8b
0x00007ffb73ff68a3:   d3 48 89 48 10 48 8b 4f 08 48 8b 47 18 48 89 41
0x00007ffb73ff68b3:   18 48 8b 4f 08 48 8b 47 20 48 89 41 20 48 8d 8b
0x00007ffb73ff68c3:   88 02 00 00 e8 04 fb ea ff c7 83 38 03 00 00 04
0x00007ffb73ff68d3:   00 00 00 48 8b c6 48 8b 5c 24 30 48 8b 74 24 38
0x00007ffb73ff68e3:   48 83 c4 20 5f c3 cc cc cc cc cc cc cc 40 53 56
0x00007ffb73ff68f3:   41 56 48 83 ec 70 8b 81 b8 00 00 00 48 8d b1 58
0x00007ffb73ff6903:   fd ff ff 48 89 ac 24 a0 00 00 00 05 55 21 ff ff
0x00007ffb73ff6913:   48 89 7c 24 68 45 33 f6 4c 89 7c 24 50 48 8b fa
0x00007ffb73ff6923:   83 f8 01 76 0b 48 8b ce e8 10 7f 36 00 41 8b f6
0x00007ffb73ff6933:   c7 86 38 03 00 00 05 00 00 00 e8 3e a6 24 00 48
0x00007ffb73ff6943:   8b 86 40 03 00 00 a8 01 74 0a b2 01 48 8b ce e8
0x00007ffb73ff6953:   f9 9a 2b 00 44 39 b6 2c 03 00 00 75 0a 8b 86 28
0x00007ffb73ff6963:   03 00 00 a8 0c 74 0a 33 d2 48 8b ce e8 ac a6 36 


Stack slot to memory mapping:
stack at sp + 0 slots: 0x0000000000000009 is an unknown value
stack at sp + 1 slots: 0x000001920fef29c0 points into unknown readable memory: 0xc000b72a59bf00bb | bb 00 bf 59 2a b7 00 c0
stack at sp + 2 slots: 0x0000019273abafd0 points into unknown readable memory: 0x0000000709fd2b08 | 08 2b fd 09 07 00 00 00
stack at sp + 3 slots: 0x0000000000000049 is an unknown value
stack at sp + 4 slots: 0x000001920fee9650 points into unknown readable memory: 0x00100009000c0009 | 09 00 0c 00 09 00 10 00
stack at sp + 5 slots: 0x00007ffb73b8575a verify.dll
stack at sp + 6 slots: 0x0000019275e50cc8 points into unknown readable memory: 0x00007ffb74663630 | 30 36 66 74 fb 7f 00 00
stack at sp + 7 slots: 0x000000809e9f9c90 is pointing into the stack for thread: 0x0000019275e50a20


---------------  P R O C E S S  ---------------

Threads class SMR info:
_java_thread_list=0x000001920fc3c530, length=19, elements={
0x0000019275e50a20, 0x000001920ced1c70, 0x000001920ced4740, 0x000001920cee3e90,
0x000001920cee4950, 0x000001920cee5210, 0x000001920cee7ae0, 0x000001920cee8450,
0x000001920cee9d60, 0x000001927f99b0d0, 0x000001927f99b9a0, 0x000001920cfdff60,
0x000001920cfe6490, 0x000001920dccb100, 0x000001920d2bcaf0, 0x000001920de0ef10,
0x000001920fbca450, 0x000001920fb8e060, 0x000001920fbf8c40
}

Java Threads: ( => current thread )
=>0x0000019275e50a20 JavaThread "main" [_thread_in_vm, id=6920, stack(0x000000809e900000,0x000000809ea00000)]
  0x000001920ced1c70 JavaThread "Reference Handler" daemon [_thread_blocked, id=16692, stack(0x000000809f000000,0x000000809f100000)]
  0x000001920ced4740 JavaThread "Finalizer" daemon [_thread_blocked, id=9760, stack(0x000000809f100000,0x000000809f200000)]
  0x000001920cee3e90 JavaThread "Signal Dispatcher" daemon [_thread_blocked, id=15540, stack(0x000000809f200000,0x000000809f300000)]
  0x000001920cee4950 JavaThread "Attach Listener" daemon [_thread_blocked, id=11404, stack(0x000000809f300000,0x000000809f400000)]
  0x000001920cee5210 JavaThread "Service Thread" daemon [_thread_blocked, id=17440, stack(0x000000809f400000,0x000000809f500000)]
  0x000001920cee7ae0 JavaThread "Monitor Deflation Thread" daemon [_thread_blocked, id=16736, stack(0x000000809f500000,0x000000809f600000)]
  0x000001920cee8450 JavaThread "C1 CompilerThread0" daemon [_thread_blocked, id=18136, stack(0x000000809f600000,0x000000809f700000)]
  0x000001920cee9d60 JavaThread "Sweeper thread" daemon [_thread_blocked, id=17508, stack(0x000000809f700000,0x000000809f800000)]
  0x000001927f99b0d0 JavaThread "Common-Cleaner" daemon [_thread_blocked, id=1484, stack(0x000000809f800000,0x000000809f900000)]
  0x000001927f99b9a0 JavaThread "C1 CompilerThread1" daemon [_thread_blocked, id=17236, stack(0x000000809f900000,0x000000809fa00000)]
  0x000001920cfdff60 JavaThread "C1 CompilerThread2" daemon [_thread_blocked, id=16604, stack(0x000000809fa00000,0x000000809fb00000)]
  0x000001920cfe6490 JavaThread "C1 CompilerThread3" daemon [_thread_blocked, id=15728, stack(0x000000809fb00000,0x000000809fc00000)]
  0x000001920dccb100 JavaThread "Monitor Ctrl-Break" daemon [_thread_in_native, id=9088, stack(0x000000809fc00000,0x000000809fd00000)]
  0x000001920d2bcaf0 JavaThread "Notification Thread" daemon [_thread_blocked, id=4344, stack(0x000000809fd00000,0x000000809fe00000)]
  0x000001920de0ef10 JavaThread "RMI TCP Accept-0" daemon [_thread_in_native, id=17920, stack(0x000000809fe00000,0x000000809ff00000)]
  0x000001920fbca450 JavaThread "Catalina-utility-1" [_thread_blocked, id=2756, stack(0x00000080a0c00000,0x00000080a0d00000)]
  0x000001920fb8e060 JavaThread "Catalina-utility-2" [_thread_blocked, id=6524, stack(0x00000080a0d00000,0x00000080a0e00000)]
  0x000001920fbf8c40 JavaThread "container-0" [_thread_blocked, id=15596, stack(0x00000080a0e00000,0x00000080a0f00000)]

Other Threads:
  0x000001920cecb2b0 VMThread "VM Thread" [stack: 0x000000809ef00000,0x000000809f000000] [id=9488]
  0x0000019275ef8890 WatcherThread [stack: 0x000000809ff00000,0x00000080a0000000] [id=9224]
  0x0000019275ea2090 GCTaskThread "GC Thread#0" [stack: 0x000000809ea00000,0x000000809eb00000] [id=8528]
  0x000001920e1b11b0 GCTaskThread "GC Thread#1" [stack: 0x00000080a0000000,0x00000080a0100000] [id=1368]
  0x000001920e1b1460 GCTaskThread "GC Thread#2" [stack: 0x00000080a0100000,0x00000080a0200000] [id=11436]
  0x000001920e1b1710 GCTaskThread "GC Thread#3" [stack: 0x00000080a0200000,0x00000080a0300000] [id=1660]
  0x000001920e1aa4c0 GCTaskThread "GC Thread#4" [stack: 0x00000080a0300000,0x00000080a0400000] [id=11124]
  0x000001920e1b4c00 GCTaskThread "GC Thread#5" [stack: 0x00000080a0400000,0x00000080a0500000] [id=17364]
  0x000001920e1b56c0 GCTaskThread "GC Thread#6" [stack: 0x00000080a0500000,0x00000080a0600000] [id=15404]
  0x000001920e1b3e90 GCTaskThread "GC Thread#7" [stack: 0x00000080a0800000,0x00000080a0900000] [id=13628]
  0x000001920e1b4eb0 GCTaskThread "GC Thread#8" [stack: 0x00000080a0900000,0x00000080a0a00000] [id=7532]
  0x000001920e1b4140 GCTaskThread "GC Thread#9" [stack: 0x00000080a0700000,0x00000080a0800000] [id=6928]
  0x0000019275ef1010 ConcurrentGCThread "G1 Main Marker" [stack: 0x000000809eb00000,0x000000809ec00000] [id=2316]
  0x0000019275ef20d0 ConcurrentGCThread "G1 Conc#0" [stack: 0x000000809ec00000,0x000000809ed00000] [id=9924]
  0x000001920e1b5410 ConcurrentGCThread "G1 Conc#1" [stack: 0x00000080a0a00000,0x00000080a0b00000] [id=11988]
  0x000001920e1b3be0 ConcurrentGCThread "G1 Conc#2" [stack: 0x00000080a0b00000,0x00000080a0c00000] [id=16240]
  0x000001927f866500 ConcurrentGCThread "G1 Refine#0" [stack: 0x000000809ed00000,0x000000809ee00000] [id=4484]
  0x000001920e1b6130 ConcurrentGCThread "G1 Refine#1" [stack: 0x00000080a0600000,0x00000080a0700000] [id=17280]
  0x000001927f866e30 ConcurrentGCThread "G1 Service" [stack: 0x000000809ee00000,0x000000809ef00000] [id=1888]

Threads with active compile tasks:

VM state: not at safepoint (normal execution)

VM Mutex/Monitor currently owned by a thread: None

Heap address: 0x0000000702800000, size: 4056 MB, Compressed Oops mode: Zero based, Oop shift amount: 3

CDS archive(s) mapped at: [0x0000000800000000-0x0000000800bc0000-0x0000000800bc0000), size 12320768, SharedBaseAddress: 0x0000000800000000, ArchiveRelocationMode: 0.
Compressed class space mapped at: 0x0000000800c00000-0x0000000840c00000, reserved size: 1073741824
Narrow klass base: 0x0000000800000000, Narrow klass shift: 0, Narrow klass range: 0x100000000

GC Precious Log:
 CPUs: 12 total, 12 available
 Memory: 16220M
 Large Page Support: Disabled
 NUMA Support: Disabled
 Compressed Oops: Enabled (Zero based)
 Heap Region Size: 2M
 Heap Min Capacity: 8M
 Heap Initial Capacity: 254M
 Heap Max Capacity: 4056M
 Pre-touch: Disabled
 Parallel Workers: 10
 Concurrent Workers: 3
 Concurrent Refinement Workers: 10
 Periodic GC: Disabled

Heap:
 garbage-first heap   total 161792K, used 54217K [0x0000000702800000, 0x0000000800000000)
  region size 2048K, 20 young (40960K), 1 survivors (2048K)
 Metaspace       used 33146K, committed 33600K, reserved 1081344K
  class space    used 4611K, committed 4864K, reserved 1048576K

Heap Regions: E=young(eden), S=young(survivor), O=old, HS=humongous(starts), HC=humongous(continues), CS=collection set, F=free, OA=open archive, CA=closed archive, TAMS=top-at-mark-start (previous, next)
|   0|0x0000000702800000, 0x0000000702a00000, 0x0000000702a00000|100%| O|  |TAMS 0x0000000702a00000, 0x0000000702800000| Untracked 
|   1|0x0000000702a00000, 0x0000000702c00000, 0x0000000702c00000|100%| O|  |TAMS 0x0000000702c00000, 0x0000000702a00000| Untracked 
|   2|0x0000000702c00000, 0x0000000702e00000, 0x0000000702e00000|100%| O|  |TAMS 0x0000000702e00000, 0x0000000702c00000| Untracked 
|   3|0x0000000702e00000, 0x0000000702e00000, 0x0000000703000000|  0%| F|  |TAMS 0x0000000702e00000, 0x0000000702e00000| Untracked 
|   4|0x0000000703000000, 0x0000000703200000, 0x0000000703200000|100%| O|  |TAMS 0x0000000703000000, 0x0000000703000000| Untracked 
|   5|0x0000000703200000, 0x0000000703200000, 0x0000000703400000|  0%| F|  |TAMS 0x0000000703200000, 0x0000000703200000| Untracked 
|   6|0x0000000703400000, 0x0000000703400000, 0x0000000703600000|  0%| F|  |TAMS 0x0000000703400000, 0x0000000703400000| Untracked 
|   7|0x0000000703600000, 0x0000000703600000, 0x0000000703800000|  0%| F|  |TAMS 0x0000000703600000, 0x0000000703600000| Untracked 
|   8|0x0000000703800000, 0x0000000703800000, 0x0000000703a00000|  0%| F|  |TAMS 0x0000000703800000, 0x0000000703800000| Untracked 
|   9|0x0000000703a00000, 0x0000000703a00000, 0x0000000703c00000|  0%| F|  |TAMS 0x0000000703a00000, 0x0000000703a00000| Untracked 
|  10|0x0000000703c00000, 0x0000000703e00000, 0x0000000703e00000|100%| O|  |TAMS 0x0000000703c00000, 0x0000000703c00000| Untracked 
|  11|0x0000000703e00000, 0x0000000704000000, 0x0000000704000000|100%| O|  |TAMS 0x0000000703e00000, 0x0000000703e00000| Untracked 
|  12|0x0000000704000000, 0x0000000704200000, 0x0000000704200000|100%| O|  |TAMS 0x0000000704000000, 0x0000000704000000| Untracked 
|  13|0x0000000704200000, 0x0000000704367200, 0x0000000704400000| 70%| O|  |TAMS 0x0000000704200000, 0x0000000704200000| Untracked 
|  14|0x0000000704400000, 0x0000000704400000, 0x0000000704600000|  0%| F|  |TAMS 0x0000000704400000, 0x0000000704400000| Untracked 
|  15|0x0000000704600000, 0x0000000704600000, 0x0000000704800000|  0%| F|  |TAMS 0x0000000704600000, 0x0000000704600000| Untracked 
|  16|0x0000000704800000, 0x0000000704800000, 0x0000000704a00000|  0%| F|  |TAMS 0x0000000704800000, 0x0000000704800000| Untracked 
|  17|0x0000000704a00000, 0x0000000704a00000, 0x0000000704c00000|  0%| F|  |TAMS 0x0000000704a00000, 0x0000000704a00000| Untracked 
|  18|0x0000000704c00000, 0x0000000704c00000, 0x0000000704e00000|  0%| F|  |TAMS 0x0000000704c00000, 0x0000000704c00000| Untracked 
|  19|0x0000000704e00000, 0x0000000704e00000, 0x0000000705000000|  0%| F|  |TAMS 0x0000000704e00000, 0x0000000704e00000| Untracked 
|  20|0x0000000705000000, 0x0000000705000000, 0x0000000705200000|  0%| F|  |TAMS 0x0000000705000000, 0x0000000705000000| Untracked 
|  21|0x0000000705200000, 0x0000000705200000, 0x0000000705400000|  0%| F|  |TAMS 0x0000000705200000, 0x0000000705200000| Untracked 
|  22|0x0000000705400000, 0x0000000705400000, 0x0000000705600000|  0%| F|  |TAMS 0x0000000705400000, 0x0000000705400000| Untracked 
|  23|0x0000000705600000, 0x0000000705600000, 0x0000000705800000|  0%| F|  |TAMS 0x0000000705600000, 0x0000000705600000| Untracked 
|  24|0x0000000705800000, 0x0000000705800000, 0x0000000705a00000|  0%| F|  |TAMS 0x0000000705800000, 0x0000000705800000| Untracked 
|  25|0x0000000705a00000, 0x0000000705a00000, 0x0000000705c00000|  0%| F|  |TAMS 0x0000000705a00000, 0x0000000705a00000| Untracked 
|  26|0x0000000705c00000, 0x0000000705c00000, 0x0000000705e00000|  0%| F|  |TAMS 0x0000000705c00000, 0x0000000705c00000| Untracked 
|  27|0x0000000705e00000, 0x0000000705e00000, 0x0000000706000000|  0%| F|  |TAMS 0x0000000705e00000, 0x0000000705e00000| Untracked 
|  28|0x0000000706000000, 0x0000000706000000, 0x0000000706200000|  0%| F|  |TAMS 0x0000000706000000, 0x0000000706000000| Untracked 
|  29|0x0000000706200000, 0x0000000706200000, 0x0000000706400000|  0%| F|  |TAMS 0x0000000706200000, 0x0000000706200000| Untracked 
|  30|0x0000000706400000, 0x0000000706400000, 0x0000000706600000|  0%| F|  |TAMS 0x0000000706400000, 0x0000000706400000| Untracked 
|  31|0x0000000706600000, 0x0000000706600000, 0x0000000706800000|  0%| F|  |TAMS 0x0000000706600000, 0x0000000706600000| Untracked 
|  32|0x0000000706800000, 0x0000000706800000, 0x0000000706a00000|  0%| F|  |TAMS 0x0000000706800000, 0x0000000706800000| Untracked 
|  33|0x0000000706a00000, 0x0000000706a00000, 0x0000000706c00000|  0%| F|  |TAMS 0x0000000706a00000, 0x0000000706a00000| Untracked 
|  34|0x0000000706c00000, 0x0000000706c00000, 0x0000000706e00000|  0%| F|  |TAMS 0x0000000706c00000, 0x0000000706c00000| Untracked 
|  35|0x0000000706e00000, 0x0000000706e00000, 0x0000000707000000|  0%| F|  |TAMS 0x0000000706e00000, 0x0000000706e00000| Untracked 
|  36|0x0000000707000000, 0x0000000707000000, 0x0000000707200000|  0%| F|  |TAMS 0x0000000707000000, 0x0000000707000000| Untracked 
|  37|0x0000000707200000, 0x0000000707200000, 0x0000000707400000|  0%| F|  |TAMS 0x0000000707200000, 0x0000000707200000| Untracked 
|  38|0x0000000707400000, 0x0000000707400000, 0x0000000707600000|  0%| F|  |TAMS 0x0000000707400000, 0x0000000707400000| Untracked 
|  39|0x0000000707600000, 0x0000000707600000, 0x0000000707800000|  0%| F|  |TAMS 0x0000000707600000, 0x0000000707600000| Untracked 
|  40|0x0000000707800000, 0x0000000707800000, 0x0000000707a00000|  0%| F|  |TAMS 0x0000000707800000, 0x0000000707800000| Untracked 
|  41|0x0000000707a00000, 0x0000000707a00000, 0x0000000707c00000|  0%| F|  |TAMS 0x0000000707a00000, 0x0000000707a00000| Untracked 
|  42|0x0000000707c00000, 0x0000000707c00000, 0x0000000707e00000|  0%| F|  |TAMS 0x0000000707c00000, 0x0000000707c00000| Untracked 
|  43|0x0000000707e00000, 0x0000000707e00000, 0x0000000708000000|  0%| F|  |TAMS 0x0000000707e00000, 0x0000000707e00000| Untracked 
|  44|0x0000000708000000, 0x0000000708000000, 0x0000000708200000|  0%| F|  |TAMS 0x0000000708000000, 0x0000000708000000| Untracked 
|  45|0x0000000708200000, 0x0000000708200000, 0x0000000708400000|  0%| F|  |TAMS 0x0000000708200000, 0x0000000708200000| Untracked 
|  46|0x0000000708400000, 0x0000000708400000, 0x0000000708600000|  0%| F|  |TAMS 0x0000000708400000, 0x0000000708400000| Untracked 
|  47|0x0000000708600000, 0x0000000708600000, 0x0000000708800000|  0%| F|  |TAMS 0x0000000708600000, 0x0000000708600000| Untracked 
|  48|0x0000000708800000, 0x0000000708800000, 0x0000000708a00000|  0%| F|  |TAMS 0x0000000708800000, 0x0000000708800000| Untracked 
|  49|0x0000000708a00000, 0x0000000708a00000, 0x0000000708c00000|  0%| F|  |TAMS 0x0000000708a00000, 0x0000000708a00000| Untracked 
|  50|0x0000000708c00000, 0x0000000708c00000, 0x0000000708e00000|  0%| F|  |TAMS 0x0000000708c00000, 0x0000000708c00000| Untracked 
|  51|0x0000000708e00000, 0x0000000708e00000, 0x0000000709000000|  0%| F|  |TAMS 0x0000000708e00000, 0x0000000708e00000| Untracked 
|  52|0x0000000709000000, 0x0000000709000000, 0x0000000709200000|  0%| F|  |TAMS 0x0000000709000000, 0x0000000709000000| Untracked 
|  53|0x0000000709200000, 0x0000000709200000, 0x0000000709400000|  0%| F|  |TAMS 0x0000000709200000, 0x0000000709200000| Untracked 
|  54|0x0000000709400000, 0x0000000709400000, 0x0000000709600000|  0%| F|  |TAMS 0x0000000709400000, 0x0000000709400000| Untracked 
|  55|0x0000000709600000, 0x0000000709600000, 0x0000000709800000|  0%| F|  |TAMS 0x0000000709600000, 0x0000000709600000| Untracked 
|  56|0x0000000709800000, 0x0000000709800000, 0x0000000709a00000|  0%| F|  |TAMS 0x0000000709800000, 0x0000000709800000| Untracked 
|  57|0x0000000709a00000, 0x0000000709a00000, 0x0000000709c00000|  0%| F|  |TAMS 0x0000000709a00000, 0x0000000709a00000| Untracked 
|  58|0x0000000709c00000, 0x0000000709c00000, 0x0000000709e00000|  0%| F|  |TAMS 0x0000000709c00000, 0x0000000709c00000| Untracked 
|  59|0x0000000709e00000, 0x000000070a000000, 0x000000070a000000|100%| E|  |TAMS 0x0000000709e00000, 0x0000000709e00000| Complete 
|  60|0x000000070a000000, 0x000000070a200000, 0x000000070a200000|100%| E|CS|TAMS 0x000000070a000000, 0x000000070a000000| Complete 
|  61|0x000000070a200000, 0x000000070a400000, 0x000000070a400000|100%| E|CS|TAMS 0x000000070a200000, 0x000000070a200000| Complete 
|  62|0x000000070a400000, 0x000000070a600000, 0x000000070a600000|100%| E|CS|TAMS 0x000000070a400000, 0x000000070a400000| Complete 
|  63|0x000000070a600000, 0x000000070a800000, 0x000000070a800000|100%| E|CS|TAMS 0x000000070a600000, 0x000000070a600000| Complete 
|  64|0x000000070a800000, 0x000000070aa00000, 0x000000070aa00000|100%| E|CS|TAMS 0x000000070a800000, 0x000000070a800000| Complete 
|  65|0x000000070aa00000, 0x000000070ac00000, 0x000000070ac00000|100%| E|CS|TAMS 0x000000070aa00000, 0x000000070aa00000| Complete 
|  66|0x000000070ac00000, 0x000000070ae00000, 0x000000070ae00000|100%| E|CS|TAMS 0x000000070ac00000, 0x000000070ac00000| Complete 
|  67|0x000000070ae00000, 0x000000070b000000, 0x000000070b000000|100%| E|CS|TAMS 0x000000070ae00000, 0x000000070ae00000| Complete 
|  68|0x000000070b000000, 0x000000070b200000, 0x000000070b200000|100%| E|CS|TAMS 0x000000070b000000, 0x000000070b000000| Complete 
|  69|0x000000070b200000, 0x000000070b400000, 0x000000070b400000|100%| E|CS|TAMS 0x000000070b200000, 0x000000070b200000| Complete 
|  70|0x000000070b400000, 0x000000070b600000, 0x000000070b600000|100%| E|CS|TAMS 0x000000070b400000, 0x000000070b400000| Complete 
|  71|0x000000070b600000, 0x000000070b800000, 0x000000070b800000|100%| E|CS|TAMS 0x000000070b600000, 0x000000070b600000| Complete 
|  72|0x000000070b800000, 0x000000070ba00000, 0x000000070ba00000|100%| E|CS|TAMS 0x000000070b800000, 0x000000070b800000| Complete 
|  73|0x000000070ba00000, 0x000000070bc00000, 0x000000070bc00000|100%| E|CS|TAMS 0x000000070ba00000, 0x000000070ba00000| Complete 
| 111|0x0000000710600000, 0x0000000710800000, 0x0000000710800000|100%| E|CS|TAMS 0x0000000710600000, 0x0000000710600000| Complete 
| 112|0x0000000710800000, 0x0000000710a00000, 0x0000000710a00000|100%| E|CS|TAMS 0x0000000710800000, 0x0000000710800000| Complete 
| 113|0x0000000710a00000, 0x0000000710c00000, 0x0000000710c00000|100%| E|CS|TAMS 0x0000000710a00000, 0x0000000710a00000| Complete 
| 114|0x0000000710c00000, 0x0000000710d8b478, 0x0000000710e00000| 77%| S|CS|TAMS 0x0000000710c00000, 0x0000000710c00000| Complete 
| 126|0x0000000712400000, 0x0000000712600000, 0x0000000712600000|100%| E|CS|TAMS 0x0000000712400000, 0x0000000712400000| Complete 

Card table byte_map: [0x000001927e160000,0x000001927e950000] _byte_map_base: 0x000001927a94c000

Marking Bits (Prev, Next): (CMBitMap*) 0x0000019275ea25f0, (CMBitMap*) 0x0000019275ea25b0
 Prev Bits: [0x0000019206f60000, 0x000001920aec0000)
 Next Bits: [0x0000019203000000, 0x0000019206f60000)

Polling page: 0x0000019273d70000

Metaspace:

Usage:
  Non-class:     27.87 MB used.
      Class:      4.50 MB used.
       Both:     32.37 MB used.

Virtual space:
  Non-class space:       32.00 MB reserved,      28.06 MB ( 88%) committed,  4 nodes.
      Class space:        1.00 GB reserved,       4.75 MB ( <1%) committed,  1 nodes.
             Both:        1.03 GB reserved,      32.81 MB (  3%) committed. 

Chunk freelists:
   Non-Class:  3.77 MB
       Class:  3.23 MB
        Both:  7.00 MB

MaxMetaspaceSize: unlimited
CompressedClassSpaceSize: 1.00 GB
Initial GC threshold: 21.00 MB
Current GC threshold: 35.25 MB
CDS: on
MetaspaceReclaimPolicy: balanced
 - commit_granule_bytes: 65536.
 - commit_granule_words: 8192.
 - virtual_space_node_default_size: 1048576.
 - enlarge_chunks_in_place: 1.
 - new_chunks_are_fully_committed: 0.
 - uncommit_free_chunks: 1.
 - use_allocation_guard: 0.
 - handle_deallocations: 1.


Internal statistics:

num_allocs_failed_limit: 3.
num_arena_births: 556.
num_arena_deaths: 0.
num_vsnodes_births: 5.
num_vsnodes_deaths: 0.
num_space_committed: 525.
num_space_uncommitted: 0.
num_chunks_returned_to_freelist: 3.
num_chunks_taken_from_freelist: 1733.
num_chunk_merges: 3.
num_chunk_splits: 1221.
num_chunks_enlarged: 922.
num_purges: 0.
num_inconsistent_stats: 0.

CodeCache: size=49152Kb used=8608Kb max_used=8608Kb free=40543Kb
 bounds [0x0000019200000000, 0x0000019200870000, 0x0000019203000000]
 total_blobs=4229 nmethods=3698 adapters=455
 compilation: enabled
              stopped_count=0, restarted_count=0
 full_count=0

Compilation events (20 events):
Event: 1.784 Thread 0x000001920cee8450 nmethod 3690 0x0000019200863b10 code [0x0000019200863ca0, 0x0000019200863d98]
Event: 1.784 Thread 0x000001920cfe6490 nmethod 3689 0x0000019200863e90 code [0x0000019200864080, 0x0000019200864468]
Event: 1.784 Thread 0x000001920cfe6490 3691       1       jdk.internal.loader.BuiltinClassLoader$1::hasMoreElements (5 bytes)
Event: 1.784 Thread 0x000001920cfe6490 nmethod 3691 0x0000019200864610 code [0x00000192008647a0, 0x0000019200864888]
Event: 1.785 Thread 0x000001927f99b9a0 3692       1       jdk.internal.loader.BuiltinClassLoader::findResources (182 bytes)
Event: 1.785 Thread 0x000001920cfdff60 3693       1       jdk.internal.loader.BuiltinClassLoader::findResourcesOnClassPath (43 bytes)
Event: 1.785 Thread 0x000001920cee8450 3694       1       jdk.internal.loader.BuiltinClassLoader$1::<init> (33 bytes)
Event: 1.785 Thread 0x000001920cfe6490 3695       1       java.util.ArrayList::<init> (63 bytes)
Event: 1.785 Thread 0x000001920cee8450 nmethod 3694 0x0000019200864910 code [0x0000019200864ac0, 0x0000019200864d48]
Event: 1.786 Thread 0x000001920cfdff60 nmethod 3693 0x0000019200864e10 code [0x0000019200864fe0, 0x0000019200865368]
Event: 1.786 Thread 0x000001920cfe6490 nmethod 3695 0x0000019200865510 code [0x00000192008656e0, 0x00000192008659f8]
Event: 1.786 Thread 0x000001927f99b9a0 nmethod 3692 0x0000019200865b10 code [0x0000019200865dc0, 0x0000019200866988]
Event: 1.786 Thread 0x000001927f99b9a0 3696       1       java.util.zip.ZipFile$ZipEntryIterator::hasMoreElements (5 bytes)
Event: 1.786 Thread 0x000001920cfe6490 3697       1       java.util.zip.ZipFile$ZipEntryIterator::nextElement (5 bytes)
Event: 1.786 Thread 0x000001920cfdff60 3698       1       java.util.zip.ZipFile$ZipEntryIterator::nextElement (5 bytes)
Event: 1.786 Thread 0x000001920cee8450 3699   !   1       java.util.zip.ZipFile$ZipEntryIterator::next (71 bytes)
Event: 1.787 Thread 0x000001927f99b9a0 nmethod 3696 0x0000019200867110 code [0x00000192008672a0, 0x0000019200867378]
Event: 1.787 Thread 0x000001920cfe6490 nmethod 3697 0x0000019200867410 code [0x00000192008675a0, 0x0000019200867688]
Event: 1.787 Thread 0x000001920cfdff60 nmethod 3698 0x0000019200867710 code [0x00000192008678a0, 0x0000019200867988]
Event: 1.788 Thread 0x000001920cee8450 nmethod 3699 0x0000019200867a10 code [0x0000019200867be0, 0x0000019200867f28]

GC Heap History (12 events):
Event: 0.358 GC heap before
{Heap before GC invocations=0 (full 0):
 garbage-first heap   total 260096K, used 22528K [0x0000000702800000, 0x0000000800000000)
  region size 2048K, 11 young (22528K), 0 survivors (0K)
 Metaspace       used 6487K, committed 6656K, reserved 1056768K
  class space    used 809K, committed 896K, reserved 1048576K
}
Event: 0.361 GC heap after
{Heap after GC invocations=1 (full 0):
 garbage-first heap   total 260096K, used 6753K [0x0000000702800000, 0x0000000800000000)
  region size 2048K, 2 young (4096K), 2 survivors (4096K)
 Metaspace       used 6487K, committed 6656K, reserved 1056768K
  class space    used 809K, committed 896K, reserved 1048576K
}
Event: 0.610 GC heap before
{Heap before GC invocations=1 (full 0):
 garbage-first heap   total 260096K, used 31329K [0x0000000702800000, 0x0000000800000000)
  region size 2048K, 14 young (28672K), 2 survivors (4096K)
 Metaspace       used 12135K, committed 12352K, reserved 1064960K
  class space    used 1658K, committed 1792K, reserved 1048576K
}
Event: 0.613 GC heap after
{Heap after GC invocations=2 (full 0):
 garbage-first heap   total 260096K, used 8822K [0x0000000702800000, 0x0000000800000000)
  region size 2048K, 1 young (2048K), 1 survivors (2048K)
 Metaspace       used 12135K, committed 12352K, reserved 1064960K
  class space    used 1658K, committed 1792K, reserved 1048576K
}
Event: 0.854 GC heap before
{Heap before GC invocations=2 (full 0):
 garbage-first heap   total 260096K, used 160374K [0x0000000702800000, 0x0000000800000000)
  region size 2048K, 76 young (155648K), 1 survivors (2048K)
 Metaspace       used 19217K, committed 19520K, reserved 1073152K
  class space    used 2568K, committed 2688K, reserved 1048576K
}
Event: 0.857 GC heap after
{Heap after GC invocations=3 (full 0):
 garbage-first heap   total 260096K, used 12058K [0x0000000702800000, 0x0000000800000000)
  region size 2048K, 3 young (6144K), 3 survivors (6144K)
 Metaspace       used 19217K, committed 19520K, reserved 1073152K
  class space    used 2568K, committed 2688K, reserved 1048576K
}
Event: 1.059 GC heap before
{Heap before GC invocations=3 (full 0):
 garbage-first heap   total 260096K, used 34586K [0x0000000702800000, 0x0000000800000000)
  region size 2048K, 15 young (30720K), 3 survivors (6144K)
 Metaspace       used 21284K, committed 21504K, reserved 1073152K
  class space    used 2870K, committed 2944K, reserved 1048576K
}
Event: 1.061 GC heap after
{Heap after GC invocations=4 (full 0):
 garbage-first heap   total 260096K, used 13506K [0x0000000702800000, 0x0000000800000000)
  region size 2048K, 4 young (8192K), 4 survivors (8192K)
 Metaspace       used 21284K, committed 21504K, reserved 1073152K
  class space    used 2870K, committed 2944K, reserved 1048576K
}
Event: 1.427 GC heap before
{Heap before GC invocations=5 (full 0):
 garbage-first heap   total 61440K, used 44226K [0x0000000702800000, 0x0000000800000000)
  region size 2048K, 20 young (40960K), 4 survivors (8192K)
 Metaspace       used 25942K, committed 26368K, reserved 1073152K
  class space    used 3639K, committed 3840K, reserved 1048576K
}
Event: 1.433 GC heap after
{Heap after GC invocations=6 (full 0):
 garbage-first heap   total 61440K, used 16371K [0x0000000702800000, 0x0000000800000000)
  region size 2048K, 5 young (10240K), 5 survivors (10240K)
 Metaspace       used 25942K, committed 26368K, reserved 1073152K
  class space    used 3639K, committed 3840K, reserved 1048576K
}
Event: 1.453 GC heap before
{Heap before GC invocations=6 (full 0):
 garbage-first heap   total 61440K, used 16371K [0x0000000702800000, 0x0000000800000000)
  region size 2048K, 6 young (12288K), 5 survivors (10240K)
 Metaspace       used 26443K, committed 26816K, reserved 1073152K
  class space    used 3698K, committed 3840K, reserved 1048576K
}
Event: 1.460 GC heap after
{Heap after GC invocations=7 (full 0):
 garbage-first heap   total 161792K, used 17353K [0x0000000702800000, 0x0000000800000000)
  region size 2048K, 1 young (2048K), 1 survivors (2048K)
 Metaspace       used 26443K, committed 26816K, reserved 1073152K
  class space    used 3698K, committed 3840K, reserved 1048576K
}

Deoptimization events (14 events):
Event: 0.349 Thread 0x0000019275e50a20 DEOPT PACKING pc=0x0000019200366d81 sp=0x000000809e9fd4c0
Event: 0.349 Thread 0x0000019275e50a20 DEOPT UNPACKING pc=0x0000019200056763 sp=0x000000809e9fc918 mode 3
Event: 0.654 Thread 0x0000019275e50a20 DEOPT PACKING pc=0x00000192005a6979 sp=0x000000809e9fd060
Event: 0.654 Thread 0x0000019275e50a20 DEOPT UNPACKING pc=0x0000019200056763 sp=0x000000809e9fc540 mode 3
Event: 0.730 Thread 0x0000019275e50a20 DEOPT PACKING pc=0x00000192005e5fd5 sp=0x000000809e9fd520
Event: 0.730 Thread 0x0000019275e50a20 DEOPT UNPACKING pc=0x0000019200056763 sp=0x000000809e9fc9c8 mode 3
Event: 1.300 Thread 0x0000019275e50a20 DEOPT PACKING pc=0x0000019200724bec sp=0x000000809e9fcdd0
Event: 1.300 Thread 0x0000019275e50a20 DEOPT UNPACKING pc=0x0000019200056763 sp=0x000000809e9fc288 mode 0
Event: 1.576 Thread 0x0000019275e50a20 DEOPT PACKING pc=0x00000192005c3c89 sp=0x000000809e9fe530
Event: 1.576 Thread 0x0000019275e50a20 DEOPT UNPACKING pc=0x0000019200056763 sp=0x000000809e9fd9c0 mode 3
Event: 1.576 Thread 0x000001920fb8e060 DEOPT PACKING pc=0x0000019200574d9f sp=0x00000080a0dfef80
Event: 1.576 Thread 0x000001920fb8e060 DEOPT UNPACKING pc=0x0000019200056763 sp=0x00000080a0dfe3d8 mode 3
Event: 1.798 Thread 0x0000019275e50a20 DEOPT PACKING pc=0x00000192005fd3d5 sp=0x000000809e9fda00
Event: 1.798 Thread 0x0000019275e50a20 DEOPT UNPACKING pc=0x0000019200056763 sp=0x000000809e9fcf48 mode 3

Classes unloaded (0 events):
No events

Classes redefined (0 events):
No events

Internal exceptions (20 events):
Event: 1.271 Thread 0x0000019275e50a20 Exception <a 'java/lang/NoClassDefFoundError'{0x000000070488b1d8}: org/quartz/Scheduler> (0x000000070488b1d8) 
thrown [t:\workspace\open\src\hotspot\share\classfile\systemDictionary.cpp, line 245]
Event: 1.271 Thread 0x0000019275e50a20 Exception <a 'java/lang/NoClassDefFoundError'{0x000000070488d1a8}: org/springframework/session/jdbc/JdbcIndexedSessionRepository> (0x000000070488d1a8) 
thrown [t:\workspace\open\src\hotspot\share\classfile\systemDictionary.cpp, line 245]
Event: 1.327 Thread 0x0000019275e50a20 Exception <a 'java/lang/NoSuchMethodError'{0x0000000704506e70}: 'java.lang.Object java.lang.invoke.DirectMethodHandle$Holder.invokeSpecialIFC(java.lang.Object, java.lang.Object, java.lang.Object)'> (0x0000000704506e70) 
thrown [t:\workspace\open\src\hotspot\share\interpreter\linkResolver.cpp, line 766]
Event: 1.386 Thread 0x0000019275e50a20 Exception <a 'java/lang/NoSuchMethodError'{0x0000000704198448}: 'void java.lang.invoke.DirectMethodHandle$Holder.invokeInterface(java.lang.Object, java.lang.Object, int)'> (0x0000000704198448) 
thrown [t:\workspace\open\src\hotspot\share\interpreter\linkResolver.cpp, line 766]
Event: 1.388 Thread 0x0000019275e50a20 Exception <a 'java/lang/IncompatibleClassChangeError'{0x00000007041e81e8}: Found class java.lang.Object, but interface was expected> (0x00000007041e81e8) 
thrown [t:\workspace\open\src\hotspot\share\interpreter\linkResolver.cpp, line 833]
Event: 1.389 Thread 0x0000019275e50a20 Exception <a 'java/lang/NoSuchMethodError'{0x0000000703e0b820}: 'void java.lang.invoke.DirectMethodHandle$Holder.invokeStatic(java.lang.Object, int, java.lang.Object)'> (0x0000000703e0b820) 
thrown [t:\workspace\open\src\hotspot\share\interpreter\linkResolver.cpp, line 766]
Event: 1.392 Thread 0x0000019275e50a20 Exception <a 'java/lang/NoSuchMethodError'{0x0000000703e47438}: 'void java.lang.invoke.DirectMethodHandle$Holder.invokeVirtual(java.lang.Object, java.lang.Object, int)'> (0x0000000703e47438) 
thrown [t:\workspace\open\src\hotspot\share\interpreter\linkResolver.cpp, line 766]
Event: 1.393 Thread 0x0000019275e50a20 Exception <a 'java/lang/NoSuchMethodError'{0x0000000703e4d5f0}: 'void java.lang.invoke.DirectMethodHandle$Holder.invokeStatic(java.lang.Object, java.lang.Object, java.lang.Object, int, java.lang.Object)'> (0x0000000703e4d5f0) 
thrown [t:\workspace\open\src\hotspot\share\interpreter\linkResolver.cpp, line 766]
Event: 1.393 Thread 0x0000019275e50a20 Exception <a 'java/lang/NoSuchMethodError'{0x0000000703e54a70}: 'java.lang.Object java.lang.invoke.DirectMethodHandle$Holder.newInvokeSpecial(java.lang.Object, java.lang.Object, java.lang.Object, int)'> (0x0000000703e54a70) 
thrown [t:\workspace\open\src\hotspot\share\interpreter\linkResolver.cpp, line 766]
Event: 1.393 Thread 0x0000019275e50a20 Exception <a 'java/lang/NoSuchMethodError'{0x0000000703e58d58}: 'java.lang.Object java.lang.invoke.DirectMethodHandle$Holder.invokeSpecial(java.lang.Object, java.lang.Object, java.lang.Object, java.lang.Object, int)'> (0x0000000703e58d58) 
thrown [t:\workspace\open\src\hotspot\share\interpreter\linkResolver.cpp, line 766]
Event: 1.393 Thread 0x0000019275e50a20 Exception <a 'java/lang/NoSuchMethodError'{0x0000000703e5c920}: 'java.lang.Object java.lang.invoke.Invokers$Holder.linkToTargetMethod(java.lang.Object, java.lang.Object, int, java.lang.Object)'> (0x0000000703e5c920) 
thrown [t:\workspace\open\src\hotspot\share\interpreter\linkResolver.cpp, line 766]
Event: 1.508 Thread 0x0000019275e50a20 Exception <a 'java/lang/NoSuchMethodError'{0x00000007108de870}: 'java.lang.Object java.lang.invoke.DirectMethodHandle$Holder.invokeSpecial(java.lang.Object, java.lang.Object, long, java.lang.Object, java.lang.Object, java.lang.Object, java.lang.Object, java.lang.Object, java.lang.Object)'> (0x00000007108de870) 
thrown [t:\workspace\open\src\hotspot\share\interpreter\linkResolver.cpp, line 766]
Event: 1.508 Thread 0x0000019275e50a20 Exception <a 'java/lang/NoSuchMethodError'{0x00000007108e3398}: 'java.lang.Object java.lang.invoke.DelegatingMethodHandle$Holder.reinvoke_L(java.lang.Object, long, java.lang.Object, java.lang.Object, java.lang.Object, java.lang.Object, java.lang.Object, java.lang.Object)'> (0x00000007108e3398) 
thrown [t:\workspace\open\src\hotspot\share\interpreter\linkResolver.cpp, line 766]
Event: 1.526 Thread 0x0000019275e50a20 Exception <a 'java/io/FileNotFoundException'{0x0000000710642e90}> (0x0000000710642e90) 
thrown [t:\workspace\open\src\hotspot\share\prims\jni.cpp, line 516]
Event: 1.540 Thread 0x0000019275e50a20 Exception <a 'java/lang/NoSuchMethodError'{0x000000070bad0ba0}: 'int java.lang.invoke.DirectMethodHandle$Holder.invokeInterface(java.lang.Object, java.lang.Object, java.lang.Object, java.lang.Object)'> (0x000000070bad0ba0) 
thrown [t:\workspace\open\src\hotspot\share\interpreter\linkResolver.cpp, line 766]
Event: 1.564 Thread 0x0000019275e50a20 Exception <a 'java/lang/NoSuchMethodError'{0x000000070b8ed228}: 'long java.lang.invoke.DirectMethodHandle$Holder.invokeVirtual(java.lang.Object, java.lang.Object)'> (0x000000070b8ed228) 
thrown [t:\workspace\open\src\hotspot\share\interpreter\linkResolver.cpp, line 766]
Event: 1.587 Thread 0x0000019275e50a20 Exception <a 'java/lang/NoSuchMethodError'{0x000000070b7b3820}: 'void java.lang.invoke.DirectMethodHandle$Holder.invokeStaticInit(java.lang.Object)'> (0x000000070b7b3820) 
thrown [t:\workspace\open\src\hotspot\share\interpreter\linkResolver.cpp, line 766]
Event: 1.599 Thread 0x0000019275e50a20 Exception <a 'java/lang/NoClassDefFoundError'{0x000000070b4f12f0}: oracle/security/pki/OraclePKIProvider> (0x000000070b4f12f0) 
thrown [t:\workspace\open\src\hotspot\share\classfile\systemDictionary.cpp, line 245]
Event: 1.639 Thread 0x0000019275e50a20 Exception <a 'sun/nio/fs/WindowsException'{0x000000070af14fe8}> (0x000000070af14fe8) 
thrown [t:\workspace\open\src\hotspot\share\prims\jni.cpp, line 516]
Event: 1.798 Thread 0x0000019275e50a20 Implicit null exception at 0x00000192005fccb3 to 0x00000192005fd3d0

VM Operations (20 events):
Event: 1.427 Executing VM operation: G1CollectForAllocation
Event: 1.433 Executing VM operation: G1CollectForAllocation done
Event: 1.453 Executing VM operation: G1CollectForAllocation
Event: 1.460 Executing VM operation: G1CollectForAllocation done
Event: 1.490 Executing VM operation: HandshakeAllThreads
Event: 1.490 Executing VM operation: HandshakeAllThreads done
Event: 1.515 Executing VM operation: HandshakeAllThreads
Event: 1.515 Executing VM operation: HandshakeAllThreads done
Event: 1.523 Executing VM operation: HandshakeAllThreads
Event: 1.523 Executing VM operation: HandshakeAllThreads done
Event: 1.551 Executing VM operation: HandshakeAllThreads
Event: 1.551 Executing VM operation: HandshakeAllThreads done
Event: 1.552 Executing VM operation: HandshakeAllThreads
Event: 1.552 Executing VM operation: HandshakeAllThreads done
Event: 1.569 Executing VM operation: HandshakeAllThreads
Event: 1.569 Executing VM operation: HandshakeAllThreads done
Event: 1.621 Executing VM operation: HandshakeAllThreads
Event: 1.621 Executing VM operation: HandshakeAllThreads done
Event: 1.692 Executing VM operation: HandshakeAllThreads
Event: 1.692 Executing VM operation: HandshakeAllThreads done

Events (20 events):
Event: 1.633 loading class javax/naming/Referenceable done
Event: 1.647 loading class java/lang/instrument/ClassFileTransformer
Event: 1.647 loading class java/lang/instrument/ClassFileTransformer done
Event: 1.743 loading class java/util/UUID$Holder
Event: 1.743 loading class java/util/UUID$Holder done
Event: 1.793 loading class javax/xml/stream/XMLStreamException
Event: 1.793 loading class javax/xml/stream/XMLStreamException done
Event: 1.793 loading class javax/xml/stream/XMLEventReader
Event: 1.793 loading class javax/xml/stream/XMLEventReader done
Event: 1.793 loading class javax/xml/stream/XMLResolver
Event: 1.793 loading class javax/xml/stream/XMLResolver done
Event: 1.794 loading class javax/xml/stream/XMLEventFactory
Event: 1.794 loading class javax/xml/stream/XMLEventFactory done
Event: 1.794 loading class javax/xml/stream/FactoryFinder
Event: 1.795 loading class javax/xml/stream/FactoryFinder done
Event: 1.795 loading class javax/xml/stream/FactoryFinder$1
Event: 1.795 loading class javax/xml/stream/FactoryFinder$1 done
Event: 1.795 loading class com/sun/xml/internal/stream/events/XMLEventFactoryImpl
Event: 1.795 loading class com/sun/xml/internal/stream/events/XMLEventFactoryImpl done
Event: 1.802 Loaded shared library C:\Program Files\Java\jdk-17.0.1\bin\verify.dll


Dynamic libraries:
0x00007ff68d400000 - 0x00007ff68d410000 	C:\Program Files\Java\jdk-17.0.1\bin\java.exe
0x00007ffc087b0000 - 0x00007ffc089c7000 	C:\Windows\SYSTEM32\ntdll.dll
0x00007ffc074c0000 - 0x00007ffc07584000 	C:\Windows\System32\KERNEL32.DLL
0x00007ffc05e20000 - 0x00007ffc061d7000 	C:\Windows\System32\KERNELBASE.dll
0x00007ffc05be0000 - 0x00007ffc05cf1000 	C:\Windows\System32\ucrtbase.dll
0x00007ffba3e90000 - 0x00007ffba3eaa000 	C:\Program Files\Java\jdk-17.0.1\bin\VCRUNTIME140.dll
0x00007ffba3e70000 - 0x00007ffba3e88000 	C:\Program Files\Java\jdk-17.0.1\bin\jli.dll
0x00007ffc06660000 - 0x00007ffc06712000 	C:\Windows\System32\ADVAPI32.dll
0x00007ffc07180000 - 0x00007ffc07227000 	C:\Windows\System32\msvcrt.dll
0x00007ffc065a0000 - 0x00007ffc06648000 	C:\Windows\System32\sechost.dll
0x00007ffc05bb0000 - 0x00007ffc05bd8000 	C:\Windows\System32\bcrypt.dll
0x00007ffc07040000 - 0x00007ffc07154000 	C:\Windows\System32\RPCRT4.dll
0x00007ffc069b0000 - 0x00007ffc06b5f000 	C:\Windows\System32\USER32.dll
0x00007ffbf9ab0000 - 0x00007ffbf9d43000 	C:\Windows\WinSxS\amd64_microsoft.windows.common-controls_6595b64144ccf1df_6.0.22621.3672_none_2713b9d173822955\COMCTL32.dll
0x00007ffc05ac0000 - 0x00007ffc05ae6000 	C:\Windows\System32\win32u.dll
0x00007ffc06570000 - 0x00007ffc06599000 	C:\Windows\System32\GDI32.dll
0x00007ffc06250000 - 0x00007ffc06368000 	C:\Windows\System32\gdi32full.dll
0x00007ffc05d00000 - 0x00007ffc05d9a000 	C:\Windows\System32\msvcp_win.dll
0x00007ffbfe8a0000 - 0x00007ffbfe8aa000 	C:\Windows\SYSTEM32\VERSION.dll
0x00007ffc08730000 - 0x00007ffc08761000 	C:\Windows\System32\IMM32.DLL
0x00007ffbd1f90000 - 0x00007ffbd1f9c000 	C:\Program Files\Java\jdk-17.0.1\bin\vcruntime140_1.dll
0x00007ffba3de0000 - 0x00007ffba3e6d000 	C:\Program Files\Java\jdk-17.0.1\bin\msvcp140.dll
0x00007ffb73be0000 - 0x00007ffb7479e000 	C:\Program Files\Java\jdk-17.0.1\bin\server\jvm.dll
0x00007ffc07a30000 - 0x00007ffc07a38000 	C:\Windows\System32\PSAPI.DLL
0x00007ffba2e70000 - 0x00007ffba2e79000 	C:\Windows\SYSTEM32\WSOCK32.dll
0x00007ffc07d60000 - 0x00007ffc07dd1000 	C:\Windows\System32\WS2_32.dll
0x00007ffbf9f10000 - 0x00007ffbf9f44000 	C:\Windows\SYSTEM32\WINMM.dll
0x00007ffc04ad0000 - 0x00007ffc04ae8000 	C:\Windows\SYSTEM32\kernel.appcore.dll
0x00007ffba3dd0000 - 0x00007ffba3dda000 	C:\Program Files\Java\jdk-17.0.1\bin\jimage.dll
0x00007ffbf5640000 - 0x00007ffbf5872000 	C:\Windows\SYSTEM32\DBGHELP.DLL
0x00007ffc075a0000 - 0x00007ffc0792e000 	C:\Windows\System32\combase.dll
0x00007ffc068d0000 - 0x00007ffc069a7000 	C:\Windows\System32\OLEAUT32.dll
0x00007ffbf54a0000 - 0x00007ffbf54d2000 	C:\Windows\SYSTEM32\dbgcore.DLL
0x00007ffc05da0000 - 0x00007ffc05e1b000 	C:\Windows\System32\bcryptPrimitives.dll
0x00007ffc014d0000 - 0x00007ffc014de000 	C:\Program Files\Java\jdk-17.0.1\bin\instrument.dll
0x00007ffba3da0000 - 0x00007ffba3dc5000 	C:\Program Files\Java\jdk-17.0.1\bin\java.dll
0x00007ffba3cc0000 - 0x00007ffba3d96000 	C:\Program Files\Java\jdk-17.0.1\bin\svml.dll
0x00007ffc07e40000 - 0x00007ffc086a9000 	C:\Windows\System32\SHELL32.dll
0x00007ffc03930000 - 0x00007ffc0422f000 	C:\Windows\SYSTEM32\windows.storage.dll
0x00007ffc037f0000 - 0x00007ffc0392f000 	C:\Windows\SYSTEM32\wintypes.dll
0x00007ffc07c00000 - 0x00007ffc07cf9000 	C:\Windows\System32\SHCORE.dll
0x00007ffc07d00000 - 0x00007ffc07d5e000 	C:\Windows\System32\shlwapi.dll
0x00007ffc059f0000 - 0x00007ffc05a17000 	C:\Windows\SYSTEM32\profapi.dll
0x00007ffb73ba0000 - 0x00007ffb73bb8000 	C:\Program Files\Java\jdk-17.0.1\bin\zip.dll
0x00007ffba3ca0000 - 0x00007ffba3cb9000 	C:\Program Files\Java\jdk-17.0.1\bin\net.dll
0x00007ffc01b00000 - 0x00007ffc01c36000 	C:\Windows\SYSTEM32\WINHTTP.dll
0x00007ffc04f30000 - 0x00007ffc04f99000 	C:\Windows\system32\mswsock.dll
0x00007ffb73bc0000 - 0x00007ffb73bd5000 	C:\Program Files\Java\jdk-17.0.1\bin\nio.dll
0x00007ffbf6b10000 - 0x00007ffbf6b2a000 	C:\Program Files\JetBrains\IntelliJ IDEA 2023.1\bin\breakgen64.dll
0x00007ffc04380000 - 0x00007ffc04482000 	C:\Windows\SYSTEM32\DNSAPI.dll
0x00007ffc04350000 - 0x00007ffc0437d000 	C:\Windows\SYSTEM32\IPHLPAPI.DLL
0x00007ffc07300000 - 0x00007ffc07309000 	C:\Windows\System32\NSI.dll
0x00007ffc01290000 - 0x00007ffc0129a000 	C:\Windows\System32\rasadhlp.dll
0x00007ffc02180000 - 0x00007ffc02203000 	C:\Windows\System32\fwpuclnt.dll
0x00007ffc01460000 - 0x00007ffc01469000 	C:\Program Files\Java\jdk-17.0.1\bin\management.dll
0x00007ffc00fe0000 - 0x00007ffc00feb000 	C:\Program Files\Java\jdk-17.0.1\bin\management_ext.dll
0x00007ffc05280000 - 0x00007ffc0529b000 	C:\Windows\SYSTEM32\CRYPTSP.dll
0x00007ffc04a30000 - 0x00007ffc04a65000 	C:\Windows\system32\rsaenh.dll
0x00007ffc04fd0000 - 0x00007ffc04ff8000 	C:\Windows\SYSTEM32\USERENV.dll
0x00007ffc05260000 - 0x00007ffc0526c000 	C:\Windows\SYSTEM32\CRYPTBASE.dll
0x00007ffc01c40000 - 0x00007ffc01c59000 	C:\Windows\SYSTEM32\dhcpcsvc6.DLL
0x00007ffc01ae0000 - 0x00007ffc01aff000 	C:\Windows\SYSTEM32\dhcpcsvc.DLL
0x00007ffbfc910000 - 0x00007ffbfc927000 	C:\Windows\system32\napinsp.dll
0x00007ffbfd2e0000 - 0x00007ffbfd2fb000 	C:\Windows\system32\pnrpnsp.dll
0x00007ffbfd300000 - 0x00007ffbfd311000 	C:\Windows\System32\winrnr.dll
0x00007ffbfda00000 - 0x00007ffbfda15000 	C:\Windows\system32\wshbth.dll
0x00007ffbfd690000 - 0x00007ffbfd6b7000 	C:\Windows\system32\nlansp_c.dll
0x00007ffbf89f0000 - 0x00007ffbf89fe000 	C:\Program Files\Java\jdk-17.0.1\bin\sunmscapi.dll
0x00007ffc06370000 - 0x00007ffc064d6000 	C:\Windows\System32\CRYPT32.dll
0x00007ffc05390000 - 0x00007ffc053bd000 	C:\Windows\SYSTEM32\ncrypt.dll
0x00007ffc05350000 - 0x00007ffc05387000 	C:\Windows\SYSTEM32\NTASN1.dll
0x00007ffb73b80000 - 0x00007ffb73b90000 	C:\Program Files\Java\jdk-17.0.1\bin\verify.dll

dbghelp: loaded successfully - version: 4.0.5 - missing functions: none
symbol engine: initialized successfully - sym options: 0x614 - pdb path: .;C:\Program Files\Java\jdk-17.0.1\bin;C:\Windows\SYSTEM32;C:\Windows\WinSxS\amd64_microsoft.windows.common-controls_6595b64144ccf1df_6.0.22621.3672_none_2713b9d173822955;C:\Program Files\Java\jdk-17.0.1\bin\server;C:\Program Files\JetBrains\IntelliJ IDEA 2023.1\bin

VM Arguments:
jvm_args: -XX:TieredStopAtLevel=1 -Dspring.output.ansi.enabled=always -Dcom.sun.management.jmxremote -Dspring.jmx.enabled=true -Dspring.liveBeansView.mbeanDomain -Dspring.application.admin.enabled=true -Dmanagement.endpoints.jmx.exposure.include=* -javaagent:C:\Program Files\JetBrains\IntelliJ IDEA 2023.1\lib\idea_rt.jar=9403:C:\Program Files\JetBrains\IntelliJ IDEA 2023.1\bin -Dfile.encoding=UTF-8 
java_command: com.example.demo.DemoApplication
java_class_path (initial): D:\Java Project\demo\target\classes;C:\Users\E.Falaki\.m2\repository\org\springframework\boot\spring-boot-starter-data-jdbc\3.3.5\spring-boot-starter-data-jdbc-3.3.5.jar;C:\Users\E.Falaki\.m2\repository\org\springframework\boot\spring-boot-starter-jdbc\3.3.5\spring-boot-starter-jdbc-3.3.5.jar;C:\Users\E.Falaki\.m2\repository\com\zaxxer\HikariCP\5.1.0\HikariCP-5.1.0.jar;C:\Users\E.Falaki\.m2\repository\org\springframework\spring-jdbc\6.1.14\spring-jdbc-6.1.14.jar;C:\Users\E.Falaki\.m2\repository\org\springframework\data\spring-data-jdbc\3.3.5\spring-data-jdbc-3.3.5.jar;C:\Users\E.Falaki\.m2\repository\org\springframework\data\spring-data-relational\3.3.5\spring-data-relational-3.3.5.jar;C:\Users\E.Falaki\.m2\repository\org\springframework\data\spring-data-commons\3.3.5\spring-data-commons-3.3.5.jar;C:\Users\E.Falaki\.m2\repository\org\springframework\spring-tx\6.1.14\spring-tx-6.1.14.jar;C:\Users\E.Falaki\.m2\repository\org\springframework\spring-context\6.1.14\spring-context-6.1.14.jar;C:\Users\E.Falaki\.m2\repository\org\springframework\spring-beans\6.1.14\spring-beans-6.1.14.jar;C:\Users\E.Falaki\.m2\repository\org\slf4j\slf4j-api\2.0.16\slf4j-api-2.0.16.jar;C:\Users\E.Falaki\.m2\repository\org\springframework\boot\spring-boot-starter-web\3.3.5\spring-boot-starter-web-3.3.5.jar;C:\Users\E.Falaki\.m2\repository\org\springframework\boot\spring-boot-starter\3.3.5\spring-boot-starter-3.3.5.jar;C:\Users\E.Falaki\.m2\repository\org\springframework\boot\spring-boot\3.3.5\spring-boot-3.3.5.jar;C:\Users\E.Falaki\.m2\repository\org\springframework\boot\spring-boot-autoconfigure\3.3.5\spring-boot-autoconfigure-3.3.5.jar;C:\Users\E.Falaki\.m2\repository\org\springframework\boot\spring-boot-starter-logging\3.3.5\spring-boot-starter-logging-3.3.5.jar;C:\Users\E.Falaki\.m2\repository\ch\qos\logback\logback-classic\1.5.11\logback-classic-1.5.11.jar;C:\Users\E.Falaki\.m2\repository\ch\qos\logback\logback-core\1.5.11\logback-core-1.5.11.jar;C:\Users\E.F
Launcher Type: SUN_STANDARD

[Global flags]
     intx CICompilerCount                          = 4                                         {product} {ergonomic}
     uint ConcGCThreads                            = 3                                         {product} {ergonomic}
     uint G1ConcRefinementThreads                  = 10                                        {product} {ergonomic}
   size_t G1HeapRegionSize                         = 2097152                                   {product} {ergonomic}
    uintx GCDrainStackTargetSize                   = 64                                        {product} {ergonomic}
   size_t InitialHeapSize                          = 266338304                                 {product} {ergonomic}
     bool ManagementServer                         = true                                      {product} {command line}
   size_t MarkStackSize                            = 4194304                                   {product} {ergonomic}
   size_t MaxHeapSize                              = 4253024256                                {product} {ergonomic}
   size_t MaxNewSize                               = 2550136832                                {product} {ergonomic}
   size_t MinHeapDeltaBytes                        = 2097152                                   {product} {ergonomic}
   size_t MinHeapSize                              = 8388608                                   {product} {ergonomic}
    uintx NonProfiledCodeHeapSize                  = 0                                      {pd product} {ergonomic}
     bool ProfileInterpreter                       = false                                  {pd product} {command line}
    uintx ProfiledCodeHeapSize                     = 0                                      {pd product} {ergonomic}
   size_t SoftMaxHeapSize                          = 4253024256                             {manageable} {ergonomic}
     intx TieredStopAtLevel                        = 1                                         {product} {command line}
     bool UseCompressedClassPointers               = true                           {product lp64_product} {ergonomic}
     bool UseCompressedOops                        = true                           {product lp64_product} {ergonomic}
     bool UseG1GC                                  = true                                      {product} {ergonomic}
     bool UseLargePagesIndividualAllocation        = false                                  {pd product} {ergonomic}

Logging:
Log output configuration:
 #0: stdout all=warning uptime,level,tags
 #1: stderr all=off uptime,level,tags

Environment Variables:
JAVA_HOME=C:\Program Files\Java\jdk-17.0.1
PATH=C:\Program Files\Java\jdk-17.0.1\bin;C:\Program Files\Common Files\Oracle\Java\javapath;C:\Windows\system32;C:\Windows;C:\Windows\System32\Wbem;C:\Windows\System32\WindowsPowerShell\v1.0\;C:\Windows\System32\OpenSSH\;C:\Program Files (x86)\Sennheiser\SenncomSDK\;C:\Program Files\Git\cmd;C:\apache-maven-3.9.9\bin;C:\Program Files\MySQL\MySQL Shell 8.0\bin\;C:\Users\E.Falaki\AppData\Local\Microsoft\WindowsApps;
USERNAME=e.falaki
OS=Windows_NT
PROCESSOR_IDENTIFIER=Intel64 Family 6 Model 167 Stepping 1, GenuineIntel



---------------  S Y S T E M  ---------------

OS:
 Windows 10 , 64 bit Build 22621 (10.0.22621.3958)
OS uptime: 0 days 4:36 hours
Hyper-V role detected

CPU: total 12 (initial active 12) (6 cores per cpu, 2 threads per core) family 6 model 167 stepping 1 microcode 0x59, cx8, cmov, fxsr, ht, mmx, 3dnowpref, sse, sse2, sse3, ssse3, sse4.1, sse4.2, popcnt, lzcnt, tsc, tscinvbit, avx, avx2, aes, erms, clmul, bmi1, bmi2, adx, avx512f, avx512dq, avx512cd, avx512bw, avx512vl, sha, fma, vzeroupper, avx512_vpopcntdq, avx512_vpclmulqdq, avx512_vaes, avx512_vnni, clflush, clflushopt, avx512_vbmi2, avx512_vbmi, hv

Memory: 4k page, system-wide physical 16220M (8140M free)
TotalPageFile size 19292M (AvailPageFile size 7144M)
current process WorkingSet (physical memory assigned to process): 182M, peak: 238M
current process commit charge ("private bytes"): 302M, peak: 383M

vm_info: Java HotSpot(TM) 64-Bit Server VM (17.0.1+12-LTS-39) for windows-amd64 JRE (17.0.1+12-LTS-39), built on Sep 27 2021 18:41:35 by "mach5one" with MS VC++ 16.8 (VS2019)

END.
