#
# A fatal error has been detected by the Java Runtime Environment:
#
#  EXCEPTION_ACCESS_VIOLATION (0xc0000005) at pc=0x00007ffdc18eb220, pid=14480, tid=16948
#
# JRE version: OpenJDK Runtime Environment JBR-17.0.6+10-829.5-jcef (17.0.6+10) (build 17.0.6+10-b829.5)
# Java VM: OpenJDK 64-Bit Server VM JBR-17.0.6+10-829.5-jcef (17.0.6+10-b829.5, mixed mode, tiered, compressed oops, compressed class ptrs, g1 gc, windows-amd64)
# Problematic frame:
# V  [jvm.dll+0x58b220]
#
# No core dump will be written. Minidumps are not enabled by default on client versions of Windows
#
# If you would like to submit a bug report, please visit:
#   https://youtrack.jetbrains.com/issues/JBR
#

---------------  S U M M A R Y ------------

Command Line: -Djava.rmi.server.hostname=127.0.0.1 -Duser.timezone=UTC -Xmx1024m -Xms128m --add-exports=java.desktop/sun.awt=ALL-UNNAMED --add-exports=java.desktop/java.awt.peer=ALL-UNNAMED --add-opens=java.desktop/java.awt=ALL-UNNAMED --add-opens=jdk.unsupported/sun.misc=ALL-UNNAMED --add-opens=java.base/java.nio=ALL-UNNAMED --add-opens=java.base/java.util=ALL-UNNAMED -Dfile.encoding=UTF-8 com.intellij.database.remote.RemoteJdbcServer oracle.jdbc.OracleDriver

Host: 11th Gen Intel(R) Core(TM) i5-11400 @ 2.60GHz, 12 cores, 15G,  Windows 11 , 64 bit Build 22621 (10.0.22621.4391)
Time: Mon Nov 25 13:48:12 2024 Iran Standard Time elapsed time: 2.044601 seconds (0d 0h 0m 2s)

---------------  T H R E A D  ---------------

Current thread (0x00000124f1c1c260):  JavaThread "C2 CompilerThread0" daemon [_thread_in_native, id=16948, stack(0x0000001cc0500000,0x0000001cc0600000)]


Current CompileTask:
C2:   2044 1852       4       jdk.internal.org.objectweb.asm.Frame::execute (2305 bytes)

Stack: [0x0000001cc0500000,0x0000001cc0600000],  sp=0x0000001cc05fa5d0,  free space=1001k
Native frames: (J=compiled Java code, j=interpreted, Vv=VM code, C=native code)
V  [jvm.dll+0x58b220]
V  [jvm.dll+0x58a628]
V  [jvm.dll+0x2243b2]
V  [jvm.dll+0x21dd02]
V  [jvm.dll+0x21b51b]
V  [jvm.dll+0x1a4fdd]
V  [jvm.dll+0x22b098]
V  [jvm.dll+0x229159]
V  [jvm.dll+0x7f809c]
V  [jvm.dll+0x7f25fa]
V  [jvm.dll+0x682985]
C  [ucrtbase.dll+0x29333]
C  [KERNEL32.DLL+0x1259d]
C  [ntdll.dll+0x5af38]


siginfo: EXCEPTION_ACCESS_VIOLATION (0xc0000005), reading address 0xffffffffffffffff


Register to memory mapping:

RIP=0x00007ffdc18eb220 jvm.dll
RAX=0x00000124f409f180 points into unknown readable memory: 0x00000124f45c4be8 | e8 4b 5c f4 24 01 00 00
RBX=0x0000000000000017 is an unknown value
RCX=0x00000000000007be is an unknown value
RDX=0x00000124f47e3fcc points into unknown readable memory: 81 df bf 3f
RSP=0x0000001cc05fa5d0 is pointing into the stack for thread: 0x00000124f1c1c260
RBP=0x0000000000000015 is an unknown value
RSI=0x0000000000000008 is an unknown value
RDI=0x0000001cc05fa6a0 is pointing into the stack for thread: 0x00000124f1c1c260
R8 =0x0000000000000100 is an unknown value
R9 =0x0000001cc05fa9b0 is pointing into the stack for thread: 0x00000124f1c1c260
R10=0x00007ffe1e910000 VCRUNTIME140.dll
R11=0x00000124f20536a0 points into unknown readable memory: 0x00000124f23ec020 | 20 c0 3e f2 24 01 00 00
R12=0x0000001cc05fa680 is pointing into the stack for thread: 0x00000124f1c1c260
R13=0x0000001cc05fa660 is pointing into the stack for thread: 0x00000124f1c1c260
R14=0x0000000000000001 is an unknown value
R15=0x00008124f22b3508 is an unknown value


Registers:
RAX=0x00000124f409f180, RBX=0x0000000000000017, RCX=0x00000000000007be, RDX=0x00000124f47e3fcc
RSP=0x0000001cc05fa5d0, RBP=0x0000000000000015, RSI=0x0000000000000008, RDI=0x0000001cc05fa6a0
R8 =0x0000000000000100, R9 =0x0000001cc05fa9b0, R10=0x00007ffe1e910000, R11=0x00000124f20536a0
R12=0x0000001cc05fa680, R13=0x0000001cc05fa660, R14=0x0000000000000001, R15=0x00008124f22b3508
RIP=0x00007ffdc18eb220, EFLAGS=0x0000000000010206

Top of Stack: (sp=0x0000001cc05fa5d0)
0x0000001cc05fa5d0:   000000000000000a 00000000000000a0
0x0000001cc05fa5e0:   00000124f4783f10 00000124f0ffec10
0x0000001cc05fa5f0:   0000000000000000 00000124f0ffec40
0x0000001cc05fa600:   00000124f2783ba8 0000001cc05fa730
0x0000001cc05fa610:   0000000000068200 00000124d910e820
0x0000001cc05fa620:   0000000000000001 00007ffdc18ea628
0x0000001cc05fa630:   0000001cc05fa9b0 0000001cc05fa9b0
0x0000001cc05fa640:   0000012400000001 0000001cc05fa6a0
0x0000001cc05fa650:   00000124d6f20000 00000124d6f20000
0x0000001cc05fa660:   00000124f1038110 0000000000001000
0x0000001cc05fa670:   00000124f409f180 00000000000007be
0x0000001cc05fa680:   0000000000000200 00000124f47e3f70
0x0000001cc05fa690:   0000012400000200 00000124f1038110
0x0000001cc05fa6a0:   00000124f406fc10 00000124f407f140
0x0000001cc05fa6b0:   00000124f406fc20 00000124f1038110
0x0000001cc05fa6c0:   00000124f1038110 0000001c00000004 

Instructions: (pc=0x00007ffdc18eb220)
0x00007ffdc18eb120:   d9 48 85 f6 75 24 4c 8d 0d fb 0e 3d 00 ba b0 03
0x00007ffdc18eb130:   00 00 4c 8d 05 ff 0e 3d 00 48 8d 0d c0 1c 3c 00
0x00007ffdc18eb140:   e8 eb e8 cb ff e8 76 85 0f 00 48 8b 7c 24 78 48
0x00007ffdc18eb150:   8b 07 48 3b 47 10 72 3f 4c 8b 30 44 8b 60 08 48
0x00007ffdc18eb160:   83 c0 f0 48 89 07 e9 c8 fc ff ff 48 8b 7c 24 78
0x00007ffdc18eb170:   48 83 07 10 48 8b 07 48 3b 47 08 72 0b 48 8b cf
0x00007ffdc18eb180:   e8 fb 5b 0d 00 48 8b 07 4c 89 30 4c 8b f3 44 89
0x00007ffdc18eb190:   60 08 e9 99 fc ff ff 41 8b 45 18 85 c0 0f 85 7d
0x00007ffdc18eb1a0:   fc ff ff 4c 8b 74 24 20 4c 8b 64 24 28 48 8b 7c
0x00007ffdc18eb1b0:   24 30 48 8b 74 24 38 48 8b 5c 24 60 48 83 c4 40
0x00007ffdc18eb1c0:   41 5f 41 5d 5d c3 cc cc cc cc cc cc cc cc cc cc
0x00007ffdc18eb1d0:   48 89 4c 24 08 57 41 54 41 55 48 83 ec 40 41 8b
0x00007ffdc18eb1e0:   40 18 49 8b f9 4d 8b e8 4c 8b e2 4c 8b c9 85 c0
0x00007ffdc18eb1f0:   0f 84 3d 02 00 00 48 89 5c 24 68 48 89 6c 24 38
0x00007ffdc18eb200:   48 89 74 24 30 4c 89 74 24 28 4c 89 7c 24 20 90
0x00007ffdc18eb210:   ff c8 41 89 45 18 8b c8 49 8b 45 10 4c 8b 3c c8
0x00007ffdc18eb220:   41 8b 77 28 8b de c1 eb 05 41 3b 1c 24 72 0f 8b
0x00007ffdc18eb230:   d3 49 8b cc e8 07 0b 2a 00 4c 8b 4c 24 60 49 8b
0x00007ffdc18eb240:   44 24 08 83 e6 1f 48 8d 14 98 40 0f b6 ce 41 b8
0x00007ffdc18eb250:   01 00 00 00 41 d3 e0 8b 0a 8b c1 41 0b c0 89 02
0x00007ffdc18eb260:   41 85 c8 0f 85 a0 01 00 00 41 8b 4f 20 45 33 f6
0x00007ffdc18eb270:   89 4c 24 70 44 3b f1 0f 83 59 01 00 00 49 8b 5f
0x00007ffdc18eb280:   10 41 8b c6 41 ff c6 48 8b 1c c3 8b 43 28 41 3b
0x00007ffdc18eb290:   41 28 73 0d 8b c8 49 8b 41 30 48 83 3c c8 00 75
0x00007ffdc18eb2a0:   39 48 83 7b 10 00 74 32 49 8d b1 b8 09 00 00 8b
0x00007ffdc18eb2b0:   6e 18 8d 45 01 89 46 18 3b 6e 08 72 0f 8b d5 48
0x00007ffdc18eb2c0:   8b ce e8 29 5a 0d 00 4c 8b 4c 24 60 48 8b 46 10
0x00007ffdc18eb2d0:   8b 4c 24 70 48 89 1c e8 eb 9a 48 8b 43 08 48 83
0x00007ffdc18eb2e0:   38 00 74 77 48 8b 03 48 8b cb ff 50 10 84 c0 75
0x00007ffdc18eb2f0:   0a 8b 43 2c 83 e0 0f 3c 0c 75 60 8b 4b 28 8b c1
0x00007ffdc18eb300:   c1 e8 05 41 3b 04 24 73 21 4c 8b 4c 24 60 83 e1
0x00007ffdc18eb310:   1f 8b d1 8b c8 49 8b 44 24 08 8b 0c 88 0f a3 d1 


Stack slot to memory mapping:
stack at sp + 0 slots: 0x000000000000000a is an unknown value
stack at sp + 1 slots: 0x00000000000000a0 is an unknown value
stack at sp + 2 slots: 0x00000124f4783f10 points into unknown readable memory: 0x00007ffdc1c9ab40 | 40 ab c9 c1 fd 7f 00 00
stack at sp + 3 slots: 0x00000124f0ffec10 points into unknown readable memory: 0x00000124f1c1c260 | 60 c2 c1 f1 24 01 00 00
stack at sp + 4 slots: 0x0 is NULL
stack at sp + 5 slots: 0x00000124f0ffec40 points into unknown readable memory: 0x8000000800000001 | 01 00 00 00 08 00 00 80
stack at sp + 6 slots: 0x00000124f2783ba8 points into unknown readable memory: 0x00007ffdc1c9b988 | 88 b9 c9 c1 fd 7f 00 00
stack at sp + 7 slots: 0x0000001cc05fa730 is pointing into the stack for thread: 0x00000124f1c1c260


---------------  P R O C E S S  ---------------

Threads class SMR info:
_java_thread_list=0x00000124f49c7910, length=24, elements={
0x00000124d90f8150, 0x00000124f0ffcc60, 0x00000124f1011010, 0x00000124f1039080,
0x00000124f1039940, 0x00000124f1c1a000, 0x00000124f1c1a8c0, 0x00000124f1c1c260,
0x00000124f1c20800, 0x00000124f1c21100, 0x00000124f1d997f0, 0x00000124f1da2300,
0x00000124f221aee0, 0x00000124f23a67d0, 0x00000124f24ea930, 0x00000124f22c3560,
0x00000124f25e63c0, 0x00000124f25e6890, 0x00000124f24fe900, 0x00000124f24fedd0,
0x00000124f250a090, 0x00000124f25083b0, 0x00000124f2507540, 0x00000124f250a560
}

Java Threads: ( => current thread )
  0x00000124d90f8150 JavaThread "main" [_thread_blocked, id=15152, stack(0x0000001cbf800000,0x0000001cbf900000)]
  0x00000124f0ffcc60 JavaThread "Reference Handler" daemon [_thread_blocked, id=12112, stack(0x0000001cbff00000,0x0000001cc0000000)]
  0x00000124f1011010 JavaThread "Finalizer" daemon [_thread_blocked, id=5028, stack(0x0000001cc0000000,0x0000001cc0100000)]
  0x00000124f1039080 JavaThread "Signal Dispatcher" daemon [_thread_blocked, id=16000, stack(0x0000001cc0100000,0x0000001cc0200000)]
  0x00000124f1039940 JavaThread "Attach Listener" daemon [_thread_blocked, id=13064, stack(0x0000001cc0200000,0x0000001cc0300000)]
  0x00000124f1c1a000 JavaThread "Service Thread" daemon [_thread_blocked, id=3328, stack(0x0000001cc0300000,0x0000001cc0400000)]
  0x00000124f1c1a8c0 JavaThread "Monitor Deflation Thread" daemon [_thread_blocked, id=316, stack(0x0000001cc0400000,0x0000001cc0500000)]
=>0x00000124f1c1c260 JavaThread "C2 CompilerThread0" daemon [_thread_in_native, id=16948, stack(0x0000001cc0500000,0x0000001cc0600000)]
  0x00000124f1c20800 JavaThread "C1 CompilerThread0" daemon [_thread_blocked, id=16204, stack(0x0000001cc0600000,0x0000001cc0700000)]
  0x00000124f1c21100 JavaThread "Sweeper thread" daemon [_thread_blocked, id=12852, stack(0x0000001cc0700000,0x0000001cc0800000)]
  0x00000124f1d997f0 JavaThread "Common-Cleaner" daemon [_thread_blocked, id=13948, stack(0x0000001cc0800000,0x0000001cc0900000)]
  0x00000124f1da2300 JavaThread "Notification Thread" daemon [_thread_blocked, id=10156, stack(0x0000001cc0900000,0x0000001cc0a00000)]
  0x00000124f221aee0 JavaThread "RMI TCP Accept-36052" daemon [_thread_in_native, id=8556, stack(0x0000001cc0c00000,0x0000001cc0d00000)]
  0x00000124f23a67d0 JavaThread "RMI TCP Accept-0" daemon [_thread_in_native, id=14408, stack(0x0000001cc0d00000,0x0000001cc0e00000)]
  0x00000124f24ea930 JavaThread "RMI Reaper" [_thread_blocked, id=10624, stack(0x0000001cc0e00000,0x0000001cc0f00000)]
  0x00000124f22c3560 JavaThread "RMI GC Daemon" daemon [_thread_blocked, id=15220, stack(0x0000001cc0f00000,0x0000001cc1000000)]
  0x00000124f25e63c0 JavaThread "RMI TCP Connection(1)-127.0.0.1" daemon [_thread_in_native, id=8412, stack(0x0000001cc1000000,0x0000001cc1100000)]
  0x00000124f25e6890 JavaThread "RMI TCP Connection(2)-127.0.0.1" daemon [_thread_in_native, id=8232, stack(0x0000001cc1100000,0x0000001cc1200000)]
  0x00000124f24fe900 JavaThread "RMI Scheduler(0)" daemon [_thread_blocked, id=4148, stack(0x0000001cc1200000,0x0000001cc1300000)]
  0x00000124f24fedd0 JavaThread "RMI TCP Connection(3)-127.0.0.1" daemon [_thread_in_native, id=11628, stack(0x0000001cc1300000,0x0000001cc1400000)]
  0x00000124f250a090 JavaThread "RMI TCP Connection(4)-127.0.0.1" daemon [_thread_in_native, id=11856, stack(0x0000001cc1400000,0x0000001cc1500000)]
  0x00000124f25083b0 JavaThread "oracle.jdbc.driver.BlockSource.ThreadedCachingBlockSource.BlockReleaser" daemon [_thread_blocked, id=12340, stack(0x0000001cc0b00000,0x0000001cc0c00000)]
  0x00000124f2507540 JavaThread "InterruptTimer" daemon [_thread_blocked, id=15348, stack(0x0000001cc1500000,0x0000001cc1600000)]
  0x00000124f250a560 JavaThread "OJDBC-WORKER-THREAD-1" daemon [_thread_blocked, id=16936, stack(0x0000001cc2300000,0x0000001cc2400000)]

Other Threads:
  0x00000124f0ff7f70 VMThread "VM Thread" [stack: 0x0000001cbfe00000,0x0000001cbff00000] [id=14260]
  0x00000124d9147740 WatcherThread [stack: 0x0000001cc0a00000,0x0000001cc0b00000] [id=3392]
  0x00000124d91366e0 GCTaskThread "GC Thread#0" [stack: 0x0000001cbf900000,0x0000001cbfa00000] [id=12704]
  0x00000124f26b8090 GCTaskThread "GC Thread#1" [stack: 0x0000001cc1700000,0x0000001cc1800000] [id=12380]
  0x00000124f26b9360 GCTaskThread "GC Thread#2" [stack: 0x0000001cc1800000,0x0000001cc1900000] [id=15736]
  0x00000124f26b7de0 GCTaskThread "GC Thread#3" [stack: 0x0000001cc1900000,0x0000001cc1a00000] [id=9060]
  0x00000124f26b8340 GCTaskThread "GC Thread#4" [stack: 0x0000001cc1a00000,0x0000001cc1b00000] [id=15776]
  0x00000124f26b85f0 GCTaskThread "GC Thread#5" [stack: 0x0000001cc1b00000,0x0000001cc1c00000] [id=11204]
  0x00000124f26b90b0 GCTaskThread "GC Thread#6" [stack: 0x0000001cc1c00000,0x0000001cc1d00000] [id=14844]
  0x00000124f26b88a0 GCTaskThread "GC Thread#7" [stack: 0x0000001cc1d00000,0x0000001cc1e00000] [id=12944]
  0x00000124f26b8b50 GCTaskThread "GC Thread#8" [stack: 0x0000001cc1e00000,0x0000001cc1f00000] [id=13912]
  0x00000124f26b8e00 GCTaskThread "GC Thread#9" [stack: 0x0000001cc1f00000,0x0000001cc2000000] [id=9704]
  0x00000124d913f530 ConcurrentGCThread "G1 Main Marker" [stack: 0x0000001cbfa00000,0x0000001cbfb00000] [id=5784]
  0x00000124d91405f0 ConcurrentGCThread "G1 Conc#0" [stack: 0x0000001cbfb00000,0x0000001cbfc00000] [id=1800]
  0x00000124f3f9fa30 ConcurrentGCThread "G1 Conc#1" [stack: 0x0000001cc2100000,0x0000001cc2200000] [id=15596]
  0x00000124f3fa17c0 ConcurrentGCThread "G1 Conc#2" [stack: 0x0000001cc2200000,0x0000001cc2300000] [id=16612]
  0x00000124f0e648d0 ConcurrentGCThread "G1 Refine#0" [stack: 0x0000001cbfc00000,0x0000001cbfd00000] [id=13404]
  0x00000124f26b9840 ConcurrentGCThread "G1 Refine#1" [stack: 0x0000001cc2000000,0x0000001cc2100000] [id=5780]
  0x00000124f0e65200 ConcurrentGCThread "G1 Service" [stack: 0x0000001cbfd00000,0x0000001cbfe00000] [id=13320]

Threads with active compile tasks:
C2 CompilerThread0     2115 1852       4       jdk.internal.org.objectweb.asm.Frame::execute (2305 bytes)

VM state: not at safepoint (normal execution)

VM Mutex/Monitor currently owned by a thread: None

Heap address: 0x00000000c0000000, size: 1024 MB, Compressed Oops mode: 32-bit

CDS archive(s) not mapped
Compressed class space mapped at: 0x0000000100000000-0x0000000140000000, reserved size: 1073741824
Narrow klass base: 0x0000000000000000, Narrow klass shift: 3, Narrow klass range: 0x140000000

GC Precious Log:
 CPUs: 12 total, 12 available
 Memory: 16220M
 Large Page Support: Disabled
 NUMA Support: Disabled
 Compressed Oops: Enabled (32-bit)
 Heap Region Size: 1M
 Heap Min Capacity: 128M
 Heap Initial Capacity: 128M
 Heap Max Capacity: 1G
 Pre-touch: Disabled
 Parallel Workers: 10
 Concurrent Workers: 3
 Concurrent Refinement Workers: 10
 Periodic GC: Disabled

Heap:
 garbage-first heap   total 131072K, used 21486K [0x00000000c0000000, 0x0000000100000000)
  region size 1024K, 17 young (17408K), 1 survivors (1024K)
 Metaspace       used 25159K, committed 25472K, reserved 1073152K
  class space    used 2716K, committed 2880K, reserved 1048576K

Heap Regions: E=young(eden), S=young(survivor), O=old, HS=humongous(starts), HC=humongous(continues), CS=collection set, F=free, OA=open archive, CA=closed archive, TAMS=top-at-mark-start (previous, next)
|   0|0x00000000c0000000, 0x00000000c0100000, 0x00000000c0100000|100%| O|  |TAMS 0x00000000c0100000, 0x00000000c0000000| Untracked 
|   1|0x00000000c0100000, 0x00000000c0200000, 0x00000000c0200000|100%| O|  |TAMS 0x00000000c0200000, 0x00000000c0100000| Untracked 
|   2|0x00000000c0200000, 0x00000000c0300000, 0x00000000c0300000|100%| O|  |TAMS 0x00000000c020a000, 0x00000000c0200000| Untracked 
|   3|0x00000000c0300000, 0x00000000c0400000, 0x00000000c0400000|100%| O|  |TAMS 0x00000000c0300000, 0x00000000c0300000| Untracked 
|   4|0x00000000c0400000, 0x00000000c0500000, 0x00000000c0500000|100%| O|  |TAMS 0x00000000c0400000, 0x00000000c0400000| Untracked 
|   5|0x00000000c0500000, 0x00000000c0569600, 0x00000000c0600000| 41%| O|  |TAMS 0x00000000c0500000, 0x00000000c0500000| Untracked 
|   6|0x00000000c0600000, 0x00000000c0600000, 0x00000000c0700000|  0%| F|  |TAMS 0x00000000c0600000, 0x00000000c0600000| Untracked 
|   7|0x00000000c0700000, 0x00000000c0700000, 0x00000000c0800000|  0%| F|  |TAMS 0x00000000c0700000, 0x00000000c0700000| Untracked 
|   8|0x00000000c0800000, 0x00000000c0800000, 0x00000000c0900000|  0%| F|  |TAMS 0x00000000c0800000, 0x00000000c0800000| Untracked 
|   9|0x00000000c0900000, 0x00000000c0900000, 0x00000000c0a00000|  0%| F|  |TAMS 0x00000000c0900000, 0x00000000c0900000| Untracked 
|  10|0x00000000c0a00000, 0x00000000c0a00000, 0x00000000c0b00000|  0%| F|  |TAMS 0x00000000c0a00000, 0x00000000c0a00000| Untracked 
|  11|0x00000000c0b00000, 0x00000000c0b00000, 0x00000000c0c00000|  0%| F|  |TAMS 0x00000000c0b00000, 0x00000000c0b00000| Untracked 
|  12|0x00000000c0c00000, 0x00000000c0c00000, 0x00000000c0d00000|  0%| F|  |TAMS 0x00000000c0c00000, 0x00000000c0c00000| Untracked 
|  13|0x00000000c0d00000, 0x00000000c0d00000, 0x00000000c0e00000|  0%| F|  |TAMS 0x00000000c0d00000, 0x00000000c0d00000| Untracked 
|  14|0x00000000c0e00000, 0x00000000c0e00000, 0x00000000c0f00000|  0%| F|  |TAMS 0x00000000c0e00000, 0x00000000c0e00000| Untracked 
|  15|0x00000000c0f00000, 0x00000000c0f00000, 0x00000000c1000000|  0%| F|  |TAMS 0x00000000c0f00000, 0x00000000c0f00000| Untracked 
|  16|0x00000000c1000000, 0x00000000c1000000, 0x00000000c1100000|  0%| F|  |TAMS 0x00000000c1000000, 0x00000000c1000000| Untracked 
|  17|0x00000000c1100000, 0x00000000c1100000, 0x00000000c1200000|  0%| F|  |TAMS 0x00000000c1100000, 0x00000000c1100000| Untracked 
|  18|0x00000000c1200000, 0x00000000c1200000, 0x00000000c1300000|  0%| F|  |TAMS 0x00000000c1200000, 0x00000000c1200000| Untracked 
|  19|0x00000000c1300000, 0x00000000c1300000, 0x00000000c1400000|  0%| F|  |TAMS 0x00000000c1300000, 0x00000000c1300000| Untracked 
|  20|0x00000000c1400000, 0x00000000c1400000, 0x00000000c1500000|  0%| F|  |TAMS 0x00000000c1400000, 0x00000000c1400000| Untracked 
|  21|0x00000000c1500000, 0x00000000c1500000, 0x00000000c1600000|  0%| F|  |TAMS 0x00000000c1500000, 0x00000000c1500000| Untracked 
|  22|0x00000000c1600000, 0x00000000c1600000, 0x00000000c1700000|  0%| F|  |TAMS 0x00000000c1600000, 0x00000000c1600000| Untracked 
|  23|0x00000000c1700000, 0x00000000c1700000, 0x00000000c1800000|  0%| F|  |TAMS 0x00000000c1700000, 0x00000000c1700000| Untracked 
|  24|0x00000000c1800000, 0x00000000c1800000, 0x00000000c1900000|  0%| F|  |TAMS 0x00000000c1800000, 0x00000000c1800000| Untracked 
|  25|0x00000000c1900000, 0x00000000c1900000, 0x00000000c1a00000|  0%| F|  |TAMS 0x00000000c1900000, 0x00000000c1900000| Untracked 
|  26|0x00000000c1a00000, 0x00000000c1a00000, 0x00000000c1b00000|  0%| F|  |TAMS 0x00000000c1a00000, 0x00000000c1a00000| Untracked 
|  27|0x00000000c1b00000, 0x00000000c1b00000, 0x00000000c1c00000|  0%| F|  |TAMS 0x00000000c1b00000, 0x00000000c1b00000| Untracked 
|  28|0x00000000c1c00000, 0x00000000c1c00000, 0x00000000c1d00000|  0%| F|  |TAMS 0x00000000c1c00000, 0x00000000c1c00000| Untracked 
|  29|0x00000000c1d00000, 0x00000000c1d00000, 0x00000000c1e00000|  0%| F|  |TAMS 0x00000000c1d00000, 0x00000000c1d00000| Untracked 
|  30|0x00000000c1e00000, 0x00000000c1e00000, 0x00000000c1f00000|  0%| F|  |TAMS 0x00000000c1e00000, 0x00000000c1e00000| Untracked 
|  31|0x00000000c1f00000, 0x00000000c1f00000, 0x00000000c2000000|  0%| F|  |TAMS 0x00000000c1f00000, 0x00000000c1f00000| Untracked 
|  32|0x00000000c2000000, 0x00000000c2000000, 0x00000000c2100000|  0%| F|  |TAMS 0x00000000c2000000, 0x00000000c2000000| Untracked 
|  33|0x00000000c2100000, 0x00000000c2100000, 0x00000000c2200000|  0%| F|  |TAMS 0x00000000c2100000, 0x00000000c2100000| Untracked 
|  34|0x00000000c2200000, 0x00000000c2200000, 0x00000000c2300000|  0%| F|  |TAMS 0x00000000c2200000, 0x00000000c2200000| Untracked 
|  35|0x00000000c2300000, 0x00000000c2300000, 0x00000000c2400000|  0%| F|  |TAMS 0x00000000c2300000, 0x00000000c2300000| Untracked 
|  36|0x00000000c2400000, 0x00000000c2400000, 0x00000000c2500000|  0%| F|  |TAMS 0x00000000c2400000, 0x00000000c2400000| Untracked 
|  37|0x00000000c2500000, 0x00000000c2500000, 0x00000000c2600000|  0%| F|  |TAMS 0x00000000c2500000, 0x00000000c2500000| Untracked 
|  38|0x00000000c2600000, 0x00000000c2600000, 0x00000000c2700000|  0%| F|  |TAMS 0x00000000c2600000, 0x00000000c2600000| Untracked 
|  39|0x00000000c2700000, 0x00000000c2700000, 0x00000000c2800000|  0%| F|  |TAMS 0x00000000c2700000, 0x00000000c2700000| Untracked 
|  40|0x00000000c2800000, 0x00000000c2800000, 0x00000000c2900000|  0%| F|  |TAMS 0x00000000c2800000, 0x00000000c2800000| Untracked 
|  41|0x00000000c2900000, 0x00000000c2900000, 0x00000000c2a00000|  0%| F|  |TAMS 0x00000000c2900000, 0x00000000c2900000| Untracked 
|  42|0x00000000c2a00000, 0x00000000c2a00000, 0x00000000c2b00000|  0%| F|  |TAMS 0x00000000c2a00000, 0x00000000c2a00000| Untracked 
|  43|0x00000000c2b00000, 0x00000000c2b00000, 0x00000000c2c00000|  0%| F|  |TAMS 0x00000000c2b00000, 0x00000000c2b00000| Untracked 
|  44|0x00000000c2c00000, 0x00000000c2c00000, 0x00000000c2d00000|  0%| F|  |TAMS 0x00000000c2c00000, 0x00000000c2c00000| Untracked 
|  45|0x00000000c2d00000, 0x00000000c2d00000, 0x00000000c2e00000|  0%| F|  |TAMS 0x00000000c2d00000, 0x00000000c2d00000| Untracked 
|  46|0x00000000c2e00000, 0x00000000c2e00000, 0x00000000c2f00000|  0%| F|  |TAMS 0x00000000c2e00000, 0x00000000c2e00000| Untracked 
|  47|0x00000000c2f00000, 0x00000000c2f00000, 0x00000000c3000000|  0%| F|  |TAMS 0x00000000c2f00000, 0x00000000c2f00000| Untracked 
|  48|0x00000000c3000000, 0x00000000c3000000, 0x00000000c3100000|  0%| F|  |TAMS 0x00000000c3000000, 0x00000000c3000000| Untracked 
|  49|0x00000000c3100000, 0x00000000c3100000, 0x00000000c3200000|  0%| F|  |TAMS 0x00000000c3100000, 0x00000000c3100000| Untracked 
|  50|0x00000000c3200000, 0x00000000c3200000, 0x00000000c3300000|  0%| F|  |TAMS 0x00000000c3200000, 0x00000000c3200000| Untracked 
|  51|0x00000000c3300000, 0x00000000c3300000, 0x00000000c3400000|  0%| F|  |TAMS 0x00000000c3300000, 0x00000000c3300000| Untracked 
|  52|0x00000000c3400000, 0x00000000c3400000, 0x00000000c3500000|  0%| F|  |TAMS 0x00000000c3400000, 0x00000000c3400000| Untracked 
|  53|0x00000000c3500000, 0x00000000c3500000, 0x00000000c3600000|  0%| F|  |TAMS 0x00000000c3500000, 0x00000000c3500000| Untracked 
|  54|0x00000000c3600000, 0x00000000c3600000, 0x00000000c3700000|  0%| F|  |TAMS 0x00000000c3600000, 0x00000000c3600000| Untracked 
|  55|0x00000000c3700000, 0x00000000c3700000, 0x00000000c3800000|  0%| F|  |TAMS 0x00000000c3700000, 0x00000000c3700000| Untracked 
|  56|0x00000000c3800000, 0x00000000c3800000, 0x00000000c3900000|  0%| F|  |TAMS 0x00000000c3800000, 0x00000000c3800000| Untracked 
|  57|0x00000000c3900000, 0x00000000c3900000, 0x00000000c3a00000|  0%| F|  |TAMS 0x00000000c3900000, 0x00000000c3900000| Untracked 
|  58|0x00000000c3a00000, 0x00000000c3a00000, 0x00000000c3b00000|  0%| F|  |TAMS 0x00000000c3a00000, 0x00000000c3a00000| Untracked 
|  59|0x00000000c3b00000, 0x00000000c3b00000, 0x00000000c3c00000|  0%| F|  |TAMS 0x00000000c3b00000, 0x00000000c3b00000| Untracked 
|  60|0x00000000c3c00000, 0x00000000c3c00000, 0x00000000c3d00000|  0%| F|  |TAMS 0x00000000c3c00000, 0x00000000c3c00000| Untracked 
|  61|0x00000000c3d00000, 0x00000000c3d00000, 0x00000000c3e00000|  0%| F|  |TAMS 0x00000000c3d00000, 0x00000000c3d00000| Untracked 
|  62|0x00000000c3e00000, 0x00000000c3e00000, 0x00000000c3f00000|  0%| F|  |TAMS 0x00000000c3e00000, 0x00000000c3e00000| Untracked 
|  63|0x00000000c3f00000, 0x00000000c3f00000, 0x00000000c4000000|  0%| F|  |TAMS 0x00000000c3f00000, 0x00000000c3f00000| Untracked 
|  64|0x00000000c4000000, 0x00000000c4000000, 0x00000000c4100000|  0%| F|  |TAMS 0x00000000c4000000, 0x00000000c4000000| Untracked 
|  65|0x00000000c4100000, 0x00000000c4100000, 0x00000000c4200000|  0%| F|  |TAMS 0x00000000c4100000, 0x00000000c4100000| Untracked 
|  66|0x00000000c4200000, 0x00000000c4200000, 0x00000000c4300000|  0%| F|  |TAMS 0x00000000c4200000, 0x00000000c4200000| Untracked 
|  67|0x00000000c4300000, 0x00000000c4300000, 0x00000000c4400000|  0%| F|  |TAMS 0x00000000c4300000, 0x00000000c4300000| Untracked 
|  68|0x00000000c4400000, 0x00000000c4400000, 0x00000000c4500000|  0%| F|  |TAMS 0x00000000c4400000, 0x00000000c4400000| Untracked 
|  69|0x00000000c4500000, 0x00000000c4500000, 0x00000000c4600000|  0%| F|  |TAMS 0x00000000c4500000, 0x00000000c4500000| Untracked 
|  70|0x00000000c4600000, 0x00000000c4600000, 0x00000000c4700000|  0%| F|  |TAMS 0x00000000c4600000, 0x00000000c4600000| Untracked 
|  71|0x00000000c4700000, 0x00000000c4700000, 0x00000000c4800000|  0%| F|  |TAMS 0x00000000c4700000, 0x00000000c4700000| Untracked 
|  72|0x00000000c4800000, 0x00000000c4800000, 0x00000000c4900000|  0%| F|  |TAMS 0x00000000c4800000, 0x00000000c4800000| Untracked 
|  73|0x00000000c4900000, 0x00000000c4900000, 0x00000000c4a00000|  0%| F|  |TAMS 0x00000000c4900000, 0x00000000c4900000| Untracked 
|  74|0x00000000c4a00000, 0x00000000c4a00000, 0x00000000c4b00000|  0%| F|  |TAMS 0x00000000c4a00000, 0x00000000c4a00000| Untracked 
|  75|0x00000000c4b00000, 0x00000000c4b00000, 0x00000000c4c00000|  0%| F|  |TAMS 0x00000000c4b00000, 0x00000000c4b00000| Untracked 
|  76|0x00000000c4c00000, 0x00000000c4c00000, 0x00000000c4d00000|  0%| F|  |TAMS 0x00000000c4c00000, 0x00000000c4c00000| Untracked 
|  77|0x00000000c4d00000, 0x00000000c4d00000, 0x00000000c4e00000|  0%| F|  |TAMS 0x00000000c4d00000, 0x00000000c4d00000| Untracked 
|  78|0x00000000c4e00000, 0x00000000c4e00000, 0x00000000c4f00000|  0%| F|  |TAMS 0x00000000c4e00000, 0x00000000c4e00000| Untracked 
|  79|0x00000000c4f00000, 0x00000000c4f00000, 0x00000000c5000000|  0%| F|  |TAMS 0x00000000c4f00000, 0x00000000c4f00000| Untracked 
|  80|0x00000000c5000000, 0x00000000c5000000, 0x00000000c5100000|  0%| F|  |TAMS 0x00000000c5000000, 0x00000000c5000000| Untracked 
|  81|0x00000000c5100000, 0x00000000c5100000, 0x00000000c5200000|  0%| F|  |TAMS 0x00000000c5100000, 0x00000000c5100000| Untracked 
|  82|0x00000000c5200000, 0x00000000c5200000, 0x00000000c5300000|  0%| F|  |TAMS 0x00000000c5200000, 0x00000000c5200000| Untracked 
|  83|0x00000000c5300000, 0x00000000c5300000, 0x00000000c5400000|  0%| F|  |TAMS 0x00000000c5300000, 0x00000000c5300000| Untracked 
|  84|0x00000000c5400000, 0x00000000c5400000, 0x00000000c5500000|  0%| F|  |TAMS 0x00000000c5400000, 0x00000000c5400000| Untracked 
|  85|0x00000000c5500000, 0x00000000c5500000, 0x00000000c5600000|  0%| F|  |TAMS 0x00000000c5500000, 0x00000000c5500000| Untracked 
|  86|0x00000000c5600000, 0x00000000c5600000, 0x00000000c5700000|  0%| F|  |TAMS 0x00000000c5600000, 0x00000000c5600000| Untracked 
|  87|0x00000000c5700000, 0x00000000c5700000, 0x00000000c5800000|  0%| F|  |TAMS 0x00000000c5700000, 0x00000000c5700000| Untracked 
|  88|0x00000000c5800000, 0x00000000c5800000, 0x00000000c5900000|  0%| F|  |TAMS 0x00000000c5800000, 0x00000000c5800000| Untracked 
|  89|0x00000000c5900000, 0x00000000c5900000, 0x00000000c5a00000|  0%| F|  |TAMS 0x00000000c5900000, 0x00000000c5900000| Untracked 
|  90|0x00000000c5a00000, 0x00000000c5a00000, 0x00000000c5b00000|  0%| F|  |TAMS 0x00000000c5a00000, 0x00000000c5a00000| Untracked 
|  91|0x00000000c5b00000, 0x00000000c5b00000, 0x00000000c5c00000|  0%| F|  |TAMS 0x00000000c5b00000, 0x00000000c5b00000| Untracked 
|  92|0x00000000c5c00000, 0x00000000c5c00000, 0x00000000c5d00000|  0%| F|  |TAMS 0x00000000c5c00000, 0x00000000c5c00000| Untracked 
|  93|0x00000000c5d00000, 0x00000000c5d00000, 0x00000000c5e00000|  0%| F|  |TAMS 0x00000000c5d00000, 0x00000000c5d00000| Untracked 
|  94|0x00000000c5e00000, 0x00000000c5e00000, 0x00000000c5f00000|  0%| F|  |TAMS 0x00000000c5e00000, 0x00000000c5e00000| Untracked 
|  95|0x00000000c5f00000, 0x00000000c5f00000, 0x00000000c6000000|  0%| F|  |TAMS 0x00000000c5f00000, 0x00000000c5f00000| Untracked 
|  96|0x00000000c6000000, 0x00000000c6000000, 0x00000000c6100000|  0%| F|  |TAMS 0x00000000c6000000, 0x00000000c6000000| Untracked 
|  97|0x00000000c6100000, 0x00000000c6100000, 0x00000000c6200000|  0%| F|  |TAMS 0x00000000c6100000, 0x00000000c6100000| Untracked 
|  98|0x00000000c6200000, 0x00000000c6200000, 0x00000000c6300000|  0%| F|  |TAMS 0x00000000c6200000, 0x00000000c6200000| Untracked 
|  99|0x00000000c6300000, 0x00000000c6300000, 0x00000000c6400000|  0%| F|  |TAMS 0x00000000c6300000, 0x00000000c6300000| Untracked 
| 100|0x00000000c6400000, 0x00000000c6400000, 0x00000000c6500000|  0%| F|  |TAMS 0x00000000c6400000, 0x00000000c6400000| Untracked 
| 101|0x00000000c6500000, 0x00000000c6500000, 0x00000000c6600000|  0%| F|  |TAMS 0x00000000c6500000, 0x00000000c6500000| Untracked 
| 102|0x00000000c6600000, 0x00000000c6600000, 0x00000000c6700000|  0%| F|  |TAMS 0x00000000c6600000, 0x00000000c6600000| Untracked 
| 103|0x00000000c6700000, 0x00000000c6700000, 0x00000000c6800000|  0%| F|  |TAMS 0x00000000c6700000, 0x00000000c6700000| Untracked 
| 104|0x00000000c6800000, 0x00000000c6800000, 0x00000000c6900000|  0%| F|  |TAMS 0x00000000c6800000, 0x00000000c6800000| Untracked 
| 105|0x00000000c6900000, 0x00000000c6900000, 0x00000000c6a00000|  0%| F|  |TAMS 0x00000000c6900000, 0x00000000c6900000| Untracked 
| 106|0x00000000c6a00000, 0x00000000c6a00000, 0x00000000c6b00000|  0%| F|  |TAMS 0x00000000c6a00000, 0x00000000c6a00000| Untracked 
| 107|0x00000000c6b00000, 0x00000000c6b00000, 0x00000000c6c00000|  0%| F|  |TAMS 0x00000000c6b00000, 0x00000000c6b00000| Untracked 
| 108|0x00000000c6c00000, 0x00000000c6c00000, 0x00000000c6d00000|  0%| F|  |TAMS 0x00000000c6c00000, 0x00000000c6c00000| Untracked 
| 109|0x00000000c6d00000, 0x00000000c6d00000, 0x00000000c6e00000|  0%| F|  |TAMS 0x00000000c6d00000, 0x00000000c6d00000| Untracked 
| 110|0x00000000c6e00000, 0x00000000c6e00000, 0x00000000c6f00000|  0%| F|  |TAMS 0x00000000c6e00000, 0x00000000c6e00000| Untracked 
| 111|0x00000000c6f00000, 0x00000000c6f80800, 0x00000000c7000000| 50%| E|  |TAMS 0x00000000c6f00000, 0x00000000c6f00000| Complete 
| 112|0x00000000c7000000, 0x00000000c7100000, 0x00000000c7100000|100%| E|CS|TAMS 0x00000000c7000000, 0x00000000c7000000| Complete 
| 113|0x00000000c7100000, 0x00000000c7200000, 0x00000000c7200000|100%| E|CS|TAMS 0x00000000c7100000, 0x00000000c7100000| Complete 
| 114|0x00000000c7200000, 0x00000000c7300000, 0x00000000c7300000|100%| E|CS|TAMS 0x00000000c7200000, 0x00000000c7200000| Complete 
| 115|0x00000000c7300000, 0x00000000c7400000, 0x00000000c7400000|100%| E|CS|TAMS 0x00000000c7300000, 0x00000000c7300000| Complete 
| 116|0x00000000c7400000, 0x00000000c7500000, 0x00000000c7500000|100%| E|CS|TAMS 0x00000000c7400000, 0x00000000c7400000| Complete 
| 117|0x00000000c7500000, 0x00000000c7600000, 0x00000000c7600000|100%| E|CS|TAMS 0x00000000c7500000, 0x00000000c7500000| Complete 
| 118|0x00000000c7600000, 0x00000000c7700000, 0x00000000c7700000|100%| E|CS|TAMS 0x00000000c7600000, 0x00000000c7600000| Complete 
| 119|0x00000000c7700000, 0x00000000c7800000, 0x00000000c7800000|100%| E|CS|TAMS 0x00000000c7700000, 0x00000000c7700000| Complete 
| 120|0x00000000c7800000, 0x00000000c7900000, 0x00000000c7900000|100%| E|CS|TAMS 0x00000000c7800000, 0x00000000c7800000| Complete 
| 121|0x00000000c7900000, 0x00000000c7a00000, 0x00000000c7a00000|100%| E|CS|TAMS 0x00000000c7900000, 0x00000000c7900000| Complete 
| 122|0x00000000c7a00000, 0x00000000c7b00000, 0x00000000c7b00000|100%| E|CS|TAMS 0x00000000c7a00000, 0x00000000c7a00000| Complete 
| 123|0x00000000c7b00000, 0x00000000c7b92300, 0x00000000c7c00000| 57%| S|CS|TAMS 0x00000000c7b00000, 0x00000000c7b00000| Complete 
| 124|0x00000000c7c00000, 0x00000000c7d00000, 0x00000000c7d00000|100%| E|CS|TAMS 0x00000000c7c00000, 0x00000000c7c00000| Complete 
| 125|0x00000000c7d00000, 0x00000000c7e00000, 0x00000000c7e00000|100%| E|CS|TAMS 0x00000000c7d00000, 0x00000000c7d00000| Complete 
| 126|0x00000000c7e00000, 0x00000000c7f00000, 0x00000000c7f00000|100%| E|CS|TAMS 0x00000000c7e00000, 0x00000000c7e00000| Complete 
| 127|0x00000000c7f00000, 0x00000000c8000000, 0x00000000c8000000|100%| E|CS|TAMS 0x00000000c7f00000, 0x00000000c7f00000| Complete 

Card table byte_map: [0x00000124ebfa0000,0x00000124ec1a0000] _byte_map_base: 0x00000124eb9a0000

Marking Bits (Prev, Next): (CMBitMap*) 0x00000124d9136c40, (CMBitMap*) 0x00000124d9136c00
 Prev Bits: [0x00000124ed3a0000, 0x00000124ee3a0000)
 Next Bits: [0x00000124ec3a0000, 0x00000124ed3a0000)

Polling page: 0x00000124d88b0000

Metaspace:

Usage:
  Non-class:     21.92 MB used.
      Class:      2.65 MB used.
       Both:     24.57 MB used.

Virtual space:
  Non-class space:       24.00 MB reserved,      22.06 MB ( 92%) committed,  3 nodes.
      Class space:        1.00 GB reserved,       2.81 MB ( <1%) committed,  1 nodes.
             Both:        1.02 GB reserved,      24.88 MB (  2%) committed. 

Chunk freelists:
   Non-Class:  1.48 MB
       Class:  1.03 MB
        Both:  2.51 MB

MaxMetaspaceSize: unlimited
CompressedClassSpaceSize: 1.00 GB
Initial GC threshold: 21.00 MB
Current GC threshold: 35.12 MB
CDS: off
MetaspaceReclaimPolicy: balanced
 - commit_granule_bytes: 65536.
 - commit_granule_words: 8192.
 - virtual_space_node_default_size: 1048576.
 - enlarge_chunks_in_place: 1.
 - new_chunks_are_fully_committed: 0.
 - uncommit_free_chunks: 1.
 - use_allocation_guard: 0.
 - handle_deallocations: 1.


Internal statistics:

num_allocs_failed_limit: 3.
num_arena_births: 320.
num_arena_deaths: 22.
num_vsnodes_births: 4.
num_vsnodes_deaths: 0.
num_space_committed: 398.
num_space_uncommitted: 0.
num_chunks_returned_to_freelist: 36.
num_chunks_taken_from_freelist: 803.
num_chunk_merges: 2.
num_chunk_splits: 497.
num_chunks_enlarged: 323.
num_purges: 2.
num_inconsistent_stats: 0.

CodeHeap 'non-profiled nmethods': size=120000Kb used=692Kb max_used=692Kb free=119308Kb
 bounds [0x00000124e4320000, 0x00000124e4590000, 0x00000124eb850000]
CodeHeap 'profiled nmethods': size=120000Kb used=3627Kb max_used=3627Kb free=116372Kb
 bounds [0x00000124dc850000, 0x00000124dcbe0000, 0x00000124e3d80000]
CodeHeap 'non-nmethods': size=5760Kb used=1264Kb max_used=1267Kb free=4496Kb
 bounds [0x00000124e3d80000, 0x00000124e3ff0000, 0x00000124e4320000]
 total_blobs=2509 nmethods=1939 adapters=483
 compilation: enabled
              stopped_count=0, restarted_count=0
 full_count=0

Compilation events (20 events):
Event: 2.027 Thread 0x00000124f1c20800 1893       1       oracle.jdbc.OracleConnectionWrapper::getMonitorLock (5 bytes)
Event: 2.027 Thread 0x00000124f1c20800 nmethod 1893 0x00000124e43cb410 code [0x00000124e43cb5a0, 0x00000124e43cb678]
Event: 2.030 Thread 0x00000124f1c20800 1894       3       java.io.ObjectOutputStream$BlockDataOutputStream::writeUTF (11 bytes)
Event: 2.030 Thread 0x00000124f1c20800 nmethod 1894 0x00000124dcbc5810 code [0x00000124dcbc59c0, 0x00000124dcbc5b78]
Event: 2.031 Thread 0x00000124f1c20800 1895       3       java.io.ObjectInputStream::readLong (8 bytes)
Event: 2.031 Thread 0x00000124f1c20800 nmethod 1895 0x00000124dcbc5c90 code [0x00000124dcbc5e40, 0x00000124dcbc5fa8]
Event: 2.031 Thread 0x00000124f1c20800 1896       3       java.io.ObjectInputStream$BlockDataInputStream::readLong (76 bytes)
Event: 2.032 Thread 0x00000124f1c20800 nmethod 1896 0x00000124dcbc6090 code [0x00000124dcbc6260, 0x00000124dcbc6508]
Event: 2.032 Thread 0x00000124f1c20800 1897       3       java.io.ObjectInputStream$BlockDataInputStream::readShort (73 bytes)
Event: 2.032 Thread 0x00000124f1c20800 nmethod 1897 0x00000124dcbc6610 code [0x00000124dcbc67e0, 0x00000124dcbc6b18]
Event: 2.032 Thread 0x00000124f1c20800 1898       3       java.io.ObjectInputStream::readByte (8 bytes)
Event: 2.032 Thread 0x00000124f1c20800 nmethod 1898 0x00000124dcbc6c90 code [0x00000124dcbc6e60, 0x00000124dcbc70d8]
Event: 2.032 Thread 0x00000124f1c20800 1899       1       java.io.ObjectInputStream$FilterValues::depth (5 bytes)
Event: 2.032 Thread 0x00000124f1c20800 nmethod 1899 0x00000124e43cb710 code [0x00000124e43cb8a0, 0x00000124e43cb978]
Event: 2.032 Thread 0x00000124f1c20800 1900       1       java.io.ObjectInputStream$FilterValues::serialClass (5 bytes)
Event: 2.032 Thread 0x00000124f1c20800 nmethod 1900 0x00000124e43cba10 code [0x00000124e43cbba0, 0x00000124e43cbc78]
Event: 2.033 Thread 0x00000124f1c20800 1901       3       java.util.HashMap::<init> (98 bytes)
Event: 2.034 Thread 0x00000124f1c20800 nmethod 1901 0x00000124dcbc7210 code [0x00000124dcbc7560, 0x00000124dcbc8638]
Event: 2.034 Thread 0x00000124f1c20800 1902  s    3       java.io.BufferedOutputStream::flush (12 bytes)
Event: 2.034 Thread 0x00000124f1c20800 nmethod 1902 0x00000124dcbc8c10 code [0x00000124dcbc8de0, 0x00000124dcbc91d8]

GC Heap History (4 events):
Event: 1.264 GC heap before
{Heap before GC invocations=0 (full 0):
 garbage-first heap   total 131072K, used 22528K [0x00000000c0000000, 0x0000000100000000)
  region size 1024K, 23 young (23552K), 0 survivors (0K)
 Metaspace       used 19723K, committed 20032K, reserved 1073152K
  class space    used 2031K, committed 2176K, reserved 1048576K
}
Event: 1.275 GC heap after
{Heap after GC invocations=1 (full 0):
 garbage-first heap   total 131072K, used 5160K [0x00000000c0000000, 0x0000000100000000)
  region size 1024K, 3 young (3072K), 3 survivors (3072K)
 Metaspace       used 19723K, committed 20032K, reserved 1073152K
  class space    used 2031K, committed 2176K, reserved 1048576K
}
Event: 1.477 GC heap before
{Heap before GC invocations=1 (full 0):
 garbage-first heap   total 131072K, used 8232K [0x00000000c0000000, 0x0000000100000000)
  region size 1024K, 7 young (7168K), 3 survivors (3072K)
 Metaspace       used 21257K, committed 21504K, reserved 1073152K
  class space    used 2184K, committed 2304K, reserved 1048576K
}
Event: 1.481 GC heap after
{Heap after GC invocations=2 (full 0):
 garbage-first heap   total 131072K, used 6126K [0x00000000c0000000, 0x0000000100000000)
  region size 1024K, 1 young (1024K), 1 survivors (1024K)
 Metaspace       used 21257K, committed 21504K, reserved 1073152K
  class space    used 2184K, committed 2304K, reserved 1048576K
}

Dll operation events (1 events):
Event: 0.007 Loaded shared library C:\Program Files\JetBrains\IntelliJ IDEA 2023.1\jbr\bin\java.dll

Deoptimization events (20 events):
Event: 1.550 Thread 0x00000124f250a090 DEOPT PACKING pc=0x00000124e43ad1ac sp=0x0000001cc14fd440
Event: 1.550 Thread 0x00000124f250a090 DEOPT UNPACKING pc=0x00000124e3dda1a3 sp=0x0000001cc14fd3c8 mode 2
Event: 1.550 Thread 0x00000124f250a090 Uncommon trap: trap_request=0xffffffde fr.pc=0x00000124e43ad1ac relative=0x000000000000010c
Event: 1.550 Thread 0x00000124f250a090 Uncommon trap: reason=class_check action=maybe_recompile pc=0x00000124e43ad1ac method=jdk.internal.misc.Unsafe.allocateUninitializedArray(Ljava/lang/Class;I)Ljava/lang/Object; @ 51 c2
Event: 1.550 Thread 0x00000124f250a090 DEOPT PACKING pc=0x00000124e43ad1ac sp=0x0000001cc14fd440
Event: 1.550 Thread 0x00000124f250a090 DEOPT UNPACKING pc=0x00000124e3dda1a3 sp=0x0000001cc14fd3c8 mode 2
Event: 1.587 Thread 0x00000124f250a090 DEOPT PACKING pc=0x00000124dc926fbe sp=0x0000001cc14fda20
Event: 1.587 Thread 0x00000124f250a090 DEOPT UNPACKING pc=0x00000124e3ddace3 sp=0x0000001cc14fce98 mode 0
Event: 1.608 Thread 0x00000124f250a090 Uncommon trap: trap_request=0xffffff45 fr.pc=0x00000124e438cb60 relative=0x0000000000005380
Event: 1.608 Thread 0x00000124f250a090 Uncommon trap: reason=unstable_if action=reinterpret pc=0x00000124e438cb60 method=jdk.internal.org.objectweb.asm.Frame.execute(IILjdk/internal/org/objectweb/asm/Symbol;Ljdk/internal/org/objectweb/asm/SymbolTable;)V @ 1 c2
Event: 1.608 Thread 0x00000124f250a090 DEOPT PACKING pc=0x00000124e438cb60 sp=0x0000001cc14fd9e0
Event: 1.608 Thread 0x00000124f250a090 DEOPT UNPACKING pc=0x00000124e3dda1a3 sp=0x0000001cc14fd978 mode 2
Event: 1.618 Thread 0x00000124f250a090 DEOPT PACKING pc=0x00000124dc98803a sp=0x0000001cc14fddf0
Event: 1.618 Thread 0x00000124f250a090 DEOPT UNPACKING pc=0x00000124e3ddace3 sp=0x0000001cc14fd268 mode 0
Event: 1.619 Thread 0x00000124f250a090 DEOPT PACKING pc=0x00000124dc98803a sp=0x0000001cc14fddf0
Event: 1.619 Thread 0x00000124f250a090 DEOPT UNPACKING pc=0x00000124e3ddace3 sp=0x0000001cc14fd268 mode 0
Event: 1.714 Thread 0x00000124f250a090 Uncommon trap: trap_request=0xffffff45 fr.pc=0x00000124e4381e14 relative=0x0000000000000354
Event: 1.714 Thread 0x00000124f250a090 Uncommon trap: reason=unstable_if action=reinterpret pc=0x00000124e4381e14 method=java.lang.Integer.parseInt(Ljava/lang/String;I)I @ 119 c2
Event: 1.714 Thread 0x00000124f250a090 DEOPT PACKING pc=0x00000124e4381e14 sp=0x0000001cc14fe180
Event: 1.714 Thread 0x00000124f250a090 DEOPT UNPACKING pc=0x00000124e3dda1a3 sp=0x0000001cc14fe0e8 mode 2

Classes unloaded (11 events):
Event: 1.484 Thread 0x00000124f0ff7f70 Unloading class 0x000000010018a400 'jdk/internal/reflect/GeneratedSerializationConstructorAccessor14'
Event: 1.484 Thread 0x00000124f0ff7f70 Unloading class 0x0000000100189c00 'jdk/internal/reflect/GeneratedSerializationConstructorAccessor12'
Event: 1.484 Thread 0x00000124f0ff7f70 Unloading class 0x0000000100188800 'jdk/internal/reflect/GeneratedSerializationConstructorAccessor8'
Event: 1.484 Thread 0x00000124f0ff7f70 Unloading class 0x0000000100188400 'jdk/internal/reflect/GeneratedSerializationConstructorAccessor5'
Event: 1.484 Thread 0x00000124f0ff7f70 Unloading class 0x0000000100187400 'jdk/internal/reflect/GeneratedSerializationConstructorAccessor2'
Event: 1.484 Thread 0x00000124f0ff7f70 Unloading class 0x0000000100186400 'java/lang/invoke/LambdaForm$MH+0x0000000100186400'
Event: 1.484 Thread 0x00000124f0ff7f70 Unloading class 0x0000000100185c00 'java/lang/invoke/LambdaForm$MH+0x0000000100185c00'
Event: 1.484 Thread 0x00000124f0ff7f70 Unloading class 0x0000000100185000 'java/lang/invoke/LambdaForm$MH+0x0000000100185000'
Event: 1.484 Thread 0x00000124f0ff7f70 Unloading class 0x0000000100184800 'java/lang/invoke/LambdaForm$MH+0x0000000100184800'
Event: 1.484 Thread 0x00000124f0ff7f70 Unloading class 0x0000000100184000 'java/lang/invoke/LambdaForm$MH+0x0000000100184000'
Event: 1.484 Thread 0x00000124f0ff7f70 Unloading class 0x0000000100183c00 'java/lang/invoke/LambdaForm$MH+0x0000000100183c00'

Classes redefined (0 events):
No events

Internal exceptions (20 events):
Event: 0.466 Thread 0x00000124d90f8150 Exception <a 'java/lang/NoSuchMethodError'{0x00000000c766fa20}: 'java.lang.Object java.lang.invoke.DirectMethodHandle$Holder.invokeStaticInit(java.lang.Object, int, int, int, int)'> (0x00000000c766fa20) 
thrown [s\src\hotspot\share\interpreter\linkResolver.cpp, line 771]
Event: 0.516 Thread 0x00000124d90f8150 Exception <a 'java/lang/NoSuchMethodError'{0x00000000c7551478}: 'java.lang.Object java.lang.invoke.DirectMethodHandle$Holder.invokeStaticInit(java.lang.Object, java.lang.Object, int, int, int, int)'> (0x00000000c7551478) 
thrown [s\src\hotspot\share\interpreter\linkResolver.cpp, line 771]
Event: 0.601 Thread 0x00000124d90f8150 Exception <a 'java/lang/NoSuchMethodError'{0x00000000c74e7a60}: 'java.lang.Object java.lang.invoke.Invokers$Holder.linkToTargetMethod(java.lang.Object, long, java.lang.Object)'> (0x00000000c74e7a60) 
thrown [s\src\hotspot\share\interpreter\linkResolver.cpp, line 771]
Event: 0.653 Thread 0x00000124f24fedd0 Exception <a 'java/lang/NoSuchMethodError'{0x00000000c729b5a8}: static [B.<clinit>()V> (0x00000000c729b5a8) 
thrown [s\src\hotspot\share\prims\jni.cpp, line 1108]
Event: 0.653 Thread 0x00000124f250a090 Exception <a 'java/lang/NoSuchMethodError'{0x00000000c7103398}: static [B.<clinit>()V> (0x00000000c7103398) 
thrown [s\src\hotspot\share\prims\jni.cpp, line 1108]
Event: 0.984 Thread 0x00000124f250a090 Exception <a 'java/lang/NoSuchMethodError'{0x00000000c6d697e8}: 'int java.lang.invoke.DirectMethodHandle$Holder.invokeStaticInit(java.lang.Object, java.lang.Object, java.lang.Object, java.lang.Object)'> (0x00000000c6d697e8) 
thrown [s\src\hotspot\share\interpreter\linkResolver.cpp, line 771]
Event: 0.986 Thread 0x00000124f250a090 Exception <a 'java/lang/IncompatibleClassChangeError'{0x00000000c6d729c8}: Found class java.lang.Object, but interface was expected> (0x00000000c6d729c8) 
thrown [s\src\hotspot\share\interpreter\linkResolver.cpp, line 838]
Event: 0.987 Thread 0x00000124f250a090 Exception <a 'java/lang/NoSuchMethodError'{0x00000000c6d758c0}: 'void java.lang.invoke.DirectMethodHandle$Holder.invokeStaticInit(java.lang.Object, java.lang.Object)'> (0x00000000c6d758c0) 
thrown [s\src\hotspot\share\interpreter\linkResolver.cpp, line 771]
Event: 0.988 Thread 0x00000124f250a090 Exception <a 'java/lang/NoSuchMethodError'{0x00000000c6d7b680}: 'int java.lang.invoke.DirectMethodHandle$Holder.invokeStaticInit(java.lang.Object, java.lang.Object)'> (0x00000000c6d7b680) 
thrown [s\src\hotspot\share\interpreter\linkResolver.cpp, line 771]
Event: 1.002 Thread 0x00000124f250a090 Exception <a 'sun/nio/fs/WindowsException'{0x00000000c6da3fd8}> (0x00000000c6da3fd8) 
thrown [s\src\hotspot\share\prims\jni.cpp, line 517]
Event: 1.032 Thread 0x00000124f250a090 Exception <a 'java/lang/NoClassDefFoundError'{0x00000000c6c03d38}: oracle/dms/console/DMSConsole> (0x00000000c6c03d38) 
thrown [s\src\hotspot\share\classfile\systemDictionary.cpp, line 245]
Event: 1.032 Thread 0x00000124f250a090 Exception <a 'java/lang/reflect/InvocationTargetException'{0x00000000c6c042b0}> (0x00000000c6c042b0) 
thrown [s\src\hotspot\share\runtime\reflection.cpp, line 1127]
Event: 1.059 Thread 0x00000124f250a090 Exception <a 'java/lang/NoSuchMethodError'{0x00000000c6c4b6a8}: 'void java.lang.invoke.DirectMethodHandle$Holder.invokeSpecial(java.lang.Object, java.lang.Object, java.lang.Object)'> (0x00000000c6c4b6a8) 
thrown [s\src\hotspot\share\interpreter\linkResolver.cpp, line 771]
Event: 1.075 Thread 0x00000124f250a090 Exception <a 'java/lang/NoSuchMethodError'{0x00000000c6b2af30}: 'int java.lang.invoke.DirectMethodHandle$Holder.invokeSpecialIFC(java.lang.Object, java.lang.Object, java.lang.Object, java.lang.Object)'> (0x00000000c6b2af30) 
thrown [s\src\hotspot\share\interpreter\linkResolver.cpp, line 771]
Event: 1.191 Thread 0x00000124f250a090 Exception <a 'java/lang/NoSuchMethodError'{0x00000000c6a80368}: 'int java.lang.invoke.DirectMethodHandle$Holder.invokeSpecialIFC(java.lang.Object, java.lang.Object, java.lang.Object)'> (0x00000000c6a80368) 
thrown [s\src\hotspot\share\interpreter\linkResolver.cpp, line 771]
Event: 1.217 Thread 0x00000124f250a090 Exception <a 'java/lang/NoSuchMethodError'{0x00000000c6914148}: 'java.lang.Object java.lang.invoke.DirectMethodHandle$Holder.invokeVirtual(java.lang.Object, java.lang.Object, int)'> (0x00000000c6914148) 
thrown [s\src\hotspot\share\interpreter\linkResolver.cpp, line 771]
Event: 1.495 Thread 0x00000124f250a090 Implicit null exception at 0x00000124e43a00d3 to 0x00000124e43a0cbc
Event: 1.577 Thread 0x00000124f250a090 Exception <a 'java/lang/reflect/InvocationTargetException'{0x00000000c7dffd98}> (0x00000000c7dffd98) 
thrown [s\src\hotspot\share\runtime\reflection.cpp, line 1127]
Event: 1.580 Thread 0x00000124f250a090 Exception <a 'java/lang/NoSuchMethodError'{0x00000000c7c22698}: static [Ljava/lang/StackTraceElement;.<clinit>()V> (0x00000000c7c22698) 
thrown [s\src\hotspot\share\prims\jni.cpp, line 1108]
Event: 1.587 Thread 0x00000124f250a090 Exception <a 'java/lang/reflect/InvocationTargetException'{0x00000000c7c36520}> (0x00000000c7c36520) 
thrown [s\src\hotspot\share\runtime\reflection.cpp, line 1127]

VM Operations (20 events):
Event: 0.442 Executing VM operation: HandshakeAllThreads
Event: 0.442 Executing VM operation: HandshakeAllThreads done
Event: 0.854 Executing VM operation: ICBufferFull
Event: 0.854 Executing VM operation: ICBufferFull done
Event: 1.004 Executing VM operation: HandshakeAllThreads
Event: 1.004 Executing VM operation: HandshakeAllThreads done
Event: 1.016 Executing VM operation: HandshakeAllThreads
Event: 1.016 Executing VM operation: HandshakeAllThreads done
Event: 1.021 Executing VM operation: HandshakeAllThreads
Event: 1.021 Executing VM operation: HandshakeAllThreads done
Event: 1.264 Executing VM operation: G1CollectForAllocation
Event: 1.275 Executing VM operation: G1CollectForAllocation done
Event: 1.476 Executing VM operation: CollectForMetadataAllocation
Event: 1.481 Executing VM operation: CollectForMetadataAllocation done
Event: 1.484 Executing VM operation: G1Concurrent
Event: 1.486 Executing VM operation: G1Concurrent done
Event: 1.487 Executing VM operation: G1Concurrent
Event: 1.487 Executing VM operation: G1Concurrent done
Event: 1.732 Executing VM operation: HandshakeAllThreads
Event: 1.732 Executing VM operation: HandshakeAllThreads done

Events (20 events):
Event: 1.926 loading class java/time/temporal/TemporalQueries$2
Event: 1.926 loading class java/time/temporal/TemporalQueries$2 done
Event: 1.926 loading class java/time/temporal/TemporalQueries$3
Event: 1.926 loading class java/time/temporal/TemporalQueries$3 done
Event: 1.926 loading class java/time/temporal/TemporalQueries$4
Event: 1.926 loading class java/time/temporal/TemporalQueries$4 done
Event: 1.926 loading class java/time/temporal/TemporalQueries$5
Event: 1.927 loading class java/time/temporal/TemporalQueries$5 done
Event: 1.927 loading class java/time/temporal/TemporalQueries$6
Event: 1.927 loading class java/time/temporal/TemporalQueries$6 done
Event: 1.927 loading class java/time/temporal/TemporalQueries$7
Event: 1.927 loading class java/time/temporal/TemporalQueries$7 done
Event: 1.928 loading class java/time/OffsetDateTime
Event: 1.928 loading class java/time/OffsetDateTime done
Event: 1.929 loading class java/time/OffsetTime
Event: 1.929 loading class java/time/OffsetTime done
Event: 1.929 loading class java/time/ZonedDateTime
Event: 1.929 loading class java/time/chrono/ChronoZonedDateTime
Event: 1.930 loading class java/time/chrono/ChronoZonedDateTime done
Event: 1.930 loading class java/time/ZonedDateTime done


Dynamic libraries:
0x00007ff675820000 - 0x00007ff67582a000 	C:\Program Files\JetBrains\IntelliJ IDEA 2023.1\jbr\bin\java.exe
0x00007ffe33f30000 - 0x00007ffe34147000 	C:\Windows\SYSTEM32\ntdll.dll
0x00007ffe33580000 - 0x00007ffe33644000 	C:\Windows\System32\KERNEL32.DLL
0x00007ffe31380000 - 0x00007ffe31739000 	C:\Windows\System32\KERNELBASE.dll
0x00007ffe31260000 - 0x00007ffe31371000 	C:\Windows\System32\ucrtbase.dll
0x00007ffe301a0000 - 0x00007ffe301b7000 	C:\Program Files\JetBrains\IntelliJ IDEA 2023.1\jbr\bin\jli.dll
0x00007ffe1e910000 - 0x00007ffe1e92b000 	C:\Program Files\JetBrains\IntelliJ IDEA 2023.1\jbr\bin\VCRUNTIME140.dll
0x00007ffe33a30000 - 0x00007ffe33bde000 	C:\Windows\System32\USER32.dll
0x00007ffe30420000 - 0x00007ffe306b2000 	C:\Windows\WinSxS\amd64_microsoft.windows.common-controls_6595b64144ccf1df_6.0.22621.4391_none_2715d37f73803e96\COMCTL32.dll
0x00007ffe317b0000 - 0x00007ffe317d6000 	C:\Windows\System32\win32u.dll
0x00007ffe33d40000 - 0x00007ffe33d69000 	C:\Windows\System32\GDI32.dll
0x00007ffe33e40000 - 0x00007ffe33ee7000 	C:\Windows\System32\msvcrt.dll
0x00007ffe31ab0000 - 0x00007ffe31bcb000 	C:\Windows\System32\gdi32full.dll
0x00007ffe31950000 - 0x00007ffe319ea000 	C:\Windows\System32\msvcp_win.dll
0x00007ffe33d70000 - 0x00007ffe33da1000 	C:\Windows\System32\IMM32.DLL
0x00007ffe239f0000 - 0x00007ffe239fc000 	C:\Program Files\JetBrains\IntelliJ IDEA 2023.1\jbr\bin\vcruntime140_1.dll
0x00007ffe07000000 - 0x00007ffe0708d000 	C:\Program Files\JetBrains\IntelliJ IDEA 2023.1\jbr\bin\msvcp140.dll
0x00007ffdc1360000 - 0x00007ffdc1fcd000 	C:\Program Files\JetBrains\IntelliJ IDEA 2023.1\jbr\bin\server\jvm.dll
0x00007ffe32c40000 - 0x00007ffe32cf2000 	C:\Windows\System32\ADVAPI32.dll
0x00007ffe33870000 - 0x00007ffe33917000 	C:\Windows\System32\sechost.dll
0x00007ffe31230000 - 0x00007ffe31258000 	C:\Windows\System32\bcrypt.dll
0x00007ffe32b20000 - 0x00007ffe32c34000 	C:\Windows\System32\RPCRT4.dll
0x00007ffde7630000 - 0x00007ffde7639000 	C:\Windows\SYSTEM32\WSOCK32.dll
0x00007ffe26250000 - 0x00007ffe26284000 	C:\Windows\SYSTEM32\WINMM.dll
0x00007ffe2f0a0000 - 0x00007ffe2f0aa000 	C:\Windows\SYSTEM32\VERSION.dll
0x00007ffe329f0000 - 0x00007ffe32a61000 	C:\Windows\System32\WS2_32.dll
0x00007ffe2f310000 - 0x00007ffe2f328000 	C:\Windows\SYSTEM32\kernel.appcore.dll
0x00007ffe30250000 - 0x00007ffe3025a000 	C:\Program Files\JetBrains\IntelliJ IDEA 2023.1\jbr\bin\jimage.dll
0x00007ffe30aa0000 - 0x00007ffe30cd2000 	C:\Windows\SYSTEM32\DBGHELP.DLL
0x00007ffe32d60000 - 0x00007ffe330ef000 	C:\Windows\System32\combase.dll
0x00007ffe31c50000 - 0x00007ffe31d27000 	C:\Windows\System32\OLEAUT32.dll
0x00007ffe30990000 - 0x00007ffe309c2000 	C:\Windows\SYSTEM32\dbgcore.DLL
0x00007ffe31bd0000 - 0x00007ffe31c4b000 	C:\Windows\System32\bcryptPrimitives.dll
0x00007ffe23eb0000 - 0x00007ffe23ed5000 	C:\Program Files\JetBrains\IntelliJ IDEA 2023.1\jbr\bin\java.dll
0x00007ffe23e90000 - 0x00007ffe23ea8000 	C:\Program Files\JetBrains\IntelliJ IDEA 2023.1\jbr\bin\zip.dll
0x00007ffe31d80000 - 0x00007ffe325f6000 	C:\Windows\System32\SHELL32.dll
0x00007ffe2e140000 - 0x00007ffe2ea43000 	C:\Windows\SYSTEM32\windows.storage.dll
0x00007ffe2e000000 - 0x00007ffe2e13f000 	C:\Windows\SYSTEM32\wintypes.dll
0x00007ffe33be0000 - 0x00007ffe33cd9000 	C:\Windows\System32\SHCORE.dll
0x00007ffe33ce0000 - 0x00007ffe33d3e000 	C:\Windows\System32\shlwapi.dll
0x00007ffe31160000 - 0x00007ffe3118b000 	C:\Windows\SYSTEM32\profapi.dll
0x00007ffe23e00000 - 0x00007ffe23e19000 	C:\Program Files\JetBrains\IntelliJ IDEA 2023.1\jbr\bin\net.dll
0x00007ffe2bf20000 - 0x00007ffe2c056000 	C:\Windows\SYSTEM32\WINHTTP.dll
0x00007ffe2f740000 - 0x00007ffe2f7a9000 	C:\Windows\system32\mswsock.dll
0x00007ffe23d80000 - 0x00007ffe23d96000 	C:\Program Files\JetBrains\IntelliJ IDEA 2023.1\jbr\bin\nio.dll
0x00007ffe30230000 - 0x00007ffe30239000 	C:\Program Files\JetBrains\IntelliJ IDEA 2023.1\jbr\bin\management.dll
0x00007ffe30210000 - 0x00007ffe3021b000 	C:\Program Files\JetBrains\IntelliJ IDEA 2023.1\jbr\bin\management_ext.dll
0x00007ffe33a20000 - 0x00007ffe33a28000 	C:\Windows\System32\PSAPI.DLL
0x00007ffe2eb40000 - 0x00007ffe2eb6d000 	C:\Windows\SYSTEM32\IPHLPAPI.DLL
0x00007ffe33860000 - 0x00007ffe33869000 	C:\Windows\System32\NSI.dll
0x00007ffe2c250000 - 0x00007ffe2c269000 	C:\Windows\SYSTEM32\dhcpcsvc6.DLL
0x00007ffe2c120000 - 0x00007ffe2c13f000 	C:\Windows\SYSTEM32\dhcpcsvc.DLL
0x00007ffe2eba0000 - 0x00007ffe2eca2000 	C:\Windows\SYSTEM32\DNSAPI.dll
0x00007ffe30de0000 - 0x00007ffe30dfb000 	C:\Windows\SYSTEM32\CRYPTSP.dll
0x00007ffe2f270000 - 0x00007ffe2f2a5000 	C:\Windows\system32\rsaenh.dll
0x00007ffe2f7e0000 - 0x00007ffe2f808000 	C:\Windows\SYSTEM32\USERENV.dll
0x00007ffe2fa70000 - 0x00007ffe2fa7c000 	C:\Windows\SYSTEM32\CRYPTBASE.dll
0x00007ffe23f50000 - 0x00007ffe23f57000 	C:\Program Files\JetBrains\IntelliJ IDEA 2023.1\jbr\bin\rmi.dll
0x00007ffe2baa0000 - 0x00007ffe2baae000 	C:\Program Files\JetBrains\IntelliJ IDEA 2023.1\jbr\bin\sunmscapi.dll
0x00007ffe317e0000 - 0x00007ffe31946000 	C:\Windows\System32\CRYPT32.dll
0x00007ffe303f0000 - 0x00007ffe3041d000 	C:\Windows\SYSTEM32\ncrypt.dll
0x00007ffe303b0000 - 0x00007ffe303e7000 	C:\Windows\SYSTEM32\NTASN1.dll
0x00007ffe27530000 - 0x00007ffe27547000 	C:\Windows\system32\napinsp.dll
0x00007ffe27550000 - 0x00007ffe2756b000 	C:\Windows\system32\pnrpnsp.dll
0x00007ffe27570000 - 0x00007ffe27581000 	C:\Windows\System32\winrnr.dll
0x00007ffe27590000 - 0x00007ffe275a5000 	C:\Windows\system32\wshbth.dll
0x00007ffe284d0000 - 0x00007ffe284f7000 	C:\Windows\system32\nlansp_c.dll
0x00007ffe29f40000 - 0x00007ffe29f4a000 	C:\Windows\System32\rasadhlp.dll
0x00007ffe2c450000 - 0x00007ffe2c4d3000 	C:\Windows\System32\fwpuclnt.dll

dbghelp: loaded successfully - version: 4.0.5 - missing functions: none
symbol engine: initialized successfully - sym options: 0x614 - pdb path: .;C:\Program Files\JetBrains\IntelliJ IDEA 2023.1\jbr\bin;C:\Windows\SYSTEM32;C:\Windows\WinSxS\amd64_microsoft.windows.common-controls_6595b64144ccf1df_6.0.22621.4391_none_2715d37f73803e96;C:\Program Files\JetBrains\IntelliJ IDEA 2023.1\jbr\bin\server

VM Arguments:
jvm_args: -Djava.rmi.server.hostname=127.0.0.1 -Duser.timezone=UTC -Xmx1024m -Xms128m --add-exports=java.desktop/sun.awt=ALL-UNNAMED --add-exports=java.desktop/java.awt.peer=ALL-UNNAMED --add-opens=java.desktop/java.awt=ALL-UNNAMED --add-opens=jdk.unsupported/sun.misc=ALL-UNNAMED --add-opens=java.base/java.nio=ALL-UNNAMED --add-opens=java.base/java.util=ALL-UNNAMED -Dfile.encoding=UTF-8 
java_command: com.intellij.database.remote.RemoteJdbcServer oracle.jdbc.OracleDriver
java_class_path (initial): C:\Program Files\JetBrains\IntelliJ IDEA 2023.1\lib\util_rt.jar;C:\Program Files\JetBrains\IntelliJ IDEA 2023.1\lib\util-8.jar;C:\Program Files\JetBrains\IntelliJ IDEA 2023.1\lib\groovy.jar;C:\Program Files\JetBrains\IntelliJ IDEA 2023.1\plugins\DatabaseTools\lib\jdbc-console.jar;C:\Program Files\JetBrains\IntelliJ IDEA 2023.1\plugins\grid-core-impl\lib\jdbc-console-types.jar;C:\Program Files\JetBrains\IntelliJ IDEA 2023.1\lib\util.jar;C:\Users\E.Falaki\AppData\Roaming\JetBrains\IntelliJIdea2023.1\jdbc-drivers\Oracle\21.5.0.0\com\oracle\database\jdbc\ojdbc11\21.5.0.0\ojdbc11-21.5.0.0.jar;C:\Users\E.Falaki\AppData\Roaming\JetBrains\IntelliJIdea2023.1\jdbc-drivers\Oracle\21.5.0.0\com\oracle\database\jdbc\ucp\21.5.0.0\ucp-21.5.0.0.jar;C:\Users\E.Falaki\AppData\Roaming\JetBrains\IntelliJIdea2023.1\jdbc-drivers\Oracle\21.5.0.0\com\oracle\database\jdbc\rsi\21.5.0.0\rsi-21.5.0.0.jar;C:\Users\E.Falaki\AppData\Roaming\JetBrains\IntelliJIdea2023.1\jdbc-drivers\Oracle\21.5.0.0\com\oracle\database\security\osdt_core\21.5.0.0\osdt_core-21.5.0.0.jar;C:\Users\E.Falaki\AppData\Roaming\JetBrains\IntelliJIdea2023.1\jdbc-drivers\Oracle\21.5.0.0\com\oracle\database\security\osdt_cert\21.5.0.0\osdt_cert-21.5.0.0.jar;C:\Users\E.Falaki\AppData\Roaming\JetBrains\IntelliJIdea2023.1\jdbc-drivers\Oracle\21.5.0.0\com\oracle\database\security\oraclepki\21.5.0.0\oraclepki-21.5.0.0.jar;C:\Users\E.Falaki\AppData\Roaming\JetBrains\IntelliJIdea2023.1\jdbc-drivers\Oracle\21.5.0.0\com\oracle\database\xml\xmlparserv2\21.5.0.0\xmlparserv2-21.5.0.0.jar;C:\Users\E.Falaki\AppData\Roaming\JetBrains\IntelliJIdea2023.1\jdbc-drivers\Oracle\21.5.0.0\com\oracle\database\xml\xdb\21.5.0.0\xdb-21.5.0.0.jar;C:\Users\E.Falaki\AppData\Roaming\JetBrains\IntelliJIdea2023.1\jdbc-drivers\Oracle\21.5.0.0\com\oracle\database\nls\orai18n\21.5.0.0\orai18n-21.5.0.0.jar
Launcher Type: SUN_STANDARD

[Global flags]
     intx CICompilerCount                          = 4                                         {product} {ergonomic}
     uint ConcGCThreads                            = 3                                         {product} {ergonomic}
     uint G1ConcRefinementThreads                  = 10                                        {product} {ergonomic}
   size_t G1HeapRegionSize                         = 1048576                                   {product} {ergonomic}
    uintx GCDrainStackTargetSize                   = 64                                        {product} {ergonomic}
   size_t InitialHeapSize                          = 134217728                                 {product} {command line}
   size_t MarkStackSize                            = 4194304                                   {product} {ergonomic}
   size_t MaxHeapSize                              = 1073741824                                {product} {command line}
   size_t MaxNewSize                               = 643825664                                 {product} {ergonomic}
   size_t MinHeapDeltaBytes                        = 1048576                                   {product} {ergonomic}
   size_t MinHeapSize                              = 134217728                                 {product} {command line}
    uintx NonNMethodCodeHeapSize                   = 5839372                                {pd product} {ergonomic}
    uintx NonProfiledCodeHeapSize                  = 122909434                              {pd product} {ergonomic}
    uintx ProfiledCodeHeapSize                     = 122909434                              {pd product} {ergonomic}
    uintx ReservedCodeCacheSize                    = 251658240                              {pd product} {ergonomic}
     bool SegmentedCodeCache                       = true                                      {product} {ergonomic}
   size_t SoftMaxHeapSize                          = 1073741824                             {manageable} {ergonomic}
     bool UseCompressedClassPointers               = true                           {product lp64_product} {ergonomic}
     bool UseCompressedOops                        = true                           {product lp64_product} {ergonomic}
     bool UseG1GC                                  = true                                      {product} {ergonomic}
     bool UseLargePagesIndividualAllocation        = false                                  {pd product} {ergonomic}

Logging:
Log output configuration:
 #0: stdout all=warning uptime,level,tags
 #1: stderr all=off uptime,level,tags

Environment Variables:
JAVA_HOME=C:\Program Files\Java\jdk-17.0.1
PATH=C:\Program Files\Java\jdk-17.0.1\bin;C:\Program Files\Common Files\Oracle\Java\javapath;C:\Windows\system32;C:\Windows;C:\Windows\System32\Wbem;C:\Windows\System32\WindowsPowerShell\v1.0\;C:\Windows\System32\OpenSSH\;C:\Program Files (x86)\Sennheiser\SenncomSDK\;C:\Program Files\Git\cmd;C:\apache-maven-3.9.9\bin;C:\Program Files\MySQL\MySQL Shell 8.0\bin\;C:\Users\E.Falaki\AppData\Local\Microsoft\WindowsApps;
USERNAME=e.falaki
OS=Windows_NT
PROCESSOR_IDENTIFIER=Intel64 Family 6 Model 167 Stepping 1, GenuineIntel
TMP=C:\Users\EA0A2~1.FAL\AppData\Local\Temp
TEMP=C:\Users\EA0A2~1.FAL\AppData\Local\Temp



---------------  S Y S T E M  ---------------

OS:
 Windows 11 , 64 bit Build 22621 (10.0.22621.4391)
OS uptime: 1 days 2:38 hours
Hyper-V role detected

CPU: total 12 (initial active 12) (6 cores per cpu, 2 threads per core) family 6 model 167 stepping 1 microcode 0x59, cx8, cmov, fxsr, ht, mmx, 3dnowpref, sse, sse2, sse3, ssse3, sse4.1, sse4.2, popcnt, lzcnt, tsc, tscinvbit, avx, avx2, aes, erms, clmul, bmi1, bmi2, adx, avx512f, avx512dq, avx512cd, avx512bw, avx512vl, sha, fma, vzeroupper, avx512_vpopcntdq, avx512_vpclmulqdq, avx512_vaes, avx512_vnni, clflush, clflushopt, avx512_vbmi2, avx512_vbmi, hv

Memory: 4k page, system-wide physical 16220M (8728M free)
TotalPageFile size 18652M (AvailPageFile size 8407M)
current process WorkingSet (physical memory assigned to process): 121M, peak: 121M
current process commit charge ("private bytes"): 255M, peak: 255M

vm_info: OpenJDK 64-Bit Server VM (17.0.6+10-b829.5) for windows-amd64 JRE (17.0.6+10-b829.5), built on 2023-02-24 by "builduser" with MS VC++ 16.10 / 16.11 (VS2019)

END.
